<?xml version="1.0" encoding="utf-8"?><testsuites name="pytest tests"><testsuite name="pytest" errors="0" failures="0" skipped="0" tests="75" time="50.106" timestamp="2026-06-25T05:26:29.903800+00:00" hostname="agent-env-fde111ca-c1ab-418e-9b25-fd4bafb6c4d9"><testcase classname="backend.tests.test_iter6.TestMediaCompressionAndThumb" name="test_upload_image_is_compressed" time="0.883" /><testcase classname="backend.tests.test_iter6.TestMediaCompressionAndThumb" name="test_thumb_endpoint_returns_jpeg" time="0.102" /><testcase classname="backend.tests.test_iter6.TestMediaCompressionAndThumb" name="test_thumb_for_non_existent_media" time="0.090" /><testcase classname="backend.tests.test_iter6.TestMediaReplace" name="test_replace_preserves_id" time="1.263" /><testcase classname="backend.tests.test_iter6.TestMediaReplace" name="test_replace_forbidden_for_other_user" time="0.644" /><testcase classname="backend.tests.test_iter6.TestMediaReorderAndFeature" name="test_reorder_persists" time="0.597" /><testcase classname="backend.tests.test_iter6.TestMediaReorderAndFeature" name="test_set_featured_toggle" time="0.591" /><testcase classname="backend.tests.test_iter6.TestPublicGalleryThumbs" name="test_featured_includes_gallery_thumbs" time="0.099" /><testcase classname="backend.tests.test_iter6.TestPublicGalleryThumbs" name="test_search_includes_gallery_thumbs" time="0.101" /><testcase classname="backend.tests.test_iter6.TestMediaSizeLimit" name="test_oversize_rejected_413" time="0.786" /><testcase classname="backend.tests.test_iter6.TestMediaSizeLimit" name="test_invalid_data_url_rejected" time="0.109" /><testcase classname="backend.tests.backend_test.TestAuth" name="test_root" time="0.099" /><testcase classname="backend.tests.backend_test.TestAuth" name="test_login_admin" time="0.312" /><testcase classname="backend.tests.backend_test.TestAuth" name="test_login_artist_seeded" time="0.315" /><testcase classname="backend.tests.backend_test.TestAuth" name="test_login_invalid" time="0.315" /><testcase classname="backend.tests.backend_test.TestAuth" name="test_register_and_me" time="1.693" /><testcase classname="backend.tests.backend_test.TestAuth" name="test_me_requires_token" time="0.096" /><testcase classname="backend.tests.backend_test.TestAuth" name="test_register_duplicate" time="0.093" /><testcase classname="backend.tests.backend_test.TestEmailOTP" name="test_auth_config_email_disabled" time="0.091" /><testcase classname="backend.tests.backend_test.TestEmailOTP" name="test_email_send_mock_returns_test_otp" time="0.111" /><testcase classname="backend.tests.backend_test.TestEmailOTP" name="test_email_send_cooldown_429" time="0.195" /><testcase classname="backend.tests.backend_test.TestEmailOTP" name="test_email_verify_wrong_code_returns_400" time="0.199" /><testcase classname="backend.tests.backend_test.TestEmailOTP" name="test_email_verify_no_send_returns_400" time="0.104" /><testcase classname="backend.tests.backend_test.TestEmailOTP" name="test_email_verify_success_then_register" time="0.512" /><testcase classname="backend.tests.backend_test.TestEmailOTP" name="test_register_without_email_verify_blocked" time="0.095" /><testcase classname="backend.tests.backend_test.TestArtists" name="test_search_basic" time="0.134" /><testcase classname="backend.tests.backend_test.TestArtists" name="test_search_with_filters" time="0.093" /><testcase classname="backend.tests.backend_test.TestArtists" name="test_featured" time="0.161" /><testcase classname="backend.tests.backend_test.TestArtists" name="test_priya_profile" time="0.479" /><testcase classname="backend.tests.backend_test.TestArtists" name="test_categories_cities" time="0.203" /><testcase classname="backend.tests.backend_test.TestPackages" name="test_mine_and_crud" time="0.414" /><testcase classname="backend.tests.backend_test.TestBookingFlow" name="test_booking_pricing_breakdown" time="0.230" /><testcase classname="backend.tests.backend_test.TestBookingFlow" name="test_payment_init_and_verify" time="0.190" /><testcase classname="backend.tests.backend_test.TestBookingFlow" name="test_payment_wrong_otp" time="0.191" /><testcase classname="backend.tests.backend_test.TestBookingFlow" name="test_artist_accept_creates_contract" time="0.199" /><testcase classname="backend.tests.backend_test.TestBookingFlow" name="test_artist_complete_then_customer_approve" time="0.394" /><testcase classname="backend.tests.backend_test.TestBookingFlow" name="test_unauth_action_forbidden" time="0.123" /><testcase classname="backend.tests.backend_test.TestReviews" name="test_create_and_list_review" time="0.303" /><testcase classname="backend.tests.backend_test.TestWallet" name="test_wallet_balance_and_tx" time="0.192" /><testcase classname="backend.tests.backend_test.TestWallet" name="test_withdraw" time="0.288" /><testcase classname="backend.tests.backend_test.TestMedia" name="test_upload_get_delete" time="0.448" /><testcase classname="backend.tests.backend_test.TestAvailability" name="test_block_and_booking_rejected" time="0.418" /><testcase classname="backend.tests.backend_test.TestAdmin" name="test_stats_admin_only" time="0.517" /><testcase classname="backend.tests.backend_test.TestAdmin" name="test_admin_lists" time="0.412" /><testcase classname="backend.tests.backend_test.TestAdmin" name="test_create_coupon" time="5.360" /><testcase classname="backend.tests.backend_test.TestKYC" name="test_submit" time="0.245" /><testcase classname="backend.tests.backend_test.TestPaymentsConfig" name="test_payment_config_public" time="0.092" /><testcase classname="backend.tests.backend_test.TestPaymentInitGateway" name="test_init_returns_razorpay_mock" time="0.442" /><testcase classname="backend.tests.backend_test.TestContractsAndInvoicePDF" name="test_contract_list_and_pdf" time="0.309" /><testcase classname="backend.tests.backend_test.TestContractsAndInvoicePDF" name="test_contract_pdf_forbidden_for_stranger" time="1.119" /><testcase classname="backend.tests.backend_test.TestContractsAndInvoicePDF" name="test_invoice_pdf" time="0.113" /><testcase classname="backend.tests.backend_test.TestContractsAndInvoicePDF" name="test_invoice_pdf_forbidden" time="0.600" /><testcase classname="backend.tests.backend_test.TestRefund" name="test_refund_admin_only" time="0.837" /><testcase classname="backend.tests.backend_test.TestWebhook" name="test_webhook_disabled_when_no_keys" time="0.092" /><testcase classname="backend.tests.test_iter4.TestOnboarding" name="test_onboarding_required_for_fresh_artist" time="0.622" /><testcase classname="backend.tests.test_iter4.TestOnboarding" name="test_onboarding_not_required_for_customer" time="0.626" /><testcase classname="backend.tests.test_iter4.TestOnboarding" name="test_onboarding_complete_flips_completed" time="0.221" /><testcase classname="backend.tests.test_iter4.TestOnboarding" name="test_onboarding_complete_forbidden_for_customer" time="0.088" /><testcase classname="backend.tests.test_iter4.TestProfileFields" name="test_new_profile_fields_persist" time="0.561" /><testcase classname="backend.tests.test_iter4.TestProfileFields" name="test_new_profile_fields_persist_on_fresh_artist" time="0.190" /><testcase classname="backend.tests.test_iter4.TestMediaUpload" name="test_new_media_types_accepted[audio]" time="0.096" /><testcase classname="backend.tests.test_iter4.TestMediaUpload" name="test_new_media_types_accepted[document]" time="0.104" /><testcase classname="backend.tests.test_iter4.TestMediaUpload" name="test_new_media_types_accepted[press_kit]" time="0.092" /><testcase classname="backend.tests.test_iter4.TestMediaUpload" name="test_new_media_types_accepted[brand_deck]" time="0.095" /><testcase classname="backend.tests.test_iter4.TestMediaUpload" name="test_new_media_types_accepted[clip]" time="0.089" /><testcase classname="backend.tests.test_iter4.TestMediaUpload" name="test_5mb_file_succeeds" time="0.406" /><testcase classname="backend.tests.test_iter4.TestMediaUpload" name="test_15mb_file_rejected_with_413" time="0.744" /><testcase classname="backend.tests.test_iter4.TestAcceptSideEffects" name="test_status_confirmed" time="0.436" /><testcase classname="backend.tests.test_iter4.TestAcceptSideEffects" name="test_contract_created" time="0.096" /><testcase classname="backend.tests.test_iter4.TestAcceptSideEffects" name="test_event_date_auto_blocked" time="0.097" /><testcase classname="backend.tests.test_iter4.TestBookingAlternatives" name="test_unavailable_date_returns_400_and_alternatives" time="0.099" /><testcase classname="backend.tests.test_iter4.TestCounterFlow" name="test_artist_counter_action_updates_pricing" time="20.014" /><testcase classname="backend.tests.test_iter4.TestCounterFlow" name="test_customer_accepts_counter" time="0.293" /><testcase classname="backend.tests.test_iter4.TestCounterFlow" name="test_customer_rejects_counter_reverts_price" time="0.390" /><testcase classname="backend.tests.test_iter4.TestSignedContractUpload" name="test_upload_signed_by_both_flips_status" time="0.476" /></testsuite></testsuites>