<?xml version="1.0" encoding="utf-8"?><testsuites name="pytest tests"><testsuite name="pytest" errors="0" failures="0" skipped="1" tests="105" time="17.259" timestamp="2026-06-25T05:49:35.776050+00:00" hostname="agent-env-fde111ca-c1ab-418e-9b25-fd4bafb6c4d9"><testcase classname="backend.tests.backend_test.TestAuth" name="test_root" time="0.003" /><testcase classname="backend.tests.backend_test.TestAuth" name="test_login_admin" time="0.228" /><testcase classname="backend.tests.backend_test.TestAuth" name="test_login_artist_seeded" time="0.231" /><testcase classname="backend.tests.backend_test.TestAuth" name="test_login_invalid" time="0.227" /><testcase classname="backend.tests.backend_test.TestAuth" name="test_register_and_me" time="0.236" /><testcase classname="backend.tests.backend_test.TestAuth" name="test_me_requires_token" time="0.001" /><testcase classname="backend.tests.backend_test.TestAuth" name="test_register_duplicate" time="0.002" /><testcase classname="backend.tests.backend_test.TestEmailOTP" name="test_auth_config_email_disabled" time="0.001" /><testcase classname="backend.tests.backend_test.TestEmailOTP" name="test_email_send_mock_returns_test_otp" time="0.002" /><testcase classname="backend.tests.backend_test.TestEmailOTP" name="test_email_send_cooldown_429" time="0.004" /><testcase classname="backend.tests.backend_test.TestEmailOTP" name="test_email_verify_wrong_code_returns_400" time="0.004" /><testcase classname="backend.tests.backend_test.TestEmailOTP" name="test_email_verify_no_send_returns_400" time="0.002" /><testcase classname="backend.tests.backend_test.TestEmailOTP" name="test_email_verify_success_then_register" time="0.235" /><testcase classname="backend.tests.backend_test.TestEmailOTP" name="test_register_without_email_verify_blocked" time="0.003" /><testcase classname="backend.tests.backend_test.TestArtists" name="test_search_basic" time="0.011" /><testcase classname="backend.tests.backend_test.TestArtists" name="test_search_with_filters" time="0.008" /><testcase classname="backend.tests.backend_test.TestArtists" name="test_featured" time="0.009" /><testcase classname="backend.tests.backend_test.TestArtists" name="test_priya_profile" time="0.235" /><testcase classname="backend.tests.backend_test.TestArtists" name="test_categories_cities" time="0.003" /><testcase classname="backend.tests.backend_test.TestPackages" name="test_mine_and_crud" time="0.008" /><testcase classname="backend.tests.backend_test.TestBookingFlow" name="test_booking_pricing_breakdown" time="0.009" /><testcase classname="backend.tests.backend_test.TestBookingFlow" name="test_payment_init_and_verify" time="0.006" /><testcase classname="backend.tests.backend_test.TestBookingFlow" name="test_payment_wrong_otp" time="0.004" /><testcase classname="backend.tests.backend_test.TestBookingFlow" name="test_artist_accept_creates_contract" time="0.010" /><testcase classname="backend.tests.backend_test.TestBookingFlow" name="test_artist_complete_then_customer_approve" time="0.012" /><testcase classname="backend.tests.backend_test.TestBookingFlow" name="test_unauth_action_forbidden" time="0.001" /><testcase classname="backend.tests.backend_test.TestReviews" name="test_create_and_list_review" time="0.007" /><testcase classname="backend.tests.backend_test.TestWallet" name="test_wallet_balance_and_tx" time="0.004" /><testcase classname="backend.tests.backend_test.TestWallet" name="test_withdraw" time="0.006" /><testcase classname="backend.tests.backend_test.TestMedia" name="test_upload_get_delete" time="0.017" /><testcase classname="backend.tests.backend_test.TestAvailability" name="test_block_and_booking_rejected" time="0.011" /><testcase classname="backend.tests.backend_test.TestAdmin" name="test_stats_admin_only" time="0.240" /><testcase classname="backend.tests.backend_test.TestAdmin" name="test_admin_lists" time="0.017" /><testcase classname="backend.tests.backend_test.TestAdmin" name="test_create_coupon" time="0.004" /><testcase classname="backend.tests.backend_test.TestKYC" name="test_submit" time="0.005" /><testcase classname="backend.tests.backend_test.TestPaymentsConfig" name="test_payment_config_public" time="0.001" /><testcase classname="backend.tests.backend_test.TestPaymentInitGateway" name="test_init_returns_razorpay_mock" time="0.012" /><testcase classname="backend.tests.backend_test.TestContractsAndInvoicePDF" name="test_contract_list_and_pdf" time="0.043" /><testcase classname="backend.tests.backend_test.TestContractsAndInvoicePDF" name="test_contract_pdf_forbidden_for_stranger" time="0.474" /><testcase classname="backend.tests.backend_test.TestContractsAndInvoicePDF" name="test_invoice_pdf" time="0.010" /><testcase classname="backend.tests.backend_test.TestContractsAndInvoicePDF" name="test_invoice_pdf_forbidden" time="0.238" /><testcase classname="backend.tests.backend_test.TestRefund" name="test_refund_admin_only" time="0.022" /><testcase classname="backend.tests.backend_test.TestWebhook" name="test_webhook_disabled_when_no_keys" time="0.002" /><testcase classname="backend.tests.test_iter4.TestOnboarding" name="test_onboarding_required_for_fresh_artist" time="0.238" /><testcase classname="backend.tests.test_iter4.TestOnboarding" name="test_onboarding_not_required_for_customer" time="0.234" /><testcase classname="backend.tests.test_iter4.TestOnboarding" name="test_onboarding_complete_flips_completed" time="0.006" /><testcase classname="backend.tests.test_iter4.TestOnboarding" name="test_onboarding_complete_forbidden_for_customer" time="0.002" /><testcase classname="backend.tests.test_iter4.TestProfileFields" name="test_new_profile_fields_persist" time="0.236" /><testcase classname="backend.tests.test_iter4.TestProfileFields" name="test_new_profile_fields_persist_on_fresh_artist" time="0.005" /><testcase classname="backend.tests.test_iter4.TestMediaUpload" name="test_new_media_types_accepted[audio]" time="0.004" /><testcase classname="backend.tests.test_iter4.TestMediaUpload" name="test_new_media_types_accepted[document]" time="0.004" /><testcase classname="backend.tests.test_iter4.TestMediaUpload" name="test_new_media_types_accepted[press_kit]" time="0.004" /><testcase classname="backend.tests.test_iter4.TestMediaUpload" name="test_new_media_types_accepted[brand_deck]" time="0.008" /><testcase classname="backend.tests.test_iter4.TestMediaUpload" name="test_new_media_types_accepted[clip]" time="0.004" /><testcase classname="backend.tests.test_iter4.TestMediaUpload" name="test_5mb_file_succeeds" time="0.096" /><testcase classname="backend.tests.test_iter4.TestMediaUpload" name="test_15mb_file_rejected_with_413" time="0.211" /><testcase classname="backend.tests.test_iter4.TestAcceptSideEffects" name="test_status_confirmed" time="0.031" /><testcase classname="backend.tests.test_iter4.TestAcceptSideEffects" name="test_contract_created" time="0.003" /><testcase classname="backend.tests.test_iter4.TestAcceptSideEffects" name="test_event_date_auto_blocked" time="0.002" /><testcase classname="backend.tests.test_iter4.TestBookingAlternatives" name="test_unavailable_date_returns_400_and_alternatives" time="0.003" /><testcase classname="backend.tests.test_iter4.TestCounterFlow" name="test_artist_counter_action_updates_pricing" time="0.011" /><testcase classname="backend.tests.test_iter4.TestCounterFlow" name="test_customer_accepts_counter" time="0.008" /><testcase classname="backend.tests.test_iter4.TestCounterFlow" name="test_customer_rejects_counter_reverts_price" time="0.010" /><testcase classname="backend.tests.test_iter4.TestSignedContractUpload" name="test_upload_signed_by_both_flips_status" time="0.019" /><testcase classname="backend.tests.test_iter6.TestMediaCompressionAndThumb" name="test_upload_image_is_compressed" time="0.826" /><testcase classname="backend.tests.test_iter6.TestMediaCompressionAndThumb" name="test_thumb_endpoint_returns_jpeg" time="0.093" /><testcase classname="backend.tests.test_iter6.TestMediaCompressionAndThumb" name="test_thumb_for_non_existent_media" time="0.096" /><testcase classname="backend.tests.test_iter6.TestMediaReplace" name="test_replace_preserves_id" time="1.257" /><testcase classname="backend.tests.test_iter6.TestMediaReplace" name="test_replace_forbidden_for_other_user" time="1.421" /><testcase classname="backend.tests.test_iter6.TestMediaReorderAndFeature" name="test_reorder_persists" time="0.577" /><testcase classname="backend.tests.test_iter6.TestMediaReorderAndFeature" name="test_set_featured_toggle" time="0.558" /><testcase classname="backend.tests.test_iter6.TestPublicGalleryThumbs" name="test_featured_includes_gallery_thumbs" time="0.098" /><testcase classname="backend.tests.test_iter6.TestPublicGalleryThumbs" name="test_search_includes_gallery_thumbs" time="0.096" /><testcase classname="backend.tests.test_iter6.TestMediaSizeLimit" name="test_oversize_rejected_413" time="0.785" /><testcase classname="backend.tests.test_iter6.TestMediaSizeLimit" name="test_invalid_data_url_rejected" time="0.092" /><testcase classname="backend.tests.test_iter7" name="test_catalog_public[categories-8]" time="0.093" /><testcase classname="backend.tests.test_iter7" name="test_catalog_public[cities-10]" time="0.087" /><testcase classname="backend.tests.test_iter7" name="test_catalog_public[event-types-8]" time="0.110" /><testcase classname="backend.tests.test_iter7" name="test_catalog_public[languages-10]" time="0.092" /><testcase classname="backend.tests.test_iter7" name="test_catalog_unknown_entity" time="0.093" /><testcase classname="backend.tests.test_iter7" name="test_perm_non_admin_403_on_audit" time="0.408" /><testcase classname="backend.tests.test_iter7" name="test_perm_artist_403_on_master" time="0.405" /><testcase classname="backend.tests.test_iter7" name="test_perm_no_auth_403_on_admin" time="0.088" /><testcase classname="backend.tests.test_iter7" name="test_master_crud_categories_with_audit" time="0.705" /><testcase classname="backend.tests.test_iter7" name="test_master_unknown_entity_404" time="0.090" /><testcase classname="backend.tests.test_iter7" name="test_faqs_public_and_admin_crud" time="0.365" /><testcase classname="backend.tests.test_iter7" name="test_cms_admin_and_public" time="0.359" /><testcase classname="backend.tests.test_iter7" name="test_settings_get_and_update" time="0.180" /><testcase classname="backend.tests.test_iter7" name="test_templates_seeded_and_upsert" time="0.384" /><testcase classname="backend.tests.test_iter7" name="test_broadcast_artist_in_app" time="0.103" /><testcase classname="backend.tests.test_iter7" name="test_boost_packages_public_and_admin" time="0.183" /><testcase classname="backend.tests.test_iter7" name="test_boost_purchase_by_artist" time="0.711" /><testcase classname="backend.tests.test_iter7" name="test_boost_purchase_forbidden_for_customer" time="0.192" /><testcase classname="backend.tests.test_iter7" name="test_boost_admin_manual_assign_and_cancel" time="0.286" /><testcase classname="backend.tests.test_iter7" name="test_search_artists_basic_shape" time="0.095" /><testcase classname="backend.tests.test_iter7" name="test_search_filters_combo" time="0.093" /><testcase classname="backend.tests.test_iter7" name="test_search_pagination" time="0.182" /><testcase classname="backend.tests.test_iter7" name="test_search_suggestions" time="0.089" /><testcase classname="backend.tests.test_iter7" name="test_search_popular_with_query_records" time="0.188" /><testcase classname="backend.tests.test_iter7" name="test_saved_searches_isolation" time="0.378" /><testcase classname="backend.tests.test_iter7" name="test_search_history" time="0.177" /><testcase classname="backend.tests.test_iter7" name="test_reports_revenue" time="0.098" /><testcase classname="backend.tests.test_iter7" name="test_reports_top_artists" time="0.089" /><testcase classname="backend.tests.test_iter7" name="test_booking_accept_notifies_all_parties" time="0.222"><skipped type="pytest.skip" message="booking create not 200 (got 400 {&quot;detail&quot;:{&quot;message&quot;:&quot;Selected date is not available&quot;,&quot;alternatives&quot;:[{&quot;user_id&quot;:&quot;db944576-734d-48c9-a3b4-40bcb1112f82&quot;,&quot;stage_name&quot;:&quot;Dhiren Singh&quot;,&quot;category&quot;:&quot;) — skip notify test">/app/backend/tests/test_iter7.py:419: booking create not 200 (got 400 {"detail":{"message":"Selected date is not available","alternatives":[{"user_id":"db944576-734d-48c9-a3b4-40bcb1112f82","stage_name":"Dhiren Singh","category":") — skip notify test</skipped></testcase><testcase classname="backend.tests.test_iter7" name="test_regression_logins" time="0.941" /></testsuite></testsuites>