<?xml version="1.0" encoding="utf-8"?><testsuites name="pytest tests"><testsuite name="pytest" errors="0" failures="0" skipped="1" tests="63" time="81.826" timestamp="2026-06-25T06:39:25.417441+00:00" hostname="agent-env-fde111ca-c1ab-418e-9b25-fd4bafb6c4d9"><testcase classname="backend.tests.test_iter8.TestKYCValidation" name="test_kyc_rejects_bad_aadhaar" time="0.462" /><testcase classname="backend.tests.test_iter8.TestKYCValidation" name="test_kyc_rejects_bad_pan" time="0.098" /><testcase classname="backend.tests.test_iter8.TestKYCValidation" name="test_kyc_rejects_bad_filetype" time="0.093" /><testcase classname="backend.tests.test_iter8.TestKYCValidation" name="test_kyc_rejects_oversize_file" time="0.615" /><testcase classname="backend.tests.test_iter8.TestKYCAdmin" name="test_admin_queue_filters" time="0.790" /><testcase classname="backend.tests.test_iter8.TestKYCAdmin" name="test_admin_decide_approve_then_reject_cycle" time="1.104" /><testcase classname="backend.tests.test_iter8.TestKYCAdmin" name="test_admin_decide_invalid_decision" time="0.088" /><testcase classname="backend.tests.test_iter8.TestCoupons" name="test_validate_unknown_code" time="0.402" /><testcase classname="backend.tests.test_iter8.TestCoupons" name="test_validate_below_min_order" time="0.091" /><testcase classname="backend.tests.test_iter8.TestCoupons" name="test_validate_happy_path" time="0.094" /><testcase classname="backend.tests.test_iter8.TestCoupons" name="test_admin_coupon_analytics" time="0.098" /><testcase classname="backend.tests.test_iter8.TestCoupons" name="test_admin_coupon_ledger_drilldown" time="0.184" /><testcase classname="backend.tests.test_iter8.TestCoupons" name="test_admin_coupon_analytics_forbidden_for_customer" time="0.089" /><testcase classname="backend.tests.test_iter8.TestChatREST" name="test_post_and_list_as_customer" time="0.720" /><testcase classname="backend.tests.test_iter8.TestChatREST" name="test_artist_can_access" time="0.087" /><testcase classname="backend.tests.test_iter8.TestChatREST" name="test_stranger_403" time="0.116" /><testcase classname="backend.tests.test_iter8.TestChatREST" name="test_mark_read" time="0.101" /><testcase classname="backend.tests.test_iter8.TestChatREST" name="test_admin_can_access" time="0.093" /><testcase classname="backend.tests.test_iter8.TestChatREST" name="test_offline_notification_created" time="0.895" /><testcase classname="backend.tests.test_iter8" name="test_regression_logins" time="0.959" /><testcase classname="backend.tests.test_iter8" name="test_regression_search_artists_pagination" time="0.097" /><testcase classname="backend.tests.test_iter8" name="test_regression_search_filters" time="0.101" /><testcase classname="backend.tests.test_iter7" name="test_catalog_public[categories-8]" time="0.092" /><testcase classname="backend.tests.test_iter7" name="test_catalog_public[cities-10]" time="0.093" /><testcase classname="backend.tests.test_iter7" name="test_catalog_public[event-types-8]" time="0.086" /><testcase classname="backend.tests.test_iter7" name="test_catalog_public[languages-10]" time="0.090" /><testcase classname="backend.tests.test_iter7" name="test_catalog_unknown_entity" time="0.088" /><testcase classname="backend.tests.test_iter7" name="test_perm_non_admin_403_on_audit" time="0.417" /><testcase classname="backend.tests.test_iter7" name="test_perm_artist_403_on_master" time="0.409" /><testcase classname="backend.tests.test_iter7" name="test_perm_no_auth_403_on_admin" time="0.089" /><testcase classname="backend.tests.test_iter7" name="test_master_crud_categories_with_audit" time="0.680" /><testcase classname="backend.tests.test_iter7" name="test_master_unknown_entity_404" time="0.101" /><testcase classname="backend.tests.test_iter7" name="test_faqs_public_and_admin_crud" time="32.865" /><testcase classname="backend.tests.test_iter7" name="test_cms_admin_and_public" time="15.450" /><testcase classname="backend.tests.test_iter7" name="test_settings_get_and_update" time="0.189" /><testcase classname="backend.tests.test_iter7" name="test_templates_seeded_and_upsert" time="11.628" /><testcase classname="backend.tests.test_iter7" name="test_broadcast_artist_in_app" time="0.110" /><testcase classname="backend.tests.test_iter7" name="test_boost_packages_public_and_admin" time="0.191" /><testcase classname="backend.tests.test_iter7" name="test_boost_purchase_by_artist" time="3.786" /><testcase classname="backend.tests.test_iter7" name="test_boost_purchase_forbidden_for_customer" time="0.186" /><testcase classname="backend.tests.test_iter7" name="test_boost_admin_manual_assign_and_cancel" time="0.279" /><testcase classname="backend.tests.test_iter7" name="test_search_artists_basic_shape" time="0.116" /><testcase classname="backend.tests.test_iter7" name="test_search_filters_combo" time="0.097" /><testcase classname="backend.tests.test_iter7" name="test_search_pagination" time="0.206" /><testcase classname="backend.tests.test_iter7" name="test_search_suggestions" time="0.098" /><testcase classname="backend.tests.test_iter7" name="test_search_popular_with_query_records" time="0.183" /><testcase classname="backend.tests.test_iter7" name="test_saved_searches_isolation" time="0.367" /><testcase classname="backend.tests.test_iter7" name="test_search_history" time="0.197" /><testcase classname="backend.tests.test_iter7" name="test_reports_revenue" time="0.099" /><testcase classname="backend.tests.test_iter7" name="test_reports_top_artists" time="0.093" /><testcase classname="backend.tests.test_iter7" name="test_booking_accept_notifies_all_parties" time="0.216"><skipped type="pytest.skip" message="booking create not 200 (got 400 {&quot;detail&quot;:{&quot;message&quot;:&quot;Selected date is not available&quot;,&quot;alternatives&quot;:[{&quot;user_id&quot;:&quot;db944576-734d-48c9-a3b4-40bcb1112f82&quot;,&quot;stage_name&quot;:&quot;Dhiren Singh&quot;,&quot;category&quot;:&quot;) — skip notify test">/app/backend/tests/test_iter7.py:419: booking create not 200 (got 400 {"detail":{"message":"Selected date is not available","alternatives":[{"user_id":"db944576-734d-48c9-a3b4-40bcb1112f82","stage_name":"Dhiren Singh","category":") — skip notify test</skipped></testcase><testcase classname="backend.tests.test_iter7" name="test_regression_logins" time="0.974" /><testcase classname="backend.tests.test_iter6.TestMediaCompressionAndThumb" name="test_upload_image_is_compressed" time="0.848" /><testcase classname="backend.tests.test_iter6.TestMediaCompressionAndThumb" name="test_thumb_endpoint_returns_jpeg" time="0.097" /><testcase classname="backend.tests.test_iter6.TestMediaCompressionAndThumb" name="test_thumb_for_non_existent_media" time="0.084" /><testcase classname="backend.tests.test_iter6.TestMediaReplace" name="test_replace_preserves_id" time="1.009" /><testcase classname="backend.tests.test_iter6.TestMediaReplace" name="test_replace_forbidden_for_other_user" time="0.580" /><testcase classname="backend.tests.test_iter6.TestMediaReorderAndFeature" name="test_reorder_persists" time="0.597" /><testcase classname="backend.tests.test_iter6.TestMediaReorderAndFeature" name="test_set_featured_toggle" time="0.618" /><testcase classname="backend.tests.test_iter6.TestPublicGalleryThumbs" name="test_featured_includes_gallery_thumbs" time="0.098" /><testcase classname="backend.tests.test_iter6.TestPublicGalleryThumbs" name="test_search_includes_gallery_thumbs" time="0.102" /><testcase classname="backend.tests.test_iter6.TestMediaSizeLimit" name="test_oversize_rejected_413" time="0.736" /><testcase classname="backend.tests.test_iter6.TestMediaSizeLimit" name="test_invalid_data_url_rejected" time="0.096" /></testsuite></testsuites>