<?xml version="1.0" encoding="utf-8"?><testsuites name="pytest tests"><testsuite name="pytest" errors="0" failures="0" skipped="0" tests="13" time="9.714" timestamp="2026-08-21T14:40:12.446223+00:00" hostname="agent-env-fde111ca-c1ab-418e-9b25-fd4bafb6c4d9"><testcase classname="tests.test_iter73.TestMediaOrderAfterMigration" name="test_new_upload_is_first" time="2.206" /><testcase classname="tests.test_iter73.TestMediaOrderAfterMigration" name="test_no_legacy_docs_missing_order" time="0.103" /><testcase classname="tests.test_iter73.TestMediaOrderAfterMigration" name="test_public_media_same_order" time="0.376" /><testcase classname="tests.test_iter73.TestAvailabilityOrder" name="test_mine_sorted_date_desc" time="0.536" /><testcase classname="tests.test_iter73.TestAuthPlaybook" name="test_login_sets_httponly_cookie_for_all_roles" time="1.544" /><testcase classname="tests.test_iter73.TestAuthPlaybook" name="test_cors_credentials_on_actual_request" time="0.391" /><testcase classname="tests.test_iter73.TestAuthPlaybook" name="test_bcrypt_hash_format" time="0.077" /><testcase classname="tests.test_iter73.TestAuthPlaybook" name="test_wrong_password_401" time="0.419" /><testcase classname="tests.test_iter72_media_and_regression.TestMediaOrdering" name="test_upload_new_media_appears_first" time="2.393" /><testcase classname="tests.test_iter72_media_and_regression.TestMediaOrdering" name="test_public_media_same_ordering" time="0.316" /><testcase classname="tests.test_iter72_media_and_regression.TestSec001EmailVerifyNoToken" name="test_email_verify_mock_otp_grants_no_session" time="0.367" /><testcase classname="tests.test_iter72_media_and_regression.TestSec002AdminPasswordRotation" name="test_old_password_rejected" time="0.361" /><testcase classname="tests.test_iter72_media_and_regression.TestSec002AdminPasswordRotation" name="test_new_password_accepted_and_cookie_httponly" time="0.530" /></testsuite></testsuites>