<?xml version="1.0" encoding="utf-8"?><testsuites name="pytest tests"><testsuite name="pytest" errors="0" failures="0" skipped="0" tests="5" time="3.865" timestamp="2026-09-15T18:25:49.827256+00:00" hostname="agent-env-fde111ca-c1ab-418e-9b25-fd4bafb6c4d9"><testcase classname="backend.tests.test_req_batch_2" name="test_agency_overview_new_financial_fields" time="0.675" /><testcase classname="backend.tests.test_req_batch_2" name="test_service_artist_quote_waiver" time="0.748" /><testcase classname="backend.tests.test_req_batch_2" name="test_manager_preset_crud" time="0.740" /><testcase classname="backend.tests.test_req_batch_2" name="test_mutual_refund_flow" time="1.159" /><testcase classname="backend.tests.test_req_batch_2" name="test_booking_timeline_has_refund_events" time="0.476" /></testsuite></testsuites>