<?xml version="1.0" encoding="utf-8"?><testsuites name="pytest tests"><testsuite name="pytest" errors="0" failures="0" skipped="2" tests="18" time="5.008" timestamp="2026-07-24T09:45:00.388951+00:00" hostname="agent-env-fde111ca-c1ab-418e-9b25-fd4bafb6c4d9"><testcase classname="backend.tests.test_iter57_rbac_guardrails.TestIter56Regression" name="test_rbac_me_super_admin" time="0.392" /><testcase classname="backend.tests.test_iter57_rbac_guardrails.TestIter56Regression" name="test_roles_list" time="0.043" /><testcase classname="backend.tests.test_iter57_rbac_guardrails.TestIter56Regression" name="test_audit_log_list" time="0.047" /><testcase classname="backend.tests.test_iter57_rbac_guardrails.TestIter56Regression" name="test_questionnaire_completion_priya" time="0.361" /><testcase classname="backend.tests.test_iter57_rbac_guardrails.TestIter56Regression" name="test_completion_forbidden_for_admin" time="0.048" /><testcase classname="backend.tests.test_iter57_rbac_guardrails.TestIter56Regression" name="test_artist_about_priya_has_media_matches_and_completion" time="0.111" /><testcase classname="backend.tests.test_iter57_rbac_guardrails.TestRolePresetShapes" name="test_finance_preset" time="0.042" /><testcase classname="backend.tests.test_iter57_rbac_guardrails.TestRolePresetShapes" name="test_support_preset" time="0.043" /><testcase classname="backend.tests.test_iter57_rbac_guardrails.TestRolePresetShapes" name="test_content_preset" time="0.066" /><testcase classname="backend.tests.test_iter57_rbac_guardrails.TestCreateIter57Admins" name="test_create_all" time="0.887" /><testcase classname="backend.tests.test_iter57_rbac_guardrails.TestCreateIter57Admins" name="test_finance_admin_rbac_me" time="0.392" /><testcase classname="backend.tests.test_iter57_rbac_guardrails.TestCreateIter57Admins" name="test_support_admin_rbac_me" time="0.356" /><testcase classname="backend.tests.test_iter57_rbac_guardrails.TestCreateIter57Admins" name="test_content_admin_rbac_me" time="0.358" /><testcase classname="backend.tests.test_iter57_rbac_guardrails.TestCreateIter57Admins" name="test_finance_admin_cannot_view_audit_log" time="0.349" /><testcase classname="backend.tests.test_iter57_rbac_guardrails.TestCreateIter57Admins" name="test_finance_admin_can_view_bookings" time="0.421" /><testcase classname="backend.tests.test_iter57_rbac_guardrails.TestCreateIter57Admins" name="test_finance_admin_cannot_moderate_artists" time="0.410"><skipped type="pytest.xfail" message="Iter 57 RBAC leak — /admin/artists uses admin_only, not require_permission('artists.moderate'). Sidebar UI hides for finance but backend endpoint is still reachable." /></testcase><testcase classname="backend.tests.test_iter57_rbac_guardrails.TestCreateIter57Admins" name="test_support_admin_cannot_view_refunds" time="0.375"><skipped type="pytest.xfail" message="Iter 57 RBAC leak — /admin/refunds uses admin_only, not require_permission('payments.refund'). Sidebar UI hides for support but backend endpoint is still reachable." /></testcase><testcase classname="backend.tests.test_iter57_rbac_guardrails.TestCleanup" name="test_z_cleanup_iter57_admins" time="0.212" /></testsuite></testsuites>