<?xml version="1.0" encoding="utf-8"?><testsuites name="pytest tests"><testsuite name="pytest" errors="0" failures="1" skipped="0" tests="17" time="10.111" timestamp="2026-08-21T13:27:57.563817+00:00" hostname="agent-env-fde111ca-c1ab-418e-9b25-fd4bafb6c4d9"><testcase classname="tests.test_iter71_security.TestSEC002AdminPasswordRotation" name="test_env_password_matches_credentials_file" time="0.000" /><testcase classname="tests.test_iter71_security.TestSEC002AdminPasswordRotation" name="test_old_admin_password_rejected" time="0.572" /><testcase classname="tests.test_iter71_security.TestSEC002AdminPasswordRotation" name="test_new_admin_password_works_and_sets_cookie" time="0.459" /><testcase classname="tests.test_iter71_security.TestSEC002AdminPasswordRotation" name="test_bcrypt_hash_format_in_db" time="0.073" /><testcase classname="tests.test_iter71_security.TestSEC001NoPasswordlessTakeover" name="test_email_verify_existing_user_issues_no_session" time="0.355" /><testcase classname="tests.test_iter71_security.TestSEC001NoPasswordlessTakeover" name="test_phone_otp_verify_issues_no_session" time="0.297" /><testcase classname="tests.test_iter71_security.TestSEC001NoPasswordlessTakeover" name="test_email_verify_wrong_otp_rejected" time="0.179" /><testcase classname="tests.test_iter71_security.TestSEC001NoPasswordlessTakeover" name="test_existing_email_cannot_reregister" time="0.475" /><testcase classname="tests.test_iter71_security.TestAuthRegression" name="test_signup_flow_new_email" time="0.951" /><testcase classname="tests.test_iter71_security.TestAuthRegression" name="test_register_without_verification_blocked" time="0.153" /><testcase classname="tests.test_iter71_security.TestAuthRegression" name="test_seeded_role_logins[customer@booktalent.com]" time="0.513" /><testcase classname="tests.test_iter71_security.TestAuthRegression" name="test_seeded_role_logins[priya@booktalent.com]" time="0.442" /><testcase classname="tests.test_iter71_security.TestAuthRegression" name="test_seeded_role_logins[agency@booktalent.com]" time="0.448" /><testcase classname="tests.test_iter71_security.TestAuthRegression" name="test_wrong_password_401" time="0.372" /><testcase classname="tests.test_iter71_security.TestAuthRegression" name="test_logout_clears_cookie" time="0.664" /><testcase classname="tests.test_iter71_security.TestAuthHardeningObservations" name="test_brute_force_lockout_after_5_failures" time="3.595"><failure message="AssertionError: No brute-force lockout: 6 bad logins all returned [401, 401, 401, 401, 401, 401]&#10;assert (429 in [401, 401, 401, 401, 401, 401] or 423 in [401, 401, 401, 401, 401, 401])">tests/test_iter71_security.py:226: in test_brute_force_lockout_after_5_failures
    assert 429 in codes or 423 in codes, (
E   AssertionError: No brute-force lockout: 6 bad logins all returned [401, 401, 401, 401, 401, 401]
E   assert (429 in [401, 401, 401, 401, 401, 401] or 423 in [401, 401, 401, 401, 401, 401])</failure></testcase><testcase classname="tests.test_iter71_security.TestAuthHardeningObservations" name="test_cors_credentials_not_wildcard" time="0.100" /></testsuite></testsuites>