<?xml version="1.0" encoding="utf-8"?><testsuites name="pytest tests"><testsuite name="pytest" errors="0" failures="0" skipped="0" tests="40" time="15.810" timestamp="2026-06-25T08:31:46.483584+00:00" hostname="agent-env-fde111ca-c1ab-418e-9b25-fd4bafb6c4d9"><testcase classname="backend.tests.test_iter13.TestCoreUntouched" name="test_auth_me" time="1.261" /><testcase classname="backend.tests.test_iter13.TestCoreUntouched" name="test_bookings_mine" time="0.098" /><testcase classname="backend.tests.test_iter13.TestCoreUntouched" name="test_artists_search" time="0.116" /><testcase classname="backend.tests.test_iter13.TestCoreUntouched" name="test_admin_stats" time="0.185" /><testcase classname="backend.tests.test_iter13.TestCoreUntouched" name="test_contracts_mine" time="0.134" /><testcase classname="backend.tests.test_iter13.TestCoreUntouched" name="test_notifications" time="0.120" /><testcase classname="backend.tests.test_iter13.TestWallet" name="test_get_wallet" time="0.109" /><testcase classname="backend.tests.test_iter13.TestWallet" name="test_wallet_transactions" time="0.119" /><testcase classname="backend.tests.test_iter13.TestWallet" name="test_withdraw_negative_rejected" time="0.099" /><testcase classname="backend.tests.test_iter13.TestWallet" name="test_withdraw_zero_rejected" time="0.131" /><testcase classname="backend.tests.test_iter13.TestWallet" name="test_withdraw_overbalance_rejected" time="0.115" /><testcase classname="backend.tests.test_iter13.TestReviews" name="test_admin_reviews_pending" time="0.126" /><testcase classname="backend.tests.test_iter13.TestReviews" name="test_admin_reviews_all" time="0.097" /><testcase classname="backend.tests.test_iter13.TestReviews" name="test_reviews_artist_public" time="7.397" /><testcase classname="backend.tests.test_iter13.TestReviews" name="test_review_reply_unknown_id_404" time="0.151" /><testcase classname="backend.tests.test_iter13.TestReviews" name="test_review_report_auth" time="0.113" /><testcase classname="backend.tests.test_iter13.TestCoupons" name="test_list_coupons" time="0.197" /><testcase classname="backend.tests.test_iter13.TestCoupons" name="test_redemptions_empty" time="0.104" /><testcase classname="backend.tests.test_iter13.TestCoupons" name="test_analytics" time="0.106" /><testcase classname="backend.tests.test_iter13.TestCoupons" name="test_validate_existing_test20" time="0.150" /><testcase classname="backend.tests.test_iter13.TestCoupons" name="test_delete_coupon" time="0.193" /><testcase classname="backend.tests.test_iter13.TestBlogs" name="test_list_blogs" time="0.089" /><testcase classname="backend.tests.test_iter13.TestBlogs" name="test_create_and_get_blog" time="0.197" /><testcase classname="backend.tests.test_iter13.TestBlogs" name="test_booktalent_audit_blog" time="0.106" /><testcase classname="backend.tests.test_iter13.TestDisputes" name="test_admin_disputes_list" time="0.120" /><testcase classname="backend.tests.test_iter13.TestDisputes" name="test_create_dispute_invalid_booking_403" time="0.133" /><testcase classname="backend.tests.test_iter13.TestKYC" name="test_kyc_submit_invalid_aadhaar_length" time="0.116" /><testcase classname="backend.tests.test_iter13.TestKYC" name="test_kyc_submit_invalid_pan_format" time="0.111" /><testcase classname="backend.tests.test_iter13.TestKYC" name="test_kyc_submit_missing_docs" time="0.100" /><testcase classname="backend.tests.test_iter13.TestKYC" name="test_kyc_submit_valid" time="0.106" /><testcase classname="backend.tests.test_iter13.TestKYC" name="test_kyc_mine" time="0.118" /><testcase classname="backend.tests.test_iter13.TestKYC" name="test_admin_kyc_list" time="0.106" /><testcase classname="backend.tests.test_iter13.TestKYC" name="test_admin_kyc_decide" time="0.188" /><testcase classname="backend.tests.test_iter13.TestChatGateRegression" name="test_unpaid_access_disabled" time="0.094" /><testcase classname="backend.tests.test_iter13.TestChatGateRegression" name="test_paid_access_enabled" time="0.091" /><testcase classname="backend.tests.test_iter13.TestChatGateRegression" name="test_unpaid_messages_403" time="0.092" /><testcase classname="backend.tests.test_iter13.TestIter11Regression" name="test_ai_search" time="2.380" /><testcase classname="backend.tests.test_iter13.TestIter11Regression" name="test_paid_ics" time="0.115" /><testcase classname="backend.tests.test_iter13.TestIter11Regression" name="test_customer_csv" time="0.093" /><testcase classname="backend.tests.test_iter13.TestIter11Regression" name="test_admin_revenue_csv" time="0.089" /></testsuite></testsuites>