<?xml version="1.0" encoding="utf-8"?><testsuites name="pytest tests"><testsuite name="pytest" errors="0" failures="1" skipped="1" tests="30" time="7.901" timestamp="2026-06-25T05:48:13.362562+00:00" hostname="agent-env-fde111ca-c1ab-418e-9b25-fd4bafb6c4d9"><testcase classname="backend.tests.test_iter7" name="test_catalog_public[categories-8]" time="0.217" /><testcase classname="backend.tests.test_iter7" name="test_catalog_public[cities-10]" time="0.103" /><testcase classname="backend.tests.test_iter7" name="test_catalog_public[event-types-8]" time="0.092" /><testcase classname="backend.tests.test_iter7" name="test_catalog_public[languages-10]" time="0.107" /><testcase classname="backend.tests.test_iter7" name="test_catalog_unknown_entity" time="0.122" /><testcase classname="backend.tests.test_iter7" name="test_perm_non_admin_403_on_audit" time="0.443" /><testcase classname="backend.tests.test_iter7" name="test_perm_artist_403_on_master" time="0.475" /><testcase classname="backend.tests.test_iter7" name="test_perm_no_auth_403_on_admin" time="0.095" /><testcase classname="backend.tests.test_iter7" name="test_master_crud_categories_with_audit" time="0.732" /><testcase classname="backend.tests.test_iter7" name="test_master_unknown_entity_404" time="0.093" /><testcase classname="backend.tests.test_iter7" name="test_faqs_public_and_admin_crud" time="0.403" /><testcase classname="backend.tests.test_iter7" name="test_cms_admin_and_public" time="0.378" /><testcase classname="backend.tests.test_iter7" name="test_settings_get_and_update" time="0.177" /><testcase classname="backend.tests.test_iter7" name="test_templates_seeded_and_upsert" time="0.358" /><testcase classname="backend.tests.test_iter7" name="test_broadcast_artist_in_app" time="0.103"><failure message="assert False&#10; +  where False = any(&lt;generator object test_broadcast_artist_in_app.&lt;locals&gt;.&lt;genexpr&gt; at 0xfd66f9a317e0&gt;)">backend/tests/test_iter7.py:232: in test_broadcast_artist_in_app
    assert any(k in body for k in ("ok", "recipients", "sent", "count"))
E   assert False
E    +  where False = any(&lt;generator object test_broadcast_artist_in_app.&lt;locals&gt;.&lt;genexpr&gt; at 0xfd66f9a317e0&gt;)</failure></testcase><testcase classname="backend.tests.test_iter7" name="test_boost_packages_public_and_admin" time="0.189" /><testcase classname="backend.tests.test_iter7" name="test_boost_purchase_by_artist" time="0.685" /><testcase classname="backend.tests.test_iter7" name="test_boost_purchase_forbidden_for_customer" time="0.183" /><testcase classname="backend.tests.test_iter7" name="test_boost_admin_manual_assign_and_cancel" time="0.320" /><testcase classname="backend.tests.test_iter7" name="test_search_artists_basic_shape" time="0.095" /><testcase classname="backend.tests.test_iter7" name="test_search_filters_combo" time="0.095" /><testcase classname="backend.tests.test_iter7" name="test_search_pagination" time="0.195" /><testcase classname="backend.tests.test_iter7" name="test_search_suggestions" time="0.103" /><testcase classname="backend.tests.test_iter7" name="test_search_popular_with_query_records" time="0.212" /><testcase classname="backend.tests.test_iter7" name="test_saved_searches_isolation" time="0.375" /><testcase classname="backend.tests.test_iter7" name="test_search_history" time="0.188" /><testcase classname="backend.tests.test_iter7" name="test_reports_revenue" time="0.092" /><testcase classname="backend.tests.test_iter7" name="test_reports_top_artists" time="0.102" /><testcase classname="backend.tests.test_iter7" name="test_booking_accept_notifies_all_parties" time="0.096"><skipped type="pytest.skip" message="booking create not 200 (got 422 {&quot;detail&quot;:[{&quot;type&quot;:&quot;missing&quot;,&quot;loc&quot;:[&quot;body&quot;,&quot;package_id&quot;],&quot;msg&quot;:&quot;Field required&quot;,&quot;input&quot;:{&quot;artist_id&quot;:&quot;22c3967c-e432-41e8-bdfb-a0a54b82ee1b&quot;,&quot;event_date&quot;:&quot;2026-0) — skip notify test">/app/backend/tests/test_iter7.py:409: booking create not 200 (got 422 {"detail":[{"type":"missing","loc":["body","package_id"],"msg":"Field required","input":{"artist_id":"22c3967c-e432-41e8-bdfb-a0a54b82ee1b","event_date":"2026-0) — skip notify test</skipped></testcase><testcase classname="backend.tests.test_iter7" name="test_regression_logins" time="0.942" /></testsuite></testsuites>