<?xml version="1.0" encoding="utf-8"?><testsuites name="pytest tests"><testsuite name="pytest" errors="0" failures="3" skipped="0" tests="22" time="8.565" timestamp="2026-06-25T06:38:55.258644+00:00" hostname="agent-env-fde111ca-c1ab-418e-9b25-fd4bafb6c4d9"><testcase classname="backend.tests.test_iter8.TestKYCValidation" name="test_kyc_rejects_bad_aadhaar" time="0.594" /><testcase classname="backend.tests.test_iter8.TestKYCValidation" name="test_kyc_rejects_bad_pan" time="0.096" /><testcase classname="backend.tests.test_iter8.TestKYCValidation" name="test_kyc_rejects_bad_filetype" time="0.097" /><testcase classname="backend.tests.test_iter8.TestKYCValidation" name="test_kyc_rejects_oversize_file" time="0.394" /><testcase classname="backend.tests.test_iter8.TestKYCAdmin" name="test_admin_queue_filters" time="0.794" /><testcase classname="backend.tests.test_iter8.TestKYCAdmin" name="test_admin_decide_approve_then_reject_cycle" time="1.368" /><testcase classname="backend.tests.test_iter8.TestKYCAdmin" name="test_admin_decide_invalid_decision" time="0.133" /><testcase classname="backend.tests.test_iter8.TestCoupons" name="test_validate_unknown_code" time="0.116"><failure message="assert 401 in (200, 400, 404)&#10; +  where 401 = &lt;Response [401]&gt;.status_code">backend/tests/test_iter8.py:205: in test_validate_unknown_code
    assert r.status_code in (200, 400, 404)
E   assert 401 in (200, 400, 404)
E    +  where 401 = &lt;Response [401]&gt;.status_code</failure></testcase><testcase classname="backend.tests.test_iter8.TestCoupons" name="test_validate_below_min_order" time="0.117"><failure message="assert 401 in (400, 422)&#10; +  where 401 = &lt;Response [401]&gt;.status_code">backend/tests/test_iter8.py:219: in test_validate_below_min_order
    assert r.status_code in (400, 422)
E   assert 401 in (400, 422)
E    +  where 401 = &lt;Response [401]&gt;.status_code</failure></testcase><testcase classname="backend.tests.test_iter8.TestCoupons" name="test_validate_happy_path" time="0.122"><failure message="AssertionError: {&quot;detail&quot;:&quot;Not authenticated&quot;}&#10;assert 401 == 200&#10; +  where 401 = &lt;Response [401]&gt;.status_code">backend/tests/test_iter8.py:225: in test_validate_happy_path
    assert r.status_code == 200, r.text[:200]
E   AssertionError: {"detail":"Not authenticated"}
E   assert 401 == 200
E    +  where 401 = &lt;Response [401]&gt;.status_code</failure></testcase><testcase classname="backend.tests.test_iter8.TestCoupons" name="test_admin_coupon_analytics" time="0.135" /><testcase classname="backend.tests.test_iter8.TestCoupons" name="test_admin_coupon_ledger_drilldown" time="0.246" /><testcase classname="backend.tests.test_iter8.TestCoupons" name="test_admin_coupon_analytics_forbidden_for_customer" time="0.496" /><testcase classname="backend.tests.test_iter8.TestChatREST" name="test_post_and_list_as_customer" time="0.938" /><testcase classname="backend.tests.test_iter8.TestChatREST" name="test_artist_can_access" time="0.135" /><testcase classname="backend.tests.test_iter8.TestChatREST" name="test_stranger_403" time="0.142" /><testcase classname="backend.tests.test_iter8.TestChatREST" name="test_mark_read" time="0.120" /><testcase classname="backend.tests.test_iter8.TestChatREST" name="test_admin_can_access" time="0.099" /><testcase classname="backend.tests.test_iter8.TestChatREST" name="test_offline_notification_created" time="0.980" /><testcase classname="backend.tests.test_iter8" name="test_regression_logins" time="1.041" /><testcase classname="backend.tests.test_iter8" name="test_regression_search_artists_pagination" time="0.134" /><testcase classname="backend.tests.test_iter8" name="test_regression_search_filters" time="0.123" /></testsuite></testsuites>