<?xml version="1.0" encoding="utf-8"?><testsuites name="pytest tests"><testsuite name="pytest" errors="0" failures="0" skipped="0" tests="20" time="5.518" timestamp="2026-09-15T10:26:04.753473+00:00" hostname="agent-env-fde111ca-c1ab-418e-9b25-fd4bafb6c4d9"><testcase classname="backend.tests.test_iter89.TestWATemplates" name="test_patch_templates" time="0.510" /><testcase classname="backend.tests.test_iter89.TestWATemplates" name="test_status_reflects_db_source" time="0.078" /><testcase classname="backend.tests.test_iter89.TestWATemplates" name="test_non_admin_forbidden" time="0.439" /><testcase classname="backend.tests.test_iter89.TestLeaderboard" name="test_admin_view" time="0.086" /><testcase classname="backend.tests.test_iter89.TestLeaderboard" name="test_manager_view_has_my_rank" time="0.407" /><testcase classname="backend.tests.test_iter89.TestLeaderboard" name="test_customer_forbidden" time="0.074" /><testcase classname="backend.tests.test_iter89.TestLeaderboard" name="test_bad_month" time="0.076" /><testcase classname="backend.tests.test_iter89.TestSlack" name="test_slack_test_mock" time="0.081" /><testcase classname="backend.tests.test_iter89.TestSlack" name="test_slack_alert_max_retries_writes_log" time="0.081" /><testcase classname="backend.tests.test_iter89.TestSlack" name="test_non_admin_forbidden" time="0.068" /><testcase classname="backend.tests.test_iter89.TestReportSnapshots" name="test_run_now_creates_snapshot" time="2.685" /><testcase classname="backend.tests.test_iter89.TestReportSnapshots" name="test_list_filter_by_kind" time="0.083" /><testcase classname="backend.tests.test_iter89.TestReportSnapshots" name="test_download_snapshot" time="0.096" /><testcase classname="backend.tests.test_iter89.TestReportSnapshots" name="test_delete_snapshot" time="0.159" /><testcase classname="backend.tests.test_iter89.TestReportSnapshots" name="test_download_nonexistent" time="0.077" /><testcase classname="backend.tests.test_iter89.TestReportSnapshots" name="test_non_admin_forbidden" time="0.074" /><testcase classname="backend.tests.test_iter89.TestIter88Regression" name="test_payout_retry_queue" time="0.087" /><testcase classname="backend.tests.test_iter89.TestIter88Regression" name="test_report_schedules" time="0.082" /><testcase classname="backend.tests.test_iter89.TestIter88Regression" name="test_manager_scorecard" time="0.090" /><testcase classname="backend.tests.test_iter89.TestIter88Regression" name="test_wa_status" time="0.083" /></testsuite></testsuites>