<?xml version="1.0" encoding="utf-8"?><testsuites name="pytest tests"><testsuite name="pytest" errors="0" failures="0" skipped="0" tests="5" time="1.028" timestamp="2026-07-27T12:23:53.247318+00:00" hostname="agent-env-fde111ca-c1ab-418e-9b25-fd4bafb6c4d9"><testcase classname="backend.tests.test_iter58_booking_payment" name="test_auth_me_probe_401_when_anonymous" time="0.184" /><testcase classname="backend.tests.test_iter58_booking_payment" name="test_auth_me_ok_when_logged_in" time="0.367" /><testcase classname="backend.tests.test_iter58_booking_payment" name="test_artist_packages_exist" time="0.054" /><testcase classname="backend.tests.test_iter58_booking_payment" name="test_full_booking_payment_flow" time="0.248" /><testcase classname="backend.tests.test_iter58_booking_payment" name="test_bookings_requires_auth" time="0.103" /></testsuite></testsuites>