<?xml version="1.0" encoding="utf-8"?><testsuites name="pytest tests"><testsuite name="pytest" errors="0" failures="0" skipped="0" tests="6" time="3.013" timestamp="2026-07-18T16:21:50.863726+00:00" hostname="agent-env-fde111ca-c1ab-418e-9b25-fd4bafb6c4d9"><testcase classname="backend.tests.test_iter38_wallet_removal.TestWalletRemoval" name="test_wallet_endpoints_gone" time="0.718" /><testcase classname="backend.tests.test_iter38_wallet_removal.TestWalletRemoval" name="test_withdraw_gone" time="0.425" /><testcase classname="backend.tests.test_iter38_wallet_removal.TestWalletRemoval" name="test_admin_withdrawals_gone" time="0.455" /><testcase classname="backend.tests.test_iter38_wallet_removal.TestWalletRemoval" name="test_auth_me_has_no_wallet" time="0.449" /><testcase classname="backend.tests.test_iter38_wallet_removal.TestNewLeadGenKPIs" name="test_admin_stats_shape" time="0.463" /><testcase classname="backend.tests.test_iter38_wallet_removal.TestNewLeadGenKPIs" name="test_admin_refunds_endpoint" time="0.439" /></testsuite></testsuites>