<?xml version="1.0" encoding="utf-8"?><testsuites name="pytest tests"><testsuite name="pytest" errors="0" failures="0" skipped="0" tests="8" time="2.161" timestamp="2026-09-15T14:33:16.632330+00:00" hostname="agent-env-fde111ca-c1ab-418e-9b25-fd4bafb6c4d9"><testcase classname="backend.tests.test_iter92" name="test_kpis" time="0.638" /><testcase classname="backend.tests.test_iter92" name="test_funnel" time="0.095" /><testcase classname="backend.tests.test_iter92" name="test_churn" time="0.090" /><testcase classname="backend.tests.test_iter92" name="test_daily_fills_gaps" time="0.111" /><testcase classname="backend.tests.test_iter92" name="test_admin_endpoints_403_for_non_admin" time="0.731" /><testcase classname="backend.tests.test_iter92" name="test_trust_stats_no_auth" time="0.178" /><testcase classname="backend.tests.test_iter92" name="test_get_prefs" time="0.077" /><testcase classname="backend.tests.test_iter92" name="test_patch_prefs_ignores_force_on" time="0.156" /></testsuite></testsuites>