<?xml version="1.0" encoding="utf-8"?><testsuites name="pytest tests"><testsuite name="pytest" errors="0" failures="2" skipped="0" tests="11" time="5.884" timestamp="2026-06-25T05:26:02.692693+00:00" hostname="agent-env-fde111ca-c1ab-418e-9b25-fd4bafb6c4d9"><testcase classname="backend.tests.test_iter6.TestMediaCompressionAndThumb" name="test_upload_image_is_compressed" time="1.182"><failure message="assert 219720 &lt; (290222 * 0.6)">backend/tests/test_iter6.py:82: in test_upload_image_is_compressed
    assert body["size"] &lt; original * 0.6
E   assert 219720 &lt; (290222 * 0.6)</failure></testcase><testcase classname="backend.tests.test_iter6.TestMediaCompressionAndThumb" name="test_thumb_endpoint_returns_jpeg" time="0.000"><failure message="AttributeError: type object 'TestMediaCompressionAndThumb' has no attribute 'mid'">backend/tests/test_iter6.py:88: in test_thumb_endpoint_returns_jpeg
    mid = TestMediaCompressionAndThumb.mid
          ^^^^^^^^^^^^^^^^^^^^^^^^^^^^^^^^
E   AttributeError: type object 'TestMediaCompressionAndThumb' has no attribute 'mid'</failure></testcase><testcase classname="backend.tests.test_iter6.TestMediaCompressionAndThumb" name="test_thumb_for_non_existent_media" time="0.128" /><testcase classname="backend.tests.test_iter6.TestMediaReplace" name="test_replace_preserves_id" time="1.285" /><testcase classname="backend.tests.test_iter6.TestMediaReplace" name="test_replace_forbidden_for_other_user" time="0.649" /><testcase classname="backend.tests.test_iter6.TestMediaReorderAndFeature" name="test_reorder_persists" time="0.596" /><testcase classname="backend.tests.test_iter6.TestMediaReorderAndFeature" name="test_set_featured_toggle" time="0.588" /><testcase classname="backend.tests.test_iter6.TestPublicGalleryThumbs" name="test_featured_includes_gallery_thumbs" time="0.120" /><testcase classname="backend.tests.test_iter6.TestPublicGalleryThumbs" name="test_search_includes_gallery_thumbs" time="0.104" /><testcase classname="backend.tests.test_iter6.TestMediaSizeLimit" name="test_oversize_rejected_413" time="0.973" /><testcase classname="backend.tests.test_iter6.TestMediaSizeLimit" name="test_invalid_data_url_rejected" time="0.149" /></testsuite></testsuites>