<?xml version="1.0" encoding="utf-8"?><testsuites name="pytest tests"><testsuite name="pytest" errors="0" failures="0" skipped="0" tests="9" time="1.914" timestamp="2026-07-23T19:40:50.797813+00:00" hostname="agent-env-fde111ca-c1ab-418e-9b25-fd4bafb6c4d9"><testcase classname="backend.tests.test_iter53_artist_gating.TestArtistBookingsMine" name="test_has_bookings" time="0.637" /><testcase classname="backend.tests.test_iter53_artist_gating.TestArtistBookingsMine" name="test_pricing_redacted" time="0.000" /><testcase classname="backend.tests.test_iter53_artist_gating.TestArtistBookingsMine" name="test_pricing_retains_artist_keys" time="0.000" /><testcase classname="backend.tests.test_iter53_artist_gating.TestArtistBookingsMine" name="test_unpaid_bookings_contact_locked" time="0.000" /><testcase classname="backend.tests.test_iter53_artist_gating.TestArtistBookingDetail" name="test_detail_pricing_scrubbed" time="0.229" /><testcase classname="backend.tests.test_iter53_artist_gating.TestArtistBookingDetail" name="test_detail_contact_locked_when_unpaid" time="0.078" /><testcase classname="backend.tests.test_iter53_artist_gating.TestCustomerDetailUnaffected" name="test_customer_sees_platform_fee_and_total" time="0.584" /><testcase classname="backend.tests.test_iter53_artist_gating.TestInvoiceGating" name="test_artist_gets_403" time="0.079" /><testcase classname="backend.tests.test_iter53_artist_gating.TestInvoiceGating" name="test_customer_gets_pdf" time="0.218" /></testsuite></testsuites>