<?xml version="1.0" encoding="utf-8"?><testsuites name="pytest tests"><testsuite name="pytest" errors="0" failures="0" skipped="0" tests="11" time="37.153" timestamp="2026-07-23T07:00:17.684698+00:00" hostname="agent-env-fde111ca-c1ab-418e-9b25-fd4bafb6c4d9"><testcase classname="tests.test_iter46_event_planner.TestEventPlannerSuggest" name="test_wedding_brief_returns_valid_plan" time="14.091" /><testcase classname="tests.test_iter46_event_planner.TestEventPlannerSuggest" name="test_missing_event_type_returns_400" time="0.189" /><testcase classname="tests.test_iter46_event_planner.TestEventPlannerSuggest" name="test_empty_event_type_returns_400" time="0.095" /><testcase classname="tests.test_iter46_event_planner.TestEventPlannerSuggest" name="test_empty_body_returns_400_or_422" time="0.105" /><testcase classname="tests.test_iter46_event_planner.TestEventPlannerSuggest" name="test_corporate_brief_smoke" time="10.589" /><testcase classname="tests.test_iter46_event_planner.TestEventPlannerFallback" name="test_fallback_returns_valid_plan_for_wedding" time="0.175" /><testcase classname="tests.test_iter46_event_planner.TestEventPlannerFallback" name="test_fallback_defaults_to_wedding_on_unknown_type" time="0.000" /><testcase classname="tests.test_iter46_event_planner.TestEventPlannerFallback" name="test_endpoint_returns_fallback_when_llm_key_invalid" time="11.326" /><testcase classname="tests.test_iter46_event_planner.TestEventPlannerExample" name="test_example_returns_sample_brief" time="0.208" /><testcase classname="tests.test_iter46_event_planner.TestRegressionBatchEndpoints" name="test_batch_endpoints_still_registered" time="0.147" /><testcase classname="tests.test_iter46_event_planner.TestRegressionBatchEndpoints" name="test_counter_offer_removed" time="0.135" /></testsuite></testsuites>