<?xml version="1.0" encoding="utf-8"?><testsuites name="pytest tests"><testsuite name="pytest" errors="0" failures="0" skipped="0" tests="9" time="4.316" timestamp="2026-07-17T16:23:23.347108+00:00" hostname="agent-env-fde111ca-c1ab-418e-9b25-fd4bafb6c4d9"><testcase classname="backend.tests.test_iter32_outstation.TestSettingsSeed" name="test_public_settings_contains_new_keys" time="0.157" /><testcase classname="backend.tests.test_iter32_outstation.TestSettingsSeed" name="test_public_settings_no_admin_secret_leak" time="0.120" /><testcase classname="backend.tests.test_iter32_outstation.TestSettingsSeed" name="test_admin_settings_lists_all_keys" time="0.470" /><testcase classname="backend.tests.test_iter32_outstation.TestSettingsSeed" name="test_public_settings_is_unauthenticated" time="0.122" /><testcase classname="backend.tests.test_iter32_outstation.TestAdminEditRoundTrip" name="test_admin_edit_outstation_notice_and_public_reflects" time="0.532" /><testcase classname="backend.tests.test_iter32_outstation.TestAdminEditRoundTrip" name="test_admin_settings_requires_auth" time="0.132" /><testcase classname="backend.tests.test_iter32_outstation.TestOutstationBooking" name="test_outstation_booking_snapshot_and_contract" time="1.742" /><testcase classname="backend.tests.test_iter32_outstation.TestOutstationBooking" name="test_same_city_booking_no_outstation" time="0.735" /><testcase classname="backend.tests.test_iter32_outstation.TestPricingRegression" name="test_pricing_still_5pct_and_18pct_gst" time="0.211" /></testsuite></testsuites>