<?xml version="1.0" encoding="utf-8"?><testsuites name="pytest tests"><testsuite name="pytest" errors="0" failures="0" skipped="0" tests="9" time="1.409" timestamp="2026-07-22T17:07:35.936136+00:00" hostname="agent-env-fde111ca-c1ab-418e-9b25-fd4bafb6c4d9"><testcase classname="backend.tests.test_iter42_suggested_and_calendar.TestSuggestedEndpoint" name="test_suggested_without_date" time="0.315" /><testcase classname="backend.tests.test_iter42_suggested_and_calendar.TestSuggestedEndpoint" name="test_suggested_with_date_str" time="0.079" /><testcase classname="backend.tests.test_iter42_suggested_and_calendar.TestSuggestedEndpoint" name="test_suggested_404_unknown" time="0.071" /><testcase classname="backend.tests.test_iter42_suggested_and_calendar.TestSuggestedEndpoint" name="test_suggested_limit_param" time="0.064" /><testcase classname="backend.tests.test_iter42_suggested_and_calendar.TestSuggestedEndpoint" name="test_suggested_complementary_category" time="0.219" /><testcase classname="backend.tests.test_iter42_suggested_and_calendar.TestSuggestedEndpoint" name="test_suggested_same_city" time="0.162" /><testcase classname="backend.tests.test_iter42_suggested_and_calendar.TestSuggestedEndpoint" name="test_suggested_busy_filtered" time="0.138" /><testcase classname="backend.tests.test_iter42_suggested_and_calendar.TestAvailabilityEndpoint" name="test_availability_shape" time="0.067" /><testcase classname="backend.tests.test_iter42_suggested_and_calendar.TestArtistDetail" name="test_priya_detail" time="0.218" /></testsuite></testsuites>