<?xml version="1.0" encoding="utf-8"?><testsuites name="pytest tests"><testsuite name="pytest" errors="0" failures="0" skipped="0" tests="13" time="4.713" timestamp="2026-07-17T12:41:52.885843+00:00" hostname="agent-env-fde111ca-c1ab-418e-9b25-fd4bafb6c4d9"><testcase classname="backend.tests.test_iter28_sprint5_6.TestSubscriptions" name="test_list_plans_returns_5" time="0.293" /><testcase classname="backend.tests.test_iter28_sprint5_6.TestSubscriptions" name="test_me_default_free" time="0.557" /><testcase classname="backend.tests.test_iter28_sprint5_6.TestSubscriptions" name="test_subscribe_gold" time="0.325" /><testcase classname="backend.tests.test_iter28_sprint5_6.TestSubscriptions" name="test_downgrade_free" time="0.222" /><testcase classname="backend.tests.test_iter28_sprint5_6.TestSubscriptions" name="test_subscribe_customer_forbidden" time="0.442" /><testcase classname="backend.tests.test_iter28_sprint5_6.TestHomepageSections" name="test_sections_shape" time="0.156" /><testcase classname="backend.tests.test_iter28_sprint5_6.TestHomepageSections" name="test_elite_rail_omitted_when_none" time="0.247" /><testcase classname="backend.tests.test_iter28_sprint5_6.TestSearchPlanRank" name="test_search_pagination_and_limit" time="0.128" /><testcase classname="backend.tests.test_iter28_sprint5_6.TestSearchPlanRank" name="test_elite_ranks_first_in_relevance" time="0.826" /><testcase classname="backend.tests.test_iter28_sprint5_6.TestAgencyCommissionEdit" name="test_patch_commission_ok" time="1.091" /><testcase classname="backend.tests.test_iter28_sprint5_6.TestAgencyCommissionEdit" name="test_patch_commission_out_of_range" time="0.101" /><testcase classname="backend.tests.test_iter28_sprint5_6.TestAgencyCommissionEdit" name="test_patch_commission_invalid_artist" time="0.102" /><testcase classname="backend.tests.test_iter28_sprint5_6.TestBookingRegression" name="test_featured_endpoint_still_works" time="0.127" /></testsuite></testsuites>