<?xml version="1.0" encoding="utf-8"?><testsuites name="pytest tests"><testsuite name="pytest" errors="0" failures="0" skipped="0" tests="21" time="1.224" timestamp="2026-06-25T04:38:25.618503+00:00" hostname="agent-env-fde111ca-c1ab-418e-9b25-fd4bafb6c4d9"><testcase classname="backend.tests.test_iter4.TestOnboarding" name="test_onboarding_required_for_fresh_artist" time="0.239" /><testcase classname="backend.tests.test_iter4.TestOnboarding" name="test_onboarding_not_required_for_customer" time="0.238" /><testcase classname="backend.tests.test_iter4.TestOnboarding" name="test_onboarding_complete_flips_completed" time="0.005" /><testcase classname="backend.tests.test_iter4.TestOnboarding" name="test_onboarding_complete_forbidden_for_customer" time="0.002" /><testcase classname="backend.tests.test_iter4.TestProfileFields" name="test_new_profile_fields_persist" time="0.237" /><testcase classname="backend.tests.test_iter4.TestProfileFields" name="test_new_profile_fields_persist_on_fresh_artist" time="0.005" /><testcase classname="backend.tests.test_iter4.TestMediaUpload" name="test_new_media_types_accepted[audio]" time="0.002" /><testcase classname="backend.tests.test_iter4.TestMediaUpload" name="test_new_media_types_accepted[document]" time="0.002" /><testcase classname="backend.tests.test_iter4.TestMediaUpload" name="test_new_media_types_accepted[press_kit]" time="0.002" /><testcase classname="backend.tests.test_iter4.TestMediaUpload" name="test_new_media_types_accepted[brand_deck]" time="0.002" /><testcase classname="backend.tests.test_iter4.TestMediaUpload" name="test_new_media_types_accepted[clip]" time="0.002" /><testcase classname="backend.tests.test_iter4.TestMediaUpload" name="test_5mb_file_succeeds" time="0.090" /><testcase classname="backend.tests.test_iter4.TestMediaUpload" name="test_15mb_file_rejected_with_413" time="0.214" /><testcase classname="backend.tests.test_iter4.TestAcceptSideEffects" name="test_status_confirmed" time="0.022" /><testcase classname="backend.tests.test_iter4.TestAcceptSideEffects" name="test_contract_created" time="0.003" /><testcase classname="backend.tests.test_iter4.TestAcceptSideEffects" name="test_event_date_auto_blocked" time="0.002" /><testcase classname="backend.tests.test_iter4.TestBookingAlternatives" name="test_unavailable_date_returns_400_and_alternatives" time="0.004" /><testcase classname="backend.tests.test_iter4.TestCounterFlow" name="test_artist_counter_action_updates_pricing" time="0.011" /><testcase classname="backend.tests.test_iter4.TestCounterFlow" name="test_customer_accepts_counter" time="0.007" /><testcase classname="backend.tests.test_iter4.TestCounterFlow" name="test_customer_rejects_counter_reverts_price" time="0.017" /><testcase classname="backend.tests.test_iter4.TestSignedContractUpload" name="test_upload_signed_by_both_flips_status" time="0.011" /></testsuite></testsuites>