<?xml version="1.0" encoding="utf-8"?><testsuites name="pytest tests"><testsuite name="pytest" errors="0" failures="0" skipped="0" tests="23" time="5.937" timestamp="2026-07-17T14:47:46.842194+00:00" hostname="agent-env-fde111ca-c1ab-418e-9b25-fd4bafb6c4d9"><testcase classname="backend.tests.test_iter29_concierge_homepage_rider.TestConcierge" name="test_01_downgrade_priya_to_free" time="0.525" /><testcase classname="backend.tests.test_iter29_concierge_homepage_rider.TestConcierge" name="test_02_free_artist_denied" time="0.104" /><testcase classname="backend.tests.test_iter29_concierge_homepage_rider.TestConcierge" name="test_03_customer_denied" time="0.436" /><testcase classname="backend.tests.test_iter29_concierge_homepage_rider.TestConcierge" name="test_04_upgrade_to_elite" time="0.107" /><testcase classname="backend.tests.test_iter29_concierge_homepage_rider.TestConcierge" name="test_05_my_thread_null" time="0.109" /><testcase classname="backend.tests.test_iter29_concierge_homepage_rider.TestConcierge" name="test_06_open_thread_priority_100" time="0.591" /><testcase classname="backend.tests.test_iter29_concierge_homepage_rider.TestConcierge" name="test_07_messages_has_first" time="0.100" /><testcase classname="backend.tests.test_iter29_concierge_homepage_rider.TestConcierge" name="test_08_send_follow_up" time="0.208" /><testcase classname="backend.tests.test_iter29_concierge_homepage_rider.TestConcierge" name="test_09_admin_lists_priya_first" time="0.105" /><testcase classname="backend.tests.test_iter29_concierge_homepage_rider.TestConcierge" name="test_10_admin_reply" time="0.221" /><testcase classname="backend.tests.test_iter29_concierge_homepage_rider.TestConcierge" name="test_11_admin_close_thread_blocks_send" time="0.256" /><testcase classname="backend.tests.test_iter29_concierge_homepage_rider.TestSmartHomepage" name="test_01_anonymous_no_personalized" time="0.142" /><testcase classname="backend.tests.test_iter29_concierge_homepage_rider.TestSmartHomepage" name="test_02_seed_search_history" time="0.142" /><testcase classname="backend.tests.test_iter29_concierge_homepage_rider.TestSmartHomepage" name="test_03_personalized_rails_present" time="1.180" /><testcase classname="backend.tests.test_iter29_concierge_homepage_rider.TestRiderWalletPublic" name="test_01_list_all" time="0.106" /><testcase classname="backend.tests.test_iter29_concierge_homepage_rider.TestRiderWalletPublic" name="test_02_hotels" time="0.108" /><testcase classname="backend.tests.test_iter29_concierge_homepage_rider.TestRiderWalletPublic" name="test_03_flights" time="0.131" /><testcase classname="backend.tests.test_iter29_concierge_homepage_rider.TestRiderWalletPublic" name="test_04_transport" time="0.118" /><testcase classname="backend.tests.test_iter29_concierge_homepage_rider.TestRiderWalletPublic" name="test_05_city_filter_returns_nationwide" time="0.114" /><testcase classname="backend.tests.test_iter29_concierge_homepage_rider.TestRiderWalletAdmin" name="test_01_admin_create" time="0.096" /><testcase classname="backend.tests.test_iter29_concierge_homepage_rider.TestRiderWalletAdmin" name="test_02_admin_update" time="0.103" /><testcase classname="backend.tests.test_iter29_concierge_homepage_rider.TestRiderWalletAdmin" name="test_03_admin_delete" time="0.696" /><testcase classname="backend.tests.test_iter29_concierge_homepage_rider.TestPricingRegression" name="test_01_existing_booking_pricing" time="0.130" /></testsuite></testsuites>