<?xml version="1.0" encoding="utf-8"?><testsuites name="pytest tests"><testsuite name="pytest" errors="0" failures="0" skipped="0" tests="22" time="8.032" timestamp="2026-07-17T09:11:26.198256+00:00" hostname="agent-env-fde111ca-c1ab-418e-9b25-fd4bafb6c4d9"><testcase classname="backend.tests.test_iter26_addons.TestAddonCRUD" name="test_create_addon" time="0.458" /><testcase classname="backend.tests.test_iter26_addons.TestAddonCRUD" name="test_create_optional_addon" time="0.096" /><testcase classname="backend.tests.test_iter26_addons.TestAddonCRUD" name="test_list_my_addons" time="0.131" /><testcase classname="backend.tests.test_iter26_addons.TestAddonCRUD" name="test_patch_addon_price" time="0.201" /><testcase classname="backend.tests.test_iter26_addons.TestAddonCRUD" name="test_soft_delete_addon" time="0.377" /><testcase classname="backend.tests.test_iter26_addons.TestAddonAuth" name="test_customer_cannot_create" time="0.417" /><testcase classname="backend.tests.test_iter26_addons.TestAddonAuth" name="test_other_artist_cannot_patch" time="0.409" /><testcase classname="backend.tests.test_iter26_addons.TestAddonAuth" name="test_other_artist_cannot_delete" time="0.098" /><testcase classname="backend.tests.test_iter26_addons.TestAddonAuth" name="test_anon_cannot_create" time="0.096" /><testcase classname="backend.tests.test_iter26_addons.TestPublicList" name="test_public_list_only_active_and_sorted" time="0.294" /><testcase classname="backend.tests.test_iter26_addons.TestBookingWithAddons" name="test_booking_with_selections_computes_pricing" time="0.243" /><testcase classname="backend.tests.test_iter26_addons.TestMandatoryEnforcement" name="test_empty_selections_rejected" time="0.100" /><testcase classname="backend.tests.test_iter26_addons.TestMandatoryEnforcement" name="test_no_addon_selections_field_rejected" time="0.096" /><testcase classname="backend.tests.test_iter26_addons.TestMandatoryEnforcement" name="test_only_optional_selection_rejected" time="0.103" /><testcase classname="backend.tests.test_iter26_addons.TestQuantityCap" name="test_qty_over_max" time="0.101" /><testcase classname="backend.tests.test_iter26_addons.TestInactiveAddon" name="test_inactive_addon_not_bookable" time="0.096" /><testcase classname="backend.tests.test_iter26_addons.TestSnapshotImmutability" name="test_price_patch_does_not_alter_existing_booking" time="0.292" /><testcase classname="backend.tests.test_iter26_addons.TestLegacyCompat" name="test_legacy_slug_still_works_when_no_mandatory" time="0.287" /><testcase classname="backend.tests.test_iter26_addons.TestRegression" name="test_search_ai_alive" time="3.661" /><testcase classname="backend.tests.test_iter26_addons.TestRegression" name="test_uploads_init_alive" time="0.160" /><testcase classname="backend.tests.test_iter26_addons.TestRegression" name="test_wallet_me_alive" time="0.096" /><testcase classname="backend.tests.test_iter26_addons.TestRegression" name="test_kyc_me_alive" time="0.101" /></testsuite></testsuites>