<?xml version="1.0" encoding="utf-8"?><testsuites name="pytest tests"><testsuite name="pytest" errors="0" failures="3" skipped="0" tests="12" time="2.314" timestamp="2026-09-15T10:49:18.893082+00:00" hostname="agent-env-fde111ca-c1ab-418e-9b25-fd4bafb6c4d9"><testcase classname="backend.tests.test_iter90" name="test_admin_kyc_list_has_v2_status" time="0.578" /><testcase classname="backend.tests.test_iter90" name="test_artist_profiles_only_v2_values" time="0.005" /><testcase classname="backend.tests.test_iter90" name="test_submit_then_decide_syncs_all_three" time="0.474"><failure message="AssertionError: assert 'live' == 'kyc_under_review'&#10;  &#10;  - kyc_under_review&#10;  + live">E   AssertionError: assert 'live' == 'kyc_under_review'
      
      - kyc_under_review
      + live</failure></testcase><testcase classname="backend.tests.test_iter90" name="test_admin_decide_syncs_all_three" time="0.123"><failure message="AssertionError: {&quot;detail&quot;:&quot;No KYC submission found for this user&quot;}&#10;assert 404 == 200&#10; +  where 404 = &lt;Response [404]&gt;.status_code">E   AssertionError: {"detail":"No KYC submission found for this user"}
    assert 404 == 200
     +  where 404 = &lt;Response [404]&gt;.status_code</failure></testcase><testcase classname="backend.tests.test_iter90" name="test_kyc_submit_sets_under_review" time="0.135"><failure message="assert (None)">E   assert (None)</failure></testcase><testcase classname="backend.tests.test_iter90" name="test_ops_dump_disabled" time="0.117" /><testcase classname="backend.tests.test_iter90" name="test_audit_logs_unified" time="0.132" /><testcase classname="backend.tests.test_iter90" name="test_reports_endpoint" time="0.110" /><testcase classname="backend.tests.test_iter90" name="test_payout_retry_queue" time="0.121" /><testcase classname="backend.tests.test_iter90" name="test_report_schedules" time="0.120" /><testcase classname="backend.tests.test_iter90" name="test_manager_scorecard" time="0.136" /><testcase classname="backend.tests.test_iter90" name="test_wa_templates_status" time="0.114" /></testsuite></testsuites>