<?xml version="1.0" encoding="utf-8"?><testsuites name="pytest tests"><testsuite name="pytest" errors="0" failures="0" skipped="0" tests="18" time="3.156" timestamp="2026-07-24T07:40:41.562670+00:00" hostname="agent-env-fde111ca-c1ab-418e-9b25-fd4bafb6c4d9"><testcase classname="backend.tests.test_iter55_rbac_and_about.TestRBACSchema" name="test_get_rbac_roles" time="0.547" /><testcase classname="backend.tests.test_iter55_rbac_and_about.TestRBACSchema" name="test_get_rbac_me_super_admin" time="0.048" /><testcase classname="backend.tests.test_iter55_rbac_and_about.TestAdminCRUD" name="test_create_finance_admin" time="0.271" /><testcase classname="backend.tests.test_iter55_rbac_and_about.TestAdminCRUD" name="test_list_admins_contains_both" time="0.047" /><testcase classname="backend.tests.test_iter55_rbac_and_about.TestAdminCRUD" name="test_duplicate_email_400" time="0.044" /><testcase classname="backend.tests.test_iter55_rbac_and_about.TestAdminCRUD" name="test_patch_downgrade_to_viewer" time="0.088" /><testcase classname="backend.tests.test_iter55_rbac_and_about.TestAdminCRUD" name="test_delete_last_super_admin_blocked" time="0.087" /><testcase classname="backend.tests.test_iter55_rbac_and_about.TestAdminCRUD" name="test_soft_delete_finance_admin" time="0.395" /><testcase classname="backend.tests.test_iter55_rbac_and_about.TestSelfServiceGuards" name="test_super_cannot_deactivate_self" time="0.088" /><testcase classname="backend.tests.test_iter55_rbac_and_about.TestSelfServiceGuards" name="test_super_cannot_demote_self" time="0.085" /><testcase classname="backend.tests.test_iter55_rbac_and_about.TestSelfServiceGuards" name="test_super_cannot_delete_self" time="0.084" /><testcase classname="backend.tests.test_iter55_rbac_and_about.TestRBACEnforcement" name="test_finance_can_hit_analytics_view" time="0.737" /><testcase classname="backend.tests.test_iter55_rbac_and_about.TestRBACEnforcement" name="test_finance_blocked_from_admins_list" time="0.044" /><testcase classname="backend.tests.test_iter55_rbac_and_about.TestRBACEnforcement" name="test_finance_blocked_from_suspend" time="0.044" /><testcase classname="backend.tests.test_iter55_rbac_and_about.TestRBACEnforcement" name="test_finance_rbac_me" time="0.050" /><testcase classname="backend.tests.test_iter55_rbac_and_about.TestArtistAbout" name="test_public_access_no_auth" time="0.107" /><testcase classname="backend.tests.test_iter55_rbac_and_about.TestArtistAbout" name="test_answer_object_shape" time="0.096" /><testcase classname="backend.tests.test_iter55_rbac_and_about.TestArtistAbout" name="test_unknown_artist_returns_empty_scaffold" time="0.186" /></testsuite></testsuites>