<?xml version="1.0" encoding="utf-8"?><testsuites name="pytest tests"><testsuite name="pytest" errors="0" failures="0" skipped="0" tests="8" time="11.080" timestamp="2026-09-15T09:44:29.990672+00:00" hostname="agent-env-fde111ca-c1ab-418e-9b25-fd4bafb6c4d9"><testcase classname="backend.tests.test_iter86_whatsapp_security.TestOpsDumpSecurity" name="test_dump_random_token_404" time="0.197" /><testcase classname="backend.tests.test_iter86_whatsapp_security.TestOpsDumpSecurity" name="test_dump_configured_token_404" time="0.137" /><testcase classname="backend.tests.test_iter86_whatsapp_security.TestAdminLogin" name="test_admin_login_succeeds" time="0.376" /><testcase classname="backend.tests.test_iter86_whatsapp_security.TestWhatsAppWachatsender" name="test_send_whatsapp_writes_log_and_calls_provider" time="0.000" /><testcase classname="backend.tests.test_iter86_whatsapp_security.TestNotificationHooks" name="test_mark_paid_creates_whatsapp_notification_log" time="6.673" /><testcase classname="backend.tests.test_iter86_whatsapp_security.TestNotificationHooks" name="test_manual_payout_creates_whatsapp_notification_log" time="3.157" /><testcase classname="backend.tests.test_iter86_whatsapp_security.TestAdminRegression" name="test_at_risk_bookings" time="0.125" /><testcase classname="backend.tests.test_iter86_whatsapp_security.TestAdminRegression" name="test_payouts_pending" time="0.124" /></testsuite></testsuites>