<?xml version="1.0" encoding="utf-8"?><testsuites name="pytest tests"><testsuite name="pytest" errors="0" failures="6" skipped="0" tests="15" time="8.235" timestamp="2026-07-23T02:18:30.201477+00:00" hostname="agent-env-fde111ca-c1ab-418e-9b25-fd4bafb6c4d9"><testcase classname="backend.tests.test_iter44_multi_artist_recap.TestBookingEventId" name="test_create_booking_no_event_id_returns_auto_generated" time="1.628" /><testcase classname="backend.tests.test_iter44_multi_artist_recap.TestBookingEventId" name="test_create_booking_invalid_event_id_400" time="0.429" /><testcase classname="backend.tests.test_iter44_multi_artist_recap.TestBookingEventId" name="test_two_sequential_bookings_share_event_id" time="1.002" /><testcase classname="backend.tests.test_iter44_multi_artist_recap.TestBookingBatch" name="test_batch_happy_path_two_artists" time="0.920"><failure message="AssertionError: 400 {&quot;detail&quot;:&quot;event_id does not belong to you&quot;}&#10;assert 400 in (200, 201)&#10; +  where 400 = &lt;Response [400]&gt;.status_code">backend/tests/test_iter44_multi_artist_recap.py:192: in test_batch_happy_path_two_artists
    assert r.status_code in (200, 201), f"{r.status_code} {r.text}"
E   AssertionError: 400 {"detail":"event_id does not belong to you"}
E   assert 400 in (200, 201)
E    +  where 400 = &lt;Response [400]&gt;.status_code</failure></testcase><testcase classname="backend.tests.test_iter44_multi_artist_recap.TestBookingBatch" name="test_batch_zero_items_400" time="0.110" /><testcase classname="backend.tests.test_iter44_multi_artist_recap.TestBookingBatch" name="test_batch_seven_items_400" time="1.977" /><testcase classname="backend.tests.test_iter44_multi_artist_recap.TestBatchPayment" name="test_payments_batch_init_and_verify" time="0.000"><failure message="AssertionError: Depends on TestBookingBatch.happy path&#10;assert False&#10; +  where False = hasattr(pytest, 'iter44_batch')">backend/tests/test_iter44_multi_artist_recap.py:237: in test_payments_batch_init_and_verify
    assert hasattr(pytest, "iter44_batch"), "Depends on TestBookingBatch.happy path"
E   AssertionError: Depends on TestBookingBatch.happy path
E   assert False
E    +  where False = hasattr(pytest, 'iter44_batch')</failure></testcase><testcase classname="backend.tests.test_iter44_multi_artist_recap.TestRecap" name="test_recap_public_shape_and_no_pii" time="0.000"><failure message="AttributeError: module 'pytest' has no attribute 'iter44_batch'">backend/tests/test_iter44_multi_artist_recap.py:286: in test_recap_public_shape_and_no_pii
    eid = pytest.iter44_batch["event_id"]
          ^^^^^^^^^^^^^^^^^^^
E   AttributeError: module 'pytest' has no attribute 'iter44_batch'</failure></testcase><testcase classname="backend.tests.test_iter44_multi_artist_recap.TestRecap" name="test_recap_legacy_by_booking_id_fallback" time="0.721" /><testcase classname="backend.tests.test_iter44_multi_artist_recap.TestRecap" name="test_recap_nonexistent_404" time="0.102" /><testcase classname="backend.tests.test_iter44_multi_artist_recap.TestEventSummary" name="test_owner_can_read_summary" time="0.000"><failure message="AttributeError: module 'pytest' has no attribute 'iter44_batch'">backend/tests/test_iter44_multi_artist_recap.py:354: in test_owner_can_read_summary
    eid = pytest.iter44_batch["event_id"]
          ^^^^^^^^^^^^^^^^^^^
E   AttributeError: module 'pytest' has no attribute 'iter44_batch'</failure></testcase><testcase classname="backend.tests.test_iter44_multi_artist_recap.TestEventSummary" name="test_summary_requires_auth" time="0.000"><failure message="AttributeError: module 'pytest' has no attribute 'iter44_batch'">backend/tests/test_iter44_multi_artist_recap.py:366: in test_summary_requires_auth
    eid = pytest.iter44_batch["event_id"]
          ^^^^^^^^^^^^^^^^^^^
E   AttributeError: module 'pytest' has no attribute 'iter44_batch'</failure></testcase><testcase classname="backend.tests.test_iter44_multi_artist_recap.TestEventSummary" name="test_other_customer_gets_403" time="0.328"><failure message="AttributeError: module 'pytest' has no attribute 'iter44_batch'">backend/tests/test_iter44_multi_artist_recap.py:373: in test_other_customer_gets_403
    eid = pytest.iter44_batch["event_id"]
          ^^^^^^^^^^^^^^^^^^^
E   AttributeError: module 'pytest' has no attribute 'iter44_batch'</failure></testcase><testcase classname="backend.tests.test_iter44_multi_artist_recap.TestCounterRegression" name="test_counter_action_still_422" time="0.785" /><testcase classname="backend.tests.test_iter44_multi_artist_recap.TestCounterRegression" name="test_counter_endpoint_still_gone" time="0.100" /></testsuite></testsuites>