<?xml version="1.0" encoding="utf-8"?><testsuites name="pytest tests"><testsuite name="pytest" errors="0" failures="0" skipped="1" tests="22" time="4.418" timestamp="2026-09-15T10:12:09.420835+00:00" hostname="agent-env-fde111ca-c1ab-418e-9b25-fd4bafb6c4d9"><testcase classname="backend.tests.test_iter88.TestPayoutRetryQueue" name="test_list_retry_queue" time="0.568" /><testcase classname="backend.tests.test_iter88.TestPayoutRetryQueue" name="test_list_retry_queue_filter" time="0.085" /><testcase classname="backend.tests.test_iter88.TestPayoutRetryQueue" name="test_enqueue_cancel_retry_cycle" time="0.419" /><testcase classname="backend.tests.test_iter88.TestPayoutRetryQueue" name="test_cancel_nonexistent" time="0.067" /><testcase classname="backend.tests.test_iter88.TestPayoutRetryQueue" name="test_non_admin_forbidden" time="0.406" /><testcase classname="backend.tests.test_iter88.TestReportSchedules" name="test_create_weekly_schedule" time="0.071" /><testcase classname="backend.tests.test_iter88.TestReportSchedules" name="test_list_schedules" time="0.066" /><testcase classname="backend.tests.test_iter88.TestReportSchedules" name="test_patch_schedule" time="0.063" /><testcase classname="backend.tests.test_iter88.TestReportSchedules" name="test_weekly_requires_dow" time="0.087" /><testcase classname="backend.tests.test_iter88.TestReportSchedules" name="test_run_now" time="1.443" /><testcase classname="backend.tests.test_iter88.TestReportSchedules" name="test_delete_schedule" time="0.066" /><testcase classname="backend.tests.test_iter88.TestReportSchedules" name="test_non_admin_forbidden" time="0.063" /><testcase classname="backend.tests.test_iter88.TestManagerScorecard" name="test_scorecard_current_month" time="0.070" /><testcase classname="backend.tests.test_iter88.TestManagerScorecard" name="test_scorecard_bad_month" time="0.071" /><testcase classname="backend.tests.test_iter88.TestManagerScorecard" name="test_scorecard_specific_month" time="0.069" /><testcase classname="backend.tests.test_iter88.TestManagerScorecard" name="test_set_targets_404_non_manager" time="0.067" /><testcase classname="backend.tests.test_iter88.TestManagerScorecard" name="test_set_targets_for_real_manager" time="0.066"><skipped type="pytest.skip" message="No managers in DB — cannot test PATCH targets">/app/backend/tests/test_iter88.py:215: No managers in DB — cannot test PATCH targets</skipped></testcase><testcase classname="backend.tests.test_iter88.TestManagerScorecard" name="test_non_admin_forbidden" time="0.062" /><testcase classname="backend.tests.test_iter88.TestWhatsAppTemplates" name="test_status" time="0.072" /><testcase classname="backend.tests.test_iter88.TestWhatsAppTemplates" name="test_non_admin_forbidden" time="0.066" /><testcase classname="backend.tests.test_iter88.TestIter87Regression" name="test_reports_endpoints" time="0.196" /><testcase classname="backend.tests.test_iter88.TestIter87Regression" name="test_audit_unified" time="0.068" /></testsuite></testsuites>