<?xml version="1.0" encoding="utf-8"?><testsuites name="pytest tests"><testsuite name="pytest" errors="0" failures="0" skipped="0" tests="6" time="3.147" timestamp="2026-07-18T17:02:22.631039+00:00" hostname="agent-env-fde111ca-c1ab-418e-9b25-fd4bafb6c4d9"><testcase classname="backend.tests.test_iter39_extended.TestAnnouncementReadReceipt" name="test_read_receipt_flow" time="1.293" /><testcase classname="backend.tests.test_iter39_extended.TestArtistSlugPriya" name="test_priya_slug_resolves" time="0.230" /><testcase classname="backend.tests.test_iter39_extended.TestArtistSlugPriya" name="test_legacy_uuid_lookup_still_works" time="0.615" /><testcase classname="backend.tests.test_iter39_extended.TestFAQFeatured" name="test_featured_count_ge_2" time="0.102" /><testcase classname="backend.tests.test_iter39_extended.TestBannerAudience" name="test_banner_channel_appears_in_active" time="0.641" /><testcase classname="backend.tests.test_iter39_extended.TestSitemapContents" name="test_sitemap_contains_key_urls" time="0.193" /></testsuite></testsuites>