<?xml version="1.0" encoding="utf-8"?><testsuites name="pytest tests"><testsuite name="pytest" errors="0" failures="0" skipped="0" tests="16" time="7.208" timestamp="2026-07-23T15:53:34.930741+00:00" hostname="agent-env-fde111ca-c1ab-418e-9b25-fd4bafb6c4d9"><testcase classname="backend.tests.test_iter50_watches_video.TestWatches" name="test_create_watch_ok" time="0.604" /><testcase classname="backend.tests.test_iter50_watches_video.TestWatches" name="test_create_watch_empty_body_400" time="0.064" /><testcase classname="backend.tests.test_iter50_watches_video.TestWatches" name="test_get_watches_owner" time="0.070" /><testcase classname="backend.tests.test_iter50_watches_video.TestWatches" name="test_get_watches_other_user_isolated" time="0.419" /><testcase classname="backend.tests.test_iter50_watches_video.TestWatches" name="test_recheck_creates_notification" time="0.147" /><testcase classname="backend.tests.test_iter50_watches_video.TestWatches" name="test_delete_watch_other_user_404" time="0.068" /><testcase classname="backend.tests.test_iter50_watches_video.TestWatches" name="test_delete_watch_owner_ok" time="0.128" /><testcase classname="backend.tests.test_iter50_watches_video.TestVideoCompressionUnit" name="test_under_threshold_returns_raw" time="0.001" /><testcase classname="backend.tests.test_iter50_watches_video.TestVideoCompressionUnit" name="test_real_compression_flow" time="4.234" /><testcase classname="backend.tests.test_iter50_watches_video.TestVideoCompressionUnit" name="test_ffmpeg_missing_path" time="0.001" /><testcase classname="backend.tests.test_iter50_watches_video.TestMediaUploadIntegration" name="test_video_upload_records_stats" time="0.748" /><testcase classname="backend.tests.test_iter50_watches_video.TestMediaUploadIntegration" name="test_image_upload_still_works" time="0.077" /><testcase classname="backend.tests.test_iter50_watches_video.TestRegressions" name="test_questionnaire_universal_63" time="0.134" /><testcase classname="backend.tests.test_iter50_watches_video.TestRegressions" name="test_questionnaire_categories_12" time="0.122" /><testcase classname="backend.tests.test_iter50_watches_video.TestRegressions" name="test_iter48_event_types" time="0.103" /><testcase classname="backend.tests.test_iter50_watches_video.TestRegressions" name="test_planner_endpoint_exists" time="0.220" /></testsuite></testsuites>