<?xml version="1.0" encoding="utf-8"?><testsuites name="pytest tests"><testsuite name="pytest" errors="0" failures="0" skipped="0" tests="13" time="3.595" timestamp="2026-07-23T20:02:34.481505+00:00" hostname="agent-env-fde111ca-c1ab-418e-9b25-fd4bafb6c4d9"><testcase classname="backend.tests.test_iter54_agency_provision_docs.TestAgencyInviteAutoProvision" name="test_invite_missing_email_returns_400" time="0.595" /><testcase classname="backend.tests.test_iter54_agency_provision_docs.TestAgencyInviteAutoProvision" name="test_invite_invalid_email_returns_400" time="0.051" /><testcase classname="backend.tests.test_iter54_agency_provision_docs.TestAgencyInviteAutoProvision" name="test_invite_new_email_auto_provisions" time="0.351" /><testcase classname="backend.tests.test_iter54_agency_provision_docs.TestAgencyInviteAutoProvision" name="test_invite_existing_active_roster_returns_400" time="0.115" /><testcase classname="backend.tests.test_iter54_agency_provision_docs.TestAgencyDocuments" name="test_create_document_no_datauurl_in_response" time="0.604" /><testcase classname="backend.tests.test_iter54_agency_provision_docs.TestAgencyDocuments" name="test_missing_title_returns_400" time="0.061" /><testcase classname="backend.tests.test_iter54_agency_provision_docs.TestAgencyDocuments" name="test_missing_datauurl_returns_400" time="0.053" /><testcase classname="backend.tests.test_iter54_agency_provision_docs.TestAgencyDocuments" name="test_list_documents_omits_datauurl" time="0.057" /><testcase classname="backend.tests.test_iter54_agency_provision_docs.TestAgencyDocuments" name="test_list_filter_by_client_id" time="0.056" /><testcase classname="backend.tests.test_iter54_agency_provision_docs.TestAgencyDocuments" name="test_list_filter_by_event_id" time="0.059" /><testcase classname="backend.tests.test_iter54_agency_provision_docs.TestAgencyDocuments" name="test_download_returns_data_url" time="0.050" /><testcase classname="backend.tests.test_iter54_agency_provision_docs.TestAgencyDocuments" name="test_documents_forbidden_for_non_agency" time="0.895" /><testcase classname="backend.tests.test_iter54_agency_provision_docs.TestAgencyDocuments" name="test_delete_document" time="0.551" /></testsuite></testsuites>