<?xml version="1.0" encoding="utf-8"?><testsuites name="pytest tests"><testsuite name="pytest" errors="0" failures="0" skipped="0" tests="24" time="18.493" timestamp="2026-07-23T17:21:34.147665+00:00" hostname="agent-env-fde111ca-c1ab-418e-9b25-fd4bafb6c4d9"><testcase classname="backend.tests.test_iter52_cart_and_agency.TestCart" name="test_anon_empty_cart_sets_cookie" time="0.140" /><testcase classname="backend.tests.test_iter52_cart_and_agency.TestCart" name="test_add_item_snapshots_artist" time="0.320" /><testcase classname="backend.tests.test_iter52_cart_and_agency.TestCart" name="test_duplicate_guard" time="0.374" /><testcase classname="backend.tests.test_iter52_cart_and_agency.TestCart" name="test_patch_item" time="0.405" /><testcase classname="backend.tests.test_iter52_cart_and_agency.TestCart" name="test_remove_and_clear" time="0.531" /><testcase classname="backend.tests.test_iter52_cart_and_agency.TestCart" name="test_anon_to_user_merge_on_login" time="0.793" /><testcase classname="backend.tests.test_iter52_cart_and_agency.TestAgencyRoleGuard" name="test_customer_gets_403_on_overview" time="0.438" /><testcase classname="backend.tests.test_iter52_cart_and_agency.TestAgencyRoleGuard" name="test_customer_gets_403_on_clients" time="0.077" /><testcase classname="backend.tests.test_iter52_cart_and_agency.TestAgencyRoleGuard" name="test_anon_gets_401_on_agency" time="0.123" /><testcase classname="backend.tests.test_iter52_cart_and_agency.TestAgencyOverview" name="test_overview_shape" time="0.520" /><testcase classname="backend.tests.test_iter52_cart_and_agency.TestOfflineArtists" name="test_crud_and_marketplace_privacy" time="0.394" /><testcase classname="backend.tests.test_iter52_cart_and_agency.TestAgencyClients" name="test_client_notes_and_followups" time="0.470" /><testcase classname="backend.tests.test_iter52_cart_and_agency.TestAgencyEvents" name="test_event_crud" time="0.450" /><testcase classname="backend.tests.test_iter52_cart_and_agency.TestAgencyStaff" name="test_staff_dup_email_returns_409" time="0.233" /><testcase classname="backend.tests.test_iter52_cart_and_agency.TestAgencyFinance" name="test_invoice_math_and_paid" time="0.397" /><testcase classname="backend.tests.test_iter52_cart_and_agency.TestAgencyFinance" name="test_expenses_and_summary" time="0.161" /><testcase classname="backend.tests.test_iter52_cart_and_agency.TestAgencyReportsCalendar" name="test_reports_endpoints" time="0.222" /><testcase classname="backend.tests.test_iter52_cart_and_agency.TestAgencyReportsCalendar" name="test_calendar" time="0.085" /><testcase classname="backend.tests.test_iter52_cart_and_agency.TestAgencyReportsCalendar" name="test_notifications_read" time="0.221" /><testcase classname="backend.tests.test_iter52_cart_and_agency.TestRegression" name="test_artists_search" time="0.156" /><testcase classname="backend.tests.test_iter52_cart_and_agency.TestRegression" name="test_bookings_mine" time="0.624" /><testcase classname="backend.tests.test_iter52_cart_and_agency.TestRegression" name="test_auth_me" time="0.078" /><testcase classname="backend.tests.test_iter52_cart_and_agency.TestRegression" name="test_homepage_spotlight" time="0.153" /><testcase classname="backend.tests.test_iter52_cart_and_agency.TestRegression" name="test_event_planner_suggest" time="11.036" /></testsuite></testsuites>