<?xml version="1.0" encoding="utf-8"?><testsuites name="pytest tests"><testsuite name="pytest" errors="0" failures="0" skipped="0" tests="28" time="6.813" timestamp="2026-06-25T07:07:20.648030+00:00" hostname="agent-env-fde111ca-c1ab-418e-9b25-fd4bafb6c4d9"><testcase classname="backend.tests.test_iter9.TestProviders" name="test_providers_status_admin" time="0.574" /><testcase classname="backend.tests.test_iter9.TestProviders" name="test_providers_status_non_admin_403" time="0.416" /><testcase classname="backend.tests.test_iter9.TestProviders" name="test_provider_test_sms_mocked" time="0.087" /><testcase classname="backend.tests.test_iter9.TestProviders" name="test_provider_test_whatsapp_mocked" time="0.102" /><testcase classname="backend.tests.test_iter9.TestProviders" name="test_provider_test_push_mocked" time="0.089" /><testcase classname="backend.tests.test_iter9.TestProviders" name="test_provider_test_non_admin_403" time="0.103" /><testcase classname="backend.tests.test_iter9.TestAgency" name="test_invite_duplicate_pending_rejected" time="0.415" /><testcase classname="backend.tests.test_iter9.TestAgency" name="test_invite_unknown_artist_404" time="0.097" /><testcase classname="backend.tests.test_iter9.TestAgency" name="test_invite_non_artist_rejected" time="0.090" /><testcase classname="backend.tests.test_iter9.TestAgency" name="test_roster_returns_list" time="0.129" /><testcase classname="backend.tests.test_iter9.TestAgency" name="test_invites_mine_artist" time="0.412" /><testcase classname="backend.tests.test_iter9.TestAgency" name="test_invites_non_artist_403" time="0.114" /><testcase classname="backend.tests.test_iter9.TestAgency" name="test_stats" time="0.093" /><testcase classname="backend.tests.test_iter9.TestAgency" name="test_bookings" time="0.094" /><testcase classname="backend.tests.test_iter9.TestAgency" name="test_agency_endpoints_403_for_non_agency" time="0.304" /><testcase classname="backend.tests.test_iter9.TestAgency" name="test_remove_endpoint_idempotent" time="0.111" /><testcase classname="backend.tests.test_iter9.TestCorporate" name="test_bulk_bookings_partial" time="0.812" /><testcase classname="backend.tests.test_iter9.TestCorporate" name="test_corporate_bookings_list" time="0.100" /><testcase classname="backend.tests.test_iter9.TestCorporate" name="test_corporate_stats" time="0.102" /><testcase classname="backend.tests.test_iter9.TestCorporate" name="test_corporate_endpoints_403_for_non_corporate" time="0.180" /><testcase classname="backend.tests.test_iter9.TestReviewsModeration" name="test_admin_reviews_list_filters" time="0.372" /><testcase classname="backend.tests.test_iter9.TestReviewsModeration" name="test_admin_reviews_non_admin_403" time="0.103" /><testcase classname="backend.tests.test_iter9.TestReviewsModeration" name="test_review_with_photo_goes_pending_and_moderation_flow" time="0.918" /><testcase classname="backend.tests.test_iter9.TestChatUpload" name="test_chat_file_upload" time="0.203" /><testcase classname="backend.tests.test_iter9.TestChatUpload" name="test_chat_voice_upload" time="0.100" /><testcase classname="backend.tests.test_iter9.TestChatUpload" name="test_chat_video_request" time="0.093" /><testcase classname="backend.tests.test_iter9.TestChatUpload" name="test_chat_voice_oversize_rejected" time="0.410" /><testcase classname="backend.tests.test_iter9.TestChatUpload" name="test_chat_stranger_403" time="0.088" /></testsuite></testsuites>