<?xml version="1.0" encoding="utf-8"?><testsuites name="pytest tests"><testsuite name="pytest" errors="0" failures="0" skipped="0" tests="9" time="13.710" timestamp="2026-07-23T07:49:36.272624+00:00" hostname="agent-env-fde111ca-c1ab-418e-9b25-fd4bafb6c4d9"><testcase classname="backend.tests.test_iter47_best_fit.TestBestFit" name="test_happy_path_returns_5_rows_with_expected_shape" time="0.240" /><testcase classname="backend.tests.test_iter47_best_fit.TestBestFit" name="test_seeded_artists_come_back_matched" time="0.056" /><testcase classname="backend.tests.test_iter47_best_fit.TestBestFit" name="test_empty_categories_returns_400" time="0.048" /><testcase classname="backend.tests.test_iter47_best_fit.TestBestFit" name="test_no_duplicate_artist_across_categories" time="0.052" /><testcase classname="backend.tests.test_iter47_best_fit.TestBestFit" name="test_national_fallback_when_city_has_no_artist" time="0.046" /><testcase classname="backend.tests.test_iter47_best_fit.TestBestFitBusyDate" name="test_busy_artist_is_skipped" time="0.563" /><testcase classname="backend.tests.test_iter47_best_fit.TestRegression" name="test_suggest_still_works" time="12.472" /><testcase classname="backend.tests.test_iter47_best_fit.TestRegression" name="test_counter_offer_removed" time="0.048" /><testcase classname="backend.tests.test_iter47_best_fit.TestRegression" name="test_batch_endpoints_registered" time="0.094" /></testsuite></testsuites>