<?xml version="1.0" encoding="utf-8"?><testsuites name="pytest tests"><testsuite name="pytest" errors="0" failures="0" skipped="1" tests="12" time="14.312" timestamp="2026-07-23T09:40:41.639072+00:00" hostname="agent-env-fde111ca-c1ab-418e-9b25-fd4bafb6c4d9"><testcase classname="backend.tests.test_iter48_events_split.TestEventRecapPublic" name="test_live_multi_artist_event_recap_200" time="0.167" /><testcase classname="backend.tests.test_iter48_events_split.TestEventRecapPublic" name="test_recap_no_pii_leak" time="0.045" /><testcase classname="backend.tests.test_iter48_events_split.TestEventRecapPublic" name="test_nonexistent_event_404" time="0.045" /><testcase classname="backend.tests.test_iter48_events_split.TestEventRecapPublic" name="test_legacy_single_booking_fallback" time="0.318"><skipped type="pytest.skip" message="couldn't list customer bookings: 404">/app/backend/tests/test_iter48_events_split.py:88: couldn't list customer bookings: 404</skipped></testcase><testcase classname="backend.tests.test_iter48_events_split.TestEventSummaryAuth" name="test_summary_no_token_401" time="0.095" /><testcase classname="backend.tests.test_iter48_events_split.TestEventSummaryAuth" name="test_summary_wrong_user_403" time="0.363" /><testcase classname="backend.tests.test_iter48_events_split.TestEventSummaryAuth" name="test_summary_owner_200_with_aggregate" time="0.315" /><testcase classname="backend.tests.test_iter48_events_split.TestBatchEndpointsStillRegistered" name="test_bookings_batch_registered" time="0.041" /><testcase classname="backend.tests.test_iter48_events_split.TestBatchEndpointsStillRegistered" name="test_payments_batch_init_registered" time="0.048" /><testcase classname="backend.tests.test_iter48_events_split.TestBatchEndpointsStillRegistered" name="test_payments_batch_verify_registered" time="0.042" /><testcase classname="backend.tests.test_iter48_events_split.TestPlannerRegressions" name="test_best_fit_shape_and_dedupe" time="0.052" /><testcase classname="backend.tests.test_iter48_events_split.TestPlannerRegressions" name="test_suggest_still_works" time="12.711" /></testsuite></testsuites>