<?xml version="1.0" encoding="utf-8"?><testsuites name="pytest tests"><testsuite name="pytest" errors="0" failures="0" skipped="0" tests="6" time="2.415" timestamp="2026-07-18T15:58:59.518443+00:00" hostname="agent-env-fde111ca-c1ab-418e-9b25-fd4bafb6c4d9"><testcase classname="backend.tests.test_iter37_outstation.TestSettingsContent" name="test_public_returns_all_three_keys_with_expected_lengths" time="0.198" /><testcase classname="backend.tests.test_iter37_outstation.TestSettingsContent" name="test_outstation_notice_content" time="0.108" /><testcase classname="backend.tests.test_iter37_outstation.TestSettingsContent" name="test_outstation_clause_content" time="0.103" /><testcase classname="backend.tests.test_iter37_outstation.TestSettingsContent" name="test_booking_fee_note_no_old_copy" time="0.111" /><testcase classname="backend.tests.test_iter37_outstation.TestAdminEditRoundtrip" name="test_admin_can_override_and_restore" time="0.948" /><testcase classname="backend.tests.test_iter37_outstation.TestBookingRegression" name="test_booking_create_with_special_instructions_and_gst_math" time="0.877" /></testsuite></testsuites>