<?xml version="1.0" encoding="utf-8"?><testsuites name="pytest tests"><testsuite name="pytest" errors="0" failures="0" skipped="0" tests="20" time="5.982" timestamp="2026-07-17T15:41:32.812959+00:00" hostname="agent-env-fde111ca-c1ab-418e-9b25-fd4bafb6c4d9"><testcase classname="backend.tests.test_iter30_cookie_auth.TestCookieOnLogin" name="test_login_returns_token_and_user" time="0.440" /><testcase classname="backend.tests.test_iter30_cookie_auth.TestCookieOnLogin" name="test_login_sets_httponly_cookie" time="0.000" /><testcase classname="backend.tests.test_iter30_cookie_auth.TestCookieOnLogin" name="test_login_cookie_value_matches_token" time="0.000" /><testcase classname="backend.tests.test_iter30_cookie_auth.TestLogoutClearsCookie" name="test_logout_clears_cookie" time="0.407" /><testcase classname="backend.tests.test_iter30_cookie_auth.TestCookieOnlyRest" name="test_me_with_cookie_only" time="0.381" /><testcase classname="backend.tests.test_iter30_cookie_auth.TestBearerOnly" name="test_me_with_bearer_only" time="0.146" /><testcase classname="backend.tests.test_iter30_cookie_auth.TestBearerOnly" name="test_me_no_auth_returns_401" time="0.101" /><testcase classname="backend.tests.test_iter30_cookie_auth.TestOtpVerifyCookie" name="test_otp_verify_sets_cookie_for_existing_user" time="0.596" /><testcase classname="backend.tests.test_iter30_cookie_auth.TestRegressionRoles" name="test_priya_me" time="0.143" /><testcase classname="backend.tests.test_iter30_cookie_auth.TestRegressionRoles" name="test_admin_me" time="0.470" /><testcase classname="backend.tests.test_iter30_cookie_auth.TestConciergeRegression" name="test_concierge_threads_list_bearer" time="0.119" /><testcase classname="backend.tests.test_iter30_cookie_auth.TestConciergeRegression" name="test_concierge_threads_list_cookie_only" time="0.393" /><testcase classname="backend.tests.test_iter30_cookie_auth.TestHomepageRegression" name="test_homepage_anonymous" time="0.145" /><testcase classname="backend.tests.test_iter30_cookie_auth.TestHomepageRegression" name="test_homepage_authenticated" time="0.149" /><testcase classname="backend.tests.test_iter30_cookie_auth.TestRiderWalletRegression" name="test_rider_public_list" time="0.107" /><testcase classname="backend.tests.test_iter30_cookie_auth.TestSubscriptionsRegression" name="test_subscription_plans_public" time="0.120" /><testcase classname="backend.tests.test_iter30_cookie_auth.TestSubscriptionsRegression" name="test_my_subscription" time="0.106" /><testcase classname="backend.tests.test_iter30_cookie_auth.TestAddonsRegression" name="test_priya_addons_list" time="0.153" /><testcase classname="backend.tests.test_iter30_cookie_auth.TestTravelRegression" name="test_priya_packages_include_travel_fields" time="1.414" /><testcase classname="backend.tests.test_iter30_cookie_auth.TestCorporateBulk" name="test_bulk_bookings_endpoint_exists" time="0.492" /></testsuite></testsuites>