<?xml version="1.0" encoding="utf-8"?><testsuites name="pytest tests"><testsuite name="pytest" errors="0" failures="0" skipped="0" tests="23" time="37.721" timestamp="2026-07-15T15:26:55.423199+00:00" hostname="agent-env-fde111ca-c1ab-418e-9b25-fd4bafb6c4d9"><testcase classname="backend.tests.test_iter18_city_aliases.TestCityAliases" name="test_dj_in_delhi_returns_dj_vortex" time="2.662" /><testcase classname="backend.tests.test_iter18_city_aliases.TestCityAliases" name="test_singer_in_bombay_under_60000" time="0.979" /><testcase classname="backend.tests.test_iter18_city_aliases.TestCityAliases" name="test_comedian_in_bengaluru" time="0.909" /><testcase classname="backend.tests.test_iter18_city_aliases.TestCityAliases" name="test_unknown_city_ahmedabad_does_not_500" time="0.832" /><testcase classname="backend.tests.test_iter18_city_aliases.TestPriceRegexSpotCheck" name="test_spot[Singer under 50000-50000]" time="0.001" /><testcase classname="backend.tests.test_iter18_city_aliases.TestPriceRegexSpotCheck" name="test_spot[comedian under \u20b980,000-80000]" time="0.000" /><testcase classname="backend.tests.test_iter18_city_aliases.TestPriceRegexSpotCheck" name="test_spot[vocalist under 1.5 lakh-150000]" time="0.000" /><testcase classname="backend.tests.test_iter18_city_aliases.TestFallbackPathDelhi" name="test_fallback_dj_delhi" time="0.693" /><testcase classname="backend.tests.test_iter18_city_aliases.TestIter11Regression" name="test_calendar_ics" time="0.419" /><testcase classname="backend.tests.test_iter18_city_aliases.TestIter11Regression" name="test_customer_csv" time="0.057" /><testcase classname="backend.tests.test_iter18_city_aliases.TestIter11Regression" name="test_admin_revenue_csv" time="0.376" /><testcase classname="backend.tests.test_iter18_city_aliases.TestChatGateRegression" name="test_unpaid_no_access" time="0.058" /><testcase classname="backend.tests.test_iter18_city_aliases.TestChatGateRegression" name="test_paid_has_access" time="0.057" /><testcase classname="backend.tests.test_iter18_city_aliases.TestIter14To16Smoke" name="test_wallet_balance" time="0.067" /><testcase classname="backend.tests.test_iter18_city_aliases.TestIter14To16Smoke" name="test_kyc_status" time="0.053" /><testcase classname="backend.tests.test_iter18_city_aliases.TestIter14To16Smoke" name="test_blogs_list" time="0.055" /><testcase classname="backend.tests.test_iter18_city_aliases.TestIter14To16Smoke" name="test_coupons_list_admin" time="0.048" /><testcase classname="backend.tests.test_iter18_city_aliases.TestIter14To16Smoke" name="test_disputes_list_admin" time="0.050" /><testcase classname="backend.tests.test_iter18_city_aliases.TestIter14To16Smoke" name="test_artists_featured" time="0.054" /><testcase classname="backend.tests.test_iter18_city_aliases.TestPackagingRegression" name="test_requirements_no_emergent" time="0.000" /><testcase classname="backend.tests.test_iter18_city_aliases.TestPackagingRegression" name="test_requirements_emergent_file" time="0.000" /><testcase classname="backend.tests.test_iter18_city_aliases.TestPackagingRegression" name="test_pip_dry_run_main" time="30.202" /><testcase classname="backend.tests.test_iter18_city_aliases.TestBootSmoke" name="test_api_root" time="0.049" /></testsuite></testsuites>