<?xml version="1.0" encoding="utf-8"?><testsuites name="pytest tests"><testsuite name="pytest" errors="0" failures="0" skipped="0" tests="2" time="1.584" timestamp="2026-08-21T13:29:04.046278+00:00" hostname="agent-env-fde111ca-c1ab-418e-9b25-fd4bafb6c4d9"><testcase classname="tests.test_iter71_easebuzz_failclosed" name="test_callback_fail_closed_when_retrieve_cannot_confirm" time="1.245" /><testcase classname="tests.test_iter71_easebuzz_failclosed" name="test_callback_bad_hash_rejected" time="0.168" /></testsuite></testsuites>