<?xml version="1.0" encoding="utf-8"?><testsuites name="pytest tests"><testsuite name="pytest" errors="0" failures="0" skipped="0" tests="24" time="6.724" timestamp="2026-06-25T08:53:50.567899+00:00" hostname="agent-env-fde111ca-c1ab-418e-9b25-fd4bafb6c4d9"><testcase classname="backend.tests.test_iter15.TestLegacyChatUnlock" name="test_access_enabled_for_artist[07835a9d-e38a-481e-97ac-16d74c12760d]" time="1.619" /><testcase classname="backend.tests.test_iter15.TestLegacyChatUnlock" name="test_access_enabled_for_artist[17ce166d-1f7b-4fc1-bd7c-e3192fbccb9b]" time="0.091" /><testcase classname="backend.tests.test_iter15.TestLegacyChatUnlock" name="test_access_enabled_for_customer[07835a9d-e38a-481e-97ac-16d74c12760d]" time="0.110" /><testcase classname="backend.tests.test_iter15.TestLegacyChatUnlock" name="test_access_enabled_for_customer[17ce166d-1f7b-4fc1-bd7c-e3192fbccb9b]" time="0.090" /><testcase classname="backend.tests.test_iter15.TestLegacyChatUnlock" name="test_rest_get_messages_works[07835a9d-e38a-481e-97ac-16d74c12760d]" time="0.098" /><testcase classname="backend.tests.test_iter15.TestLegacyChatUnlock" name="test_rest_get_messages_works[17ce166d-1f7b-4fc1-bd7c-e3192fbccb9b]" time="0.089" /><testcase classname="backend.tests.test_iter15.TestLegacyChatUnlock" name="test_rest_post_message_artist" time="0.097" /><testcase classname="backend.tests.test_iter15.TestLegacyChatUnlock" name="test_rest_post_message_customer" time="0.097" /><testcase classname="backend.tests.test_iter15.TestLegacyChatUnlock" name="test_ws_artist_connects" time="0.154" /><testcase classname="backend.tests.test_iter15.TestLegacyChatUnlock" name="test_ws_customer_connects" time="0.157" /><testcase classname="backend.tests.test_iter15.TestLegacyChatUnlock" name="test_chat_upload_legacy_allowed" time="0.087" /><testcase classname="backend.tests.test_iter15.TestUnpaidStillLocked" name="test_access_disabled" time="0.095" /><testcase classname="backend.tests.test_iter15.TestUnpaidStillLocked" name="test_rest_get_messages_403" time="0.104" /><testcase classname="backend.tests.test_iter15.TestUnpaidStillLocked" name="test_rest_post_message_403" time="0.145" /><testcase classname="backend.tests.test_iter15.TestUnpaidStillLocked" name="test_ws_rejected" time="0.146" /><testcase classname="backend.tests.test_iter15.TestPaidStillUnlocked" name="test_access_enabled" time="0.126" /><testcase classname="backend.tests.test_iter15.TestPaidStillUnlocked" name="test_ws_customer_connects" time="0.184" /><testcase classname="backend.tests.test_iter15.TestRegressionPriorIterations" name="test_ai_search" time="2.514" /><testcase classname="backend.tests.test_iter15.TestRegressionPriorIterations" name="test_ics" time="0.120" /><testcase classname="backend.tests.test_iter15.TestRegressionPriorIterations" name="test_customer_csv" time="0.099" /><testcase classname="backend.tests.test_iter15.TestRegressionPriorIterations" name="test_admin_revenue_csv" time="0.097" /><testcase classname="backend.tests.test_iter15.TestRegressionPriorIterations" name="test_wallet" time="0.091" /><testcase classname="backend.tests.test_iter15.TestRegressionPriorIterations" name="test_admin_coupons" time="0.086" /><testcase classname="backend.tests.test_iter15.TestRegressionPriorIterations" name="test_admin_kyc" time="0.099" /></testsuite></testsuites>