<?xml version="1.0" encoding="utf-8"?><testsuites name="pytest tests"><testsuite name="pytest" errors="0" failures="1" skipped="0" tests="14" time="34.662" timestamp="2026-07-15T15:09:38.829544+00:00" hostname="agent-env-fde111ca-c1ab-418e-9b25-fd4bafb6c4d9"><testcase classname="backend.tests.test_iter16_deploy.TestRequirementsFiles" name="test_requirements_no_emergentintegrations" time="0.000" /><testcase classname="backend.tests.test_iter16_deploy.TestRequirementsFiles" name="test_requirements_no_litellm_wheel_url" time="0.000" /><testcase classname="backend.tests.test_iter16_deploy.TestRequirementsFiles" name="test_optional_file_present" time="0.000" /><testcase classname="backend.tests.test_iter16_deploy.TestRequirementsFiles" name="test_pip_dry_run_resolves_main_requirements" time="24.417" /><testcase classname="backend.tests.test_iter16_deploy.TestAISearchPrimary" name="test_ai_search_mumbai_singer" time="4.521" /><testcase classname="backend.tests.test_iter16_deploy.TestAISearchPrimary" name="test_ai_search_bangalore_dj_price" time="1.113" /><testcase classname="backend.tests.test_iter16_deploy.TestAISearchPrimary" name="test_ai_search_comedian_corporate" time="1.080" /><testcase classname="backend.tests.test_iter16_deploy.TestAISearchFallback" name="test_fallback_logic_when_key_missing" time="0.057"><failure message="AssertionError: stderr:&#10;  Traceback (most recent call last):&#10;    File &quot;&lt;string&gt;&quot;, line 44, in &lt;module&gt;&#10;  AssertionError: {'category_hint': 'singer', 'city': 'Mumbai', 'max_price': 500, 'keywords': 'Singer in Mumbai under 50000'}&#10;  &#10;  stdout:&#10;  &#10;assert 1 == 0&#10; +  where 1 = CompletedProcess(args=['/root/.venv/bin/python', '-c', '\nimport os, sys, asyncio, importlib\n# Block the package so `from emergentintegrations...` raises\nsys.modules[\'emergentintegrations\'] = None\n# Ensure no key so primary path is skipped even if package existed\nos.environ.pop(\'EMERGENT_LLM_KEY\', None)\nsys.path.insert(0, \'/app/backend\')\n\n# Manually replay the fallback branch of ai_search\n# (mirrors iter11_routes.py lines 213-266).\nraw_q = &quot;Singer in Mumbai under 50000&quot;\nfilters = {}\nrationale = None\nkey = os.environ.get(\'EMERGENT_LLM_KEY\', \'\').strip()\ntry:\n    if key:\n        from emergentintegrations.llm.chat import LlmChat, UserMessage  # will fail\n        _ = LlmChat\n        rationale = &quot;ai_parsed&quot;\nexcept Exception as e:\n    rationale = &quot;fallback_&quot; + type(e).__name__\n\nif not filters:\n    import re as _re\n    q_low = raw_q.lower()\n    for cat in [&quot;singer&quot;,&quot;vocalist&quot;,&quot;dj&quot;,&quot;comedian&quot;,&quot;dancer&quot;,&quot;anchor&quot;,&quot;band&quot;,&quot;magician&quot;,&quot;folk&quot;,&quot;bollywood&quot;]:\n        if cat in q_low:\n            filters[\'category_hint\'] = cat; break\n    for city, label in [(&quot;mumbai&quot;,&quot;Mumbai&quot;),(&quot;delhi&quot;,&quot;Delhi NCR&quot;),(&quot;bangalore&quot;,&quot;Bangalore&quot;)]:\n        if city in q_low:\n            filters[\'city\'] = label; break\n    mprice = _re.search(r&quot;(?:under|below|less than|max(?:imum)?)\\s*(?:₹|rs\\.?\\s*)?(\\d{1,3}(?:[,\\s]?\\d{3})*)\\s*(k|lakh|l)?&quot;, q_low)\n    if mprice:\n        val_raw = mprice.group(1).replace(\',\', \'\').replace(\' \', \'\')\n        price = int(val_raw)\n        if mprice.group(2) == \'k\': price *= 1000\n        elif mprice.group(2) in (\'lakh\',\'l\'): price *= 100000\n        filters[\'max_price\'] = price\n    filters[\'keywords\'] = raw_q\n    rationale = rationale or \'regex\'\n\nassert filters[\'category_hint\'] == \'singer\', filters\nassert filters[\'city\'] == \'Mumbai\', filters\nassert filters[\'max_price\'] == 50000, filters\nassert rationale == \'regex\' or rationale.startswith(\'fallback_\'), rationale\nprint(\'OK\', rationale, filters)\n'], returncode=1, stdout='', stderr='Traceback (most recent call last):\n  File &quot;&lt;string&gt;&quot;, line 44, in &lt;module&gt;\nAssertionError: {\'category_hint\': \'singer\', \'city\': \'Mumbai\', \'max_price\': 500, \'keywords\': \'Singer in Mumbai under 50000\'}\n').returncode">backend/tests/test_iter16_deploy.py:222: in test_fallback_logic_when_key_missing
    assert r.returncode == 0, f"stderr:\n{r.stderr}\nstdout:\n{r.stdout}"
E   AssertionError: stderr:
E     Traceback (most recent call last):
E       File "&lt;string&gt;", line 44, in &lt;module&gt;
E     AssertionError: {'category_hint': 'singer', 'city': 'Mumbai', 'max_price': 500, 'keywords': 'Singer in Mumbai under 50000'}
E     
E     stdout:
E     
E   assert 1 == 0
E    +  where 1 = CompletedProcess(args=['/root/.venv/bin/python', '-c', '\nimport os, sys, asyncio, importlib\n# Block the package so `from emergentintegrations...` raises\nsys.modules[\'emergentintegrations\'] = None\n# Ensure no key so primary path is skipped even if package existed\nos.environ.pop(\'EMERGENT_LLM_KEY\', None)\nsys.path.insert(0, \'/app/backend\')\n\n# Manually replay the fallback branch of ai_search\n# (mirrors iter11_routes.py lines 213-266).\nraw_q = "Singer in Mumbai under 50000"\nfilters = {}\nrationale = None\nkey = os.environ.get(\'EMERGENT_LLM_KEY\', \'\').strip()\ntry:\n    if key:\n        from emergentintegrations.llm.chat import LlmChat, UserMessage  # will fail\n        _ = LlmChat\n        rationale = "ai_parsed"\nexcept Exception as e:\n    rationale = "fallback_" + type(e).__name__\n\nif not filters:\n    import re as _re\n    q_low = raw_q.lower()\n    for cat in ["singer","vocalist","dj","comedian","dancer","anchor","band","magician","folk","bollywood"]:\n        if cat in q_low:\n            filters[\'category_hint\'] = cat; break\n    for city, label in [("mumbai","Mumbai"),("delhi","Delhi NCR"),("bangalore","Bangalore")]:\n        if city in q_low:\n            filters[\'city\'] = label; break\n    mprice = _re.search(r"(?:under|below|less than|max(?:imum)?)\\s*(?:₹|rs\\.?\\s*)?(\\d{1,3}(?:[,\\s]?\\d{3})*)\\s*(k|lakh|l)?", q_low)\n    if mprice:\n        val_raw = mprice.group(1).replace(\',\', \'\').replace(\' \', \'\')\n        price = int(val_raw)\n        if mprice.group(2) == \'k\': price *= 1000\n        elif mprice.group(2) in (\'lakh\',\'l\'): price *= 100000\n        filters[\'max_price\'] = price\n    filters[\'keywords\'] = raw_q\n    rationale = rationale or \'regex\'\n\nassert filters[\'category_hint\'] == \'singer\', filters\nassert filters[\'city\'] == \'Mumbai\', filters\nassert filters[\'max_price\'] == 50000, filters\nassert rationale == \'regex\' or rationale.startswith(\'fallback_\'), rationale\nprint(\'OK\', rationale, filters)\n'], returncode=1, stdout='', stderr='Traceback (most recent call last):\n  File "&lt;string&gt;", line 44, in &lt;module&gt;\nAssertionError: {\'category_hint\': \'singer\', \'city\': \'Mumbai\', \'max_price\': 500, \'keywords\': \'Singer in Mumbai under 50000\'}\n').returncode</failure></testcase><testcase classname="backend.tests.test_iter16_deploy.TestAISearchFallback" name="test_live_endpoint_returns_200_and_valid_shape" time="2.075" /><testcase classname="backend.tests.test_iter16_deploy.TestIter11Regressions" name="test_calendar_ics_for_paid_booking" time="0.432" /><testcase classname="backend.tests.test_iter16_deploy.TestIter11Regressions" name="test_customer_bookings_csv" time="0.059" /><testcase classname="backend.tests.test_iter16_deploy.TestIter11Regressions" name="test_admin_revenue_csv" time="0.423" /><testcase classname="backend.tests.test_iter16_deploy.TestBootHealth" name="test_api_root" time="0.048" /><testcase classname="backend.tests.test_iter16_deploy.TestBootHealth" name="test_login_admin" time="0.326" /></testsuite></testsuites>