<?xml version="1.0" encoding="utf-8"?><testsuites name="pytest tests"><testsuite name="pytest" errors="0" failures="0" skipped="0" tests="18" time="5.610" timestamp="2026-06-25T08:19:17.743833+00:00" hostname="agent-env-fde111ca-c1ab-418e-9b25-fd4bafb6c4d9"><testcase classname="backend.tests.test_iter12.TestHealth" name="test_server_responsive" time="0.334" /><testcase classname="backend.tests.test_iter12.TestChatGate" name="test_unpaid_access_returns_disabled_for_customer" time="1.043" /><testcase classname="backend.tests.test_iter12.TestChatGate" name="test_unpaid_access_returns_disabled_for_artist" time="0.091" /><testcase classname="backend.tests.test_iter12.TestChatGate" name="test_paid_access_returns_enabled_for_customer" time="0.094" /><testcase classname="backend.tests.test_iter12.TestChatGate" name="test_unpaid_list_messages_403_customer" time="0.087" /><testcase classname="backend.tests.test_iter12.TestChatGate" name="test_unpaid_post_message_403" time="0.095" /><testcase classname="backend.tests.test_iter12.TestChatGate" name="test_unpaid_post_message_artist_also_blocked" time="0.092" /><testcase classname="backend.tests.test_iter12.TestChatGate" name="test_unpaid_upload_403" time="0.103" /><testcase classname="backend.tests.test_iter12.TestChatGate" name="test_paid_list_messages_200" time="0.095" /><testcase classname="backend.tests.test_iter12.TestAdminBypass" name="test_admin_can_read_messages_on_unpaid" time="0.090" /><testcase classname="backend.tests.test_iter12.TestAdminBypass" name="test_admin_access_enabled_true_on_unpaid" time="0.091" /><testcase classname="backend.tests.test_iter12.TestChatWebsocket" name="test_unpaid_ws_rejected" time="0.142" /><testcase classname="backend.tests.test_iter12.TestChatWebsocket" name="test_paid_ws_connects_and_presence" time="0.175" /><testcase classname="backend.tests.test_iter12.TestAISearch" name="test_ai_search_returns_200" time="2.622" /><testcase classname="backend.tests.test_iter12.TestICS" name="test_paid_booking_ics" time="0.110" /><testcase classname="backend.tests.test_iter12.TestCustomerCSV" name="test_my_bookings_csv" time="0.092" /><testcase classname="backend.tests.test_iter12.TestAdminRevenueCSV" name="test_admin_revenue_csv_200" time="0.090" /><testcase classname="backend.tests.test_iter12.TestAdminRevenueCSV" name="test_customer_forbidden_from_admin_csv" time="0.091" /></testsuite></testsuites>