<?xml version="1.0" encoding="utf-8"?><testsuites name="pytest tests"><testsuite name="pytest" errors="0" failures="0" skipped="0" tests="16" time="4.647" timestamp="2026-07-17T16:10:22.855787+00:00" hostname="agent-env-fde111ca-c1ab-418e-9b25-fd4bafb6c4d9"><testcase classname="backend.tests.test_iter31_partners_insights_concierge.TestPartnersPublic" name="test_vendors_list_has_slug_and_click_count" time="0.188" /><testcase classname="backend.tests.test_iter31_partners_insights_concierge.TestPartnersPublic" name="test_vendors_filter_by_type_hotel" time="0.138" /><testcase classname="backend.tests.test_iter31_partners_insights_concierge.TestPartnersPublic" name="test_partner_detail_by_slug" time="0.127" /><testcase classname="backend.tests.test_iter31_partners_insights_concierge.TestPartnersPublic" name="test_partner_detail_unknown_slug" time="0.125" /><testcase classname="backend.tests.test_iter31_partners_insights_concierge.TestClickTracking" name="test_click_increments_count" time="0.869" /><testcase classname="backend.tests.test_iter31_partners_insights_concierge.TestClickTracking" name="test_click_unknown_vendor_returns_404" time="0.141" /><testcase classname="backend.tests.test_iter31_partners_insights_concierge.TestLeaderboard" name="test_leaderboard_requires_admin" time="0.409" /><testcase classname="backend.tests.test_iter31_partners_insights_concierge.TestLeaderboard" name="test_leaderboard_sorted_by_click_count_desc" time="0.067" /><testcase classname="backend.tests.test_iter31_partners_insights_concierge.TestLeaderboard" name="test_rotate_featured" time="0.125" /><testcase classname="backend.tests.test_iter31_partners_insights_concierge.TestInsights" name="test_artist_insights_shape" time="0.382" /><testcase classname="backend.tests.test_iter31_partners_insights_concierge.TestInsights" name="test_insights_funnel_only" time="0.061" /><testcase classname="backend.tests.test_iter31_partners_insights_concierge.TestInsights" name="test_insights_forbidden_for_customer" time="0.059" /><testcase classname="backend.tests.test_iter31_partners_insights_concierge.TestConciergeNotifications" name="test_concierge_admin_reply_creates_notification" time="1.302" /><testcase classname="backend.tests.test_iter31_partners_insights_concierge.TestConciergeNotifications" name="test_concierge_reply_survives_provider_absence" time="0.252" /><testcase classname="backend.tests.test_iter31_partners_insights_concierge.TestSeedBackfill" name="test_all_vendors_have_slug_and_click_count" time="0.064" /><testcase classname="backend.tests.test_iter31_partners_insights_concierge.TestPricingRegression" name="test_platform_fee_5pct_gst_18pct" time="0.240" /></testsuite></testsuites>