<?xml version="1.0" encoding="utf-8"?><testsuites name="pytest tests"><testsuite name="pytest" errors="0" failures="0" skipped="0" tests="4" time="1.842" timestamp="2026-07-27T14:27:56.389166+00:00" hostname="agent-env-fde111ca-c1ab-418e-9b25-fd4bafb6c4d9"><testcase classname="backend.tests.test_iter60_booking_hardening" name="test_guests_as_int_returns_422" time="0.526" /><testcase classname="backend.tests.test_iter60_booking_hardening" name="test_batch_tnc_false_rejected" time="0.361" /><testcase classname="backend.tests.test_iter60_booking_hardening" name="test_single_artist_happy_path" time="0.282" /><testcase classname="backend.tests.test_iter60_booking_hardening" name="test_batch_artist_happy_path" time="0.593" /></testsuite></testsuites>