<?xml version="1.0" encoding="utf-8"?><testsuites name="pytest tests"><testsuite name="pytest" errors="0" failures="0" skipped="0" tests="6" time="2.666" timestamp="2026-07-17T11:09:24.652669+00:00" hostname="agent-env-fde111ca-c1ab-418e-9b25-fd4bafb6c4d9"><testcase classname="backend.tests.test_iter27_travel.TestPackageTravelFieldsUpdate" name="test_update_package_with_all_travel_fields" time="0.975" /><testcase classname="backend.tests.test_iter27_travel.TestBookingTravelSnapshot" name="test_booking_captures_travel_requirements" time="0.712" /><testcase classname="backend.tests.test_iter27_travel.TestBookingTravelSnapshot" name="test_get_booking_returns_travel_requirements" time="0.134" /><testcase classname="backend.tests.test_iter27_travel.TestPricingMathRegression" name="test_travel_does_not_affect_total" time="0.000" /><testcase classname="backend.tests.test_iter27_travel.TestTravelSnapshotImmutability" name="test_package_edit_after_booking_does_not_alter_history" time="0.203" /><testcase classname="backend.tests.test_iter27_travel.TestPackageWithoutTravel" name="test_package_defaults_are_falsy" time="0.551" /></testsuite></testsuites>