<?xml version="1.0" encoding="utf-8"?><testsuites name="pytest tests"><testsuite name="pytest" errors="0" failures="0" skipped="0" tests="22" time="2.520" timestamp="2026-09-15T09:57:31.223658+00:00" hostname="agent-env-fde111ca-c1ab-418e-9b25-fd4bafb6c4d9"><testcase classname="backend.tests.test_iter87_reports_audit.TestArtistBookingsReport" name="test_json" time="0.615" /><testcase classname="backend.tests.test_iter87_reports_audit.TestArtistBookingsReport" name="test_json_with_date_filter" time="0.070" /><testcase classname="backend.tests.test_iter87_reports_audit.TestArtistBookingsReport" name="test_csv" time="0.073" /><testcase classname="backend.tests.test_iter87_reports_audit.TestArtistBookingsReport" name="test_forbidden_customer" time="0.410" /><testcase classname="backend.tests.test_iter87_reports_audit.TestManagerLeadsReport" name="test_json" time="0.069" /><testcase classname="backend.tests.test_iter87_reports_audit.TestManagerLeadsReport" name="test_csv" time="0.092" /><testcase classname="backend.tests.test_iter87_reports_audit.TestManagerLeadsReport" name="test_forbidden_customer" time="0.069" /><testcase classname="backend.tests.test_iter87_reports_audit.TestPlatformWaiversReport" name="test_json" time="0.071" /><testcase classname="backend.tests.test_iter87_reports_audit.TestPlatformWaiversReport" name="test_csv" time="0.066" /><testcase classname="backend.tests.test_iter87_reports_audit.TestPlatformWaiversReport" name="test_forbidden_customer" time="0.080" /><testcase classname="backend.tests.test_iter87_reports_audit.TestUnifiedAuditLog" name="test_basic" time="0.075" /><testcase classname="backend.tests.test_iter87_reports_audit.TestUnifiedAuditLog" name="test_with_filters" time="0.074" /><testcase classname="backend.tests.test_iter87_reports_audit.TestUnifiedAuditLog" name="test_date_range_filter" time="0.069" /><testcase classname="backend.tests.test_iter87_reports_audit.TestUnifiedAuditLog" name="test_action_regex_filter" time="0.069" /><testcase classname="backend.tests.test_iter87_reports_audit.TestUnifiedAuditLog" name="test_forbidden_customer" time="0.069" /><testcase classname="backend.tests.test_iter87_reports_audit.TestCORSHardening" name="test_evil_origin_blocked" time="0.002" /><testcase classname="backend.tests.test_iter87_reports_audit.TestCORSHardening" name="test_preview_origin_allowed" time="0.001" /><testcase classname="backend.tests.test_iter87_reports_audit.TestCORSHardening" name="test_booktalent_origin_allowed" time="0.001" /><testcase classname="backend.tests.test_iter87_reports_audit.TestIter86Regression" name="test_at_risk_bookings" time="0.070" /><testcase classname="backend.tests.test_iter87_reports_audit.TestIter86Regression" name="test_pending_payouts" time="0.077" /><testcase classname="backend.tests.test_iter87_reports_audit.TestIter86Regression" name="test_agency_financial_view_requires_auth" time="0.161" /><testcase classname="backend.tests.test_iter87_reports_audit.TestIter86Regression" name="test_ops_dump_disabled" time="0.127" /></testsuite></testsuites>