<?xml version="1.0" encoding="utf-8"?><testsuites name="pytest tests"><testsuite name="pytest" errors="0" failures="1" skipped="0" tests="17" time="5.877" timestamp="2026-09-15T12:52:10.431994+00:00" hostname="agent-env-fde111ca-c1ab-418e-9b25-fd4bafb6c4d9"><testcase classname="backend.tests.test_iter90b.TestKycPipeline" name="test_artist_pipeline_shape" time="0.557" /><testcase classname="backend.tests.test_iter90b.TestKycPipeline" name="test_non_artist_forbidden" time="0.560" /><testcase classname="backend.tests.test_iter90b.TestKycPipeline" name="test_admin_forbidden" time="0.537" /><testcase classname="backend.tests.test_iter90b.TestAdminAgreements" name="test_get_meta" time="1.149" /><testcase classname="backend.tests.test_iter90b.TestAdminAgreements" name="test_get_meta_missing" time="0.193" /><testcase classname="backend.tests.test_iter90b.TestAdminAgreements" name="test_download_admin" time="0.160" /><testcase classname="backend.tests.test_iter90b.TestAdminAgreements" name="test_download_non_admin" time="0.159" /><testcase classname="backend.tests.test_iter90b.TestAdminAgreements" name="test_reissue" time="0.346"><failure message="AssertionError: {&quot;detail&quot;:&quot;Cannot re-issue — artist is in state 'kyc_under_review'. Only artists past T&amp;C acceptance can have their agreement re-issued.&quot;}&#10;assert 409 == 200&#10; +  where 409 = &lt;Response [409]&gt;.status_code">backend/tests/test_iter90b.py:161: in test_reissue
    assert r.status_code == 200, r.text
E   AssertionError: {"detail":"Cannot re-issue — artist is in state 'kyc_under_review'. Only artists past T&amp;C acceptance can have their agreement re-issued."}
E   assert 409 == 200
E    +  where 409 = &lt;Response [409]&gt;.status_code</failure></testcase><testcase classname="backend.tests.test_iter90b.TestAdminAgreements" name="test_reissue_bad_state" time="0.210" /><testcase classname="backend.tests.test_iter90b.TestManagerChatThreads" name="test_admin_all_threads" time="0.306" /><testcase classname="backend.tests.test_iter90b.TestManagerChatThreads" name="test_manager_filtered" time="0.532" /><testcase classname="backend.tests.test_iter90b.TestManagerChatThreads" name="test_customer_forbidden" time="0.121" /><testcase classname="backend.tests.test_iter90b.TestManagerChatThreads" name="test_artist_forbidden" time="0.147" /><testcase classname="backend.tests.test_iter90b.TestRegression" name="test_endpoint_ok[/api/admin/reports/bookings-summary]" time="0.188" /><testcase classname="backend.tests.test_iter90b.TestRegression" name="test_endpoint_ok[/api/admin/audit-logs]" time="0.298" /><testcase classname="backend.tests.test_iter90b.TestRegression" name="test_endpoint_ok[/api/admin/leaderboard]" time="0.143" /><testcase classname="backend.tests.test_iter90b.TestRegression" name="test_endpoint_ok[/api/admin/wa-templates]" time="0.156" /></testsuite></testsuites>