<?xml version="1.0" encoding="utf-8"?><testsuites name="pytest tests"><testsuite name="pytest" errors="0" failures="0" skipped="1" tests="10" time="3.227" timestamp="2026-09-16T04:53:05.345693+00:00" hostname="agent-env-fde111ca-c1ab-418e-9b25-fd4bafb6c4d9"><testcase classname="tests.test_req_batch_4.TestCSVBatch" name="test_preview_matches_ref" time="0.624" /><testcase classname="tests.test_req_batch_4.TestCSVBatch" name="test_apply_marks_paid" time="0.171" /><testcase classname="tests.test_req_batch_4.TestRefundSLA" name="test_sweep_idempotent" time="0.239" /><testcase classname="tests.test_req_batch_4.TestPresetUse" name="test_use_counter" time="1.078" /><testcase classname="tests.test_req_batch_4.TestPresetUse" name="test_use_permission_denied" time="0.002"><skipped type="pytest.skip" message="No other manager's private preset to test with">/app/backend/tests/test_req_batch_4.py:205: No other manager's private preset to test with</skipped></testcase><testcase classname="tests.test_req_batch_4.TestSavedViews" name="test_crud" time="0.543" /><testcase classname="tests.test_req_batch_4.TestEmailTimelineSnippet" name="test_import" time="0.190" /><testcase classname="tests.test_req_batch_4.TestEmailTimelineSnippet" name="test_crm_pay_reminder_uses_snippet" time="0.007" /><testcase classname="tests.test_req_batch_4.TestEmailTimelineSnippet" name="test_easebuzz_receipt_passes_timeline" time="0.036" /><testcase classname="tests.test_req_batch_4.TestEmailTimelineSnippet" name="test_email_service_receipt_accepts_kwarg" time="0.005" /></testsuite></testsuites>