<?xml version="1.0" encoding="utf-8"?><testsuites name="pytest tests"><testsuite name="pytest" errors="0" failures="0" skipped="0" tests="12" time="6.699" timestamp="2026-07-22T17:38:24.506429+00:00" hostname="agent-env-fde111ca-c1ab-418e-9b25-fd4bafb6c4d9"><testcase classname="backend.tests.test_iter43_counter_removed.TestCounterActionRejected" name="test_counter_action_rejected_422_or_400" time="1.394" /><testcase classname="backend.tests.test_iter43_counter_removed.TestCounterActionRejected" name="test_counter_price_field_ignored_by_model" time="0.485" /><testcase classname="backend.tests.test_iter43_counter_removed.TestCounterEndpointRemoved" name="test_counter_endpoint_returns_404_or_405" time="0.521" /><testcase classname="backend.tests.test_iter43_counter_removed.TestCounterEndpointRemoved" name="test_counter_endpoint_get_also_404_or_405" time="0.107" /><testcase classname="backend.tests.test_iter43_counter_removed.TestHappyPathBookingFlow" name="test_full_accept_flow" time="0.660" /><testcase classname="backend.tests.test_iter43_counter_removed.TestHappyPathBookingFlow" name="test_reject_action_still_works" time="0.487" /><testcase classname="backend.tests.test_iter43_counter_removed.TestValidActionsWhitelist" name="test_invalid_actions_rejected[propose]" time="0.517" /><testcase classname="backend.tests.test_iter43_counter_removed.TestValidActionsWhitelist" name="test_invalid_actions_rejected[counter]" time="0.477" /><testcase classname="backend.tests.test_iter43_counter_removed.TestValidActionsWhitelist" name="test_invalid_actions_rejected[counteroffer]" time="0.528" /><testcase classname="backend.tests.test_iter43_counter_removed.TestValidActionsWhitelist" name="test_invalid_actions_rejected[COUNTER]" time="0.471" /><testcase classname="backend.tests.test_iter43_counter_removed.TestValidActionsWhitelist" name="test_invalid_actions_rejected[hold]" time="0.488" /><testcase classname="backend.tests.test_iter43_counter_removed.TestValidActionsWhitelist" name="test_invalid_actions_rejected[]" time="0.478" /></testsuite></testsuites>