<?xml version="1.0" encoding="utf-8"?><testsuites name="pytest tests"><testsuite name="pytest" errors="0" failures="0" skipped="0" tests="20" time="18.893" timestamp="2026-07-23T16:28:38.218455+00:00" hostname="agent-env-fde111ca-c1ab-418e-9b25-fd4bafb6c4d9"><testcase classname="backend.tests.test_iter51_cookie_auth_security.TestLoginCookie" name="test_login_returns_token_and_user" time="0.829" /><testcase classname="backend.tests.test_iter51_cookie_auth_security.TestLoginCookie" name="test_login_sets_httponly_cookie" time="0.000" /><testcase classname="backend.tests.test_iter51_cookie_auth_security.TestLoginCookie" name="test_cookie_value_is_jwt" time="0.000" /><testcase classname="backend.tests.test_iter51_cookie_auth_security.TestRegisterCookie" name="test_register_new_customer_sets_cookie" time="0.612" /><testcase classname="backend.tests.test_iter51_cookie_auth_security.TestAuthMe" name="test_me_with_cookie_only_no_bearer" time="0.398" /><testcase classname="backend.tests.test_iter51_cookie_auth_security.TestAuthMe" name="test_me_without_any_auth_returns_401" time="0.126" /><testcase classname="backend.tests.test_iter51_cookie_auth_security.TestLogout" name="test_logout_clears_cookie" time="0.605" /><testcase classname="backend.tests.test_iter51_cookie_auth_security.TestOtpVerifyCookie" name="test_otp_verify_sets_cookie" time="0.582" /><testcase classname="backend.tests.test_iter51_cookie_auth_security.TestChatWebSocket" name="test_ws_no_auth_closes_4001" time="0.700" /><testcase classname="backend.tests.test_iter51_cookie_auth_security.TestChatWebSocket" name="test_ws_with_cookie_only_succeeds" time="0.236" /><testcase classname="backend.tests.test_iter51_cookie_auth_security.TestChatWebSocket" name="test_ws_legacy_query_token_still_works" time="0.246" /><testcase classname="backend.tests.test_iter51_cookie_auth_security.TestPdfInvoiceCookieAuth" name="test_invoice_pdf_with_cookie_only" time="0.168" /><testcase classname="backend.tests.test_iter51_cookie_auth_security.TestPdfInvoiceCookieAuth" name="test_invoice_pdf_no_auth_returns_401" time="0.105" /><testcase classname="backend.tests.test_iter51_cookie_auth_security.TestChunkedUploadsCookieAuth" name="test_uploads_init_cookie_only" time="0.563" /><testcase classname="backend.tests.test_iter51_cookie_auth_security.TestVideoCompressionEndToEnd" name="test_media_upload_video_triggers_compression" time="2.357" /><testcase classname="backend.tests.test_iter51_cookie_auth_security.TestRegressionEndpoints" name="test_artists_search" time="0.139" /><testcase classname="backend.tests.test_iter51_cookie_auth_security.TestRegressionEndpoints" name="test_homepage_spotlight" time="0.107" /><testcase classname="backend.tests.test_iter51_cookie_auth_security.TestRegressionEndpoints" name="test_settings_public" time="0.139" /><testcase classname="backend.tests.test_iter51_cookie_auth_security.TestRegressionEndpoints" name="test_faqs_search" time="0.124" /><testcase classname="backend.tests.test_iter51_cookie_auth_security.TestRegressionEndpoints" name="test_event_planner_suggest" time="10.747" /></testsuite></testsuites>