<?xml version="1.0" encoding="utf-8"?><testsuites name="pytest tests"><testsuite name="pytest" errors="0" failures="0" skipped="0" tests="16" time="3.421" timestamp="2026-07-18T17:00:39.024986+00:00" hostname="agent-env-fde111ca-c1ab-418e-9b25-fd4bafb6c4d9"><testcase classname="backend.tests.test_iter39_cms_seo.TestCMSPublic" name="test_cms_list" time="0.265" /><testcase classname="backend.tests.test_iter39_cms_seo.TestCMSPublic" name="test_cms_page" time="0.120" /><testcase classname="backend.tests.test_iter39_cms_seo.TestCMSPublic" name="test_cms_404" time="0.105" /><testcase classname="backend.tests.test_iter39_cms_seo.TestCMSPublic" name="test_menu_footer_contains_pages" time="0.094" /><testcase classname="backend.tests.test_iter39_cms_seo.TestCMSPublic" name="test_menu_header" time="0.101" /><testcase classname="backend.tests.test_iter39_cms_seo.TestCMSPublic" name="test_admin_cms_v2_crud" time="0.862" /><testcase classname="backend.tests.test_iter39_cms_seo.TestFAQ" name="test_faqs_search_featured" time="0.106" /><testcase classname="backend.tests.test_iter39_cms_seo.TestFAQ" name="test_faqs_categories" time="0.104" /><testcase classname="backend.tests.test_iter39_cms_seo.TestFAQ" name="test_faqs_search_q" time="0.103" /><testcase classname="backend.tests.test_iter39_cms_seo.TestAnnouncements" name="test_active_endpoint_public" time="0.106" /><testcase classname="backend.tests.test_iter39_cms_seo.TestAnnouncements" name="test_admin_ann_crud" time="0.663" /><testcase classname="backend.tests.test_iter39_cms_seo.TestSitemapAndRobots" name="test_sitemap_xml" time="0.172" /><testcase classname="backend.tests.test_iter39_cms_seo.TestSitemapAndRobots" name="test_robots" time="0.111" /><testcase classname="backend.tests.test_iter39_cms_seo.TestSEOEndpoints" name="test_category_landing" time="0.127" /><testcase classname="backend.tests.test_iter39_cms_seo.TestSEOEndpoints" name="test_city_landing" time="0.110" /><testcase classname="backend.tests.test_iter39_cms_seo.TestSEOEndpoints" name="test_artist_slug_lookup" time="0.199" /></testsuite></testsuites>