<?xml version="1.0" encoding="utf-8"?><testsuites name="pytest tests"><testsuite name="pytest" errors="0" failures="0" skipped="0" tests="16" time="20.701" timestamp="2026-07-23T05:47:20.761268+00:00" hostname="agent-env-fde111ca-c1ab-418e-9b25-fd4bafb6c4d9"><testcase classname="backend.tests.test_iter44_multi_artist_recap.TestBookingEventId" name="test_create_booking_no_event_id_returns_auto_generated" time="1.047" /><testcase classname="backend.tests.test_iter44_multi_artist_recap.TestBookingEventId" name="test_create_booking_invalid_event_id_400" time="11.605" /><testcase classname="backend.tests.test_iter44_multi_artist_recap.TestBookingEventId" name="test_two_sequential_bookings_share_event_id" time="0.994" /><testcase classname="backend.tests.test_iter44_multi_artist_recap.TestBookingBatch" name="test_batch_happy_path_two_artists" time="1.086" /><testcase classname="backend.tests.test_iter44_multi_artist_recap.TestBookingBatch" name="test_batch_zero_items_400" time="0.097" /><testcase classname="backend.tests.test_iter44_multi_artist_recap.TestBookingBatch" name="test_batch_seven_items_400" time="1.908" /><testcase classname="backend.tests.test_iter44_multi_artist_recap.TestBatchPayment" name="test_payments_batch_init_and_verify" time="0.397" /><testcase classname="backend.tests.test_iter44_multi_artist_recap.TestBatchPaymentRegressionGuard" name="test_batch_verify_skips_confirmed_booking" time="1.041" /><testcase classname="backend.tests.test_iter44_multi_artist_recap.TestRecap" name="test_recap_public_shape_and_no_pii" time="0.203" /><testcase classname="backend.tests.test_iter44_multi_artist_recap.TestRecap" name="test_recap_legacy_by_booking_id_fallback" time="0.654" /><testcase classname="backend.tests.test_iter44_multi_artist_recap.TestRecap" name="test_recap_nonexistent_404" time="0.098" /><testcase classname="backend.tests.test_iter44_multi_artist_recap.TestEventSummary" name="test_owner_can_read_summary" time="0.098" /><testcase classname="backend.tests.test_iter44_multi_artist_recap.TestEventSummary" name="test_summary_requires_auth" time="0.103" /><testcase classname="backend.tests.test_iter44_multi_artist_recap.TestEventSummary" name="test_other_customer_gets_403" time="0.425" /><testcase classname="backend.tests.test_iter44_multi_artist_recap.TestCounterRegression" name="test_counter_action_still_422" time="0.767" /><testcase classname="backend.tests.test_iter44_multi_artist_recap.TestCounterRegression" name="test_counter_endpoint_still_gone" time="0.102" /></testsuite></testsuites>