<?xml version="1.0" encoding="utf-8"?><testsuites name="pytest tests"><testsuite name="pytest" errors="0" failures="0" skipped="2" tests="12" time="2.535" timestamp="2026-06-25T07:37:28.942541+00:00" hostname="agent-env-fde111ca-c1ab-418e-9b25-fd4bafb6c4d9"><testcase classname="backend.tests.test_iter10.TestPricingMath" name="test_base_25000_no_addons_no_coupon" time="0.893" /><testcase classname="backend.tests.test_iter10.TestPricingMath" name="test_pricing_invariants" time="0.103" /><testcase classname="backend.tests.test_iter10.TestPricingMath" name="test_pricing_with_addons" time="0.000"><skipped type="pytest.skip" message="Package has no addons to test">/app/backend/tests/test_iter10.py:139: Package has no addons to test</skipped></testcase><testcase classname="backend.tests.test_iter10.TestInvoicePDF" name="test_invoice_only_shows_booktalent_charges" time="0.311" /><testcase classname="backend.tests.test_iter10.TestContractPDF" name="test_contract_splits_artist_and_booktalent" time="0.129" /><testcase classname="backend.tests.test_iter10.TestAdminStats" name="test_admin_stats_keys_and_relations" time="0.425" /><testcase classname="backend.tests.test_iter10.TestAdminRevenueReport" name="test_revenue_report_fields" time="0.099" /><testcase classname="backend.tests.test_iter10.TestTopArtists" name="test_top_artists_revenue_is_artist_fee_sum" time="0.106" /><testcase classname="backend.tests.test_iter10.TestReleasePaymentInformational" name="test_artist_wallet_balance_not_mutated" time="0.092" /><testcase classname="backend.tests.test_iter10.TestReleasePaymentInformational" name="test_direct_settlement_transactions_are_informational" time="0.089"><skipped type="pytest.skip" message="No direct_settlement transactions yet for priya">/app/backend/tests/test_iter10.py:330: No direct_settlement transactions yet for priya</skipped></testcase><testcase classname="backend.tests.test_iter10.TestLegacyFallback" name="test_admin_stats_does_not_crash" time="0.098" /><testcase classname="backend.tests.test_iter10.TestLegacyFallback" name="test_admin_revenue_does_not_crash" time="0.090" /></testsuite></testsuites>