<?xml version="1.0" encoding="utf-8"?><testsuites name="pytest tests"><testsuite name="pytest" errors="0" failures="0" skipped="0" tests="8" time="2.656" timestamp="2026-07-18T16:22:42.776750+00:00" hostname="agent-env-fde111ca-c1ab-418e-9b25-fd4bafb6c4d9"><testcase classname="backend.tests.test_iter38_extended.TestWithdrawalReleaseGone" name="test_release_endpoint_404" time="0.500" /><testcase classname="backend.tests.test_iter38_extended.TestAuthMeNoWallet" name="test_customer_me" time="0.440" /><testcase classname="backend.tests.test_iter38_extended.TestAuthMeNoWallet" name="test_artist_me" time="0.439" /><testcase classname="backend.tests.test_iter38_extended.TestAdminStatsValues" name="test_kpi_values_numeric" time="0.111" /><testcase classname="backend.tests.test_iter38_extended.TestAdminRefundsShape" name="test_list_shape" time="0.110" /><testcase classname="backend.tests.test_iter38_extended.TestInvoicePdf" name="test_invoice_pdf_valid" time="0.351" /><testcase classname="backend.tests.test_iter38_extended.TestContractPdf" name="test_contract_pdf" time="0.307" /><testcase classname="backend.tests.test_iter38_extended.TestNoWalletsCollectionMutation" name="test_all_roles" time="0.324" /></testsuite></testsuites>