<?xml version="1.0" encoding="utf-8"?><testsuites name="pytest tests"><testsuite name="pytest" errors="0" failures="0" skipped="0" tests="18" time="2.916" timestamp="2026-07-24T08:43:03.741752+00:00" hostname="agent-env-fde111ca-c1ab-418e-9b25-fd4bafb6c4d9"><testcase classname="backend.tests.test_iter56_roles_audit_nudge.TestRolePresetCRUD" name="test_list_roles" time="0.485" /><testcase classname="backend.tests.test_iter56_roles_audit_nudge.TestRolePresetCRUD" name="test_create_new_role" time="0.091" /><testcase classname="backend.tests.test_iter56_roles_audit_nudge.TestRolePresetCRUD" name="test_create_role_reserved_custom_400" time="0.044" /><testcase classname="backend.tests.test_iter56_roles_audit_nudge.TestRolePresetCRUD" name="test_create_duplicate_id_400" time="0.043" /><testcase classname="backend.tests.test_iter56_roles_audit_nudge.TestRolePresetCRUD" name="test_patch_super_admin_400" time="0.049" /><testcase classname="backend.tests.test_iter56_roles_audit_nudge.TestRolePresetCRUD" name="test_delete_super_admin_400" time="0.044" /><testcase classname="backend.tests.test_iter56_roles_audit_nudge.TestRolePresetCRUD" name="test_patch_new_role" time="0.092" /><testcase classname="backend.tests.test_iter56_roles_audit_nudge.TestRoleInUseGuard" name="test_create_admin_with_new_role" time="0.268" /><testcase classname="backend.tests.test_iter56_roles_audit_nudge.TestRoleInUseGuard" name="test_delete_role_in_use_400" time="0.045" /><testcase classname="backend.tests.test_iter56_roles_audit_nudge.TestRoleInUseGuard" name="test_soft_delete_admin_then_delete_role_succeeds" time="0.135" /><testcase classname="backend.tests.test_iter56_roles_audit_nudge.TestAuditLog" name="test_audit_log_has_all_action_groups" time="0.047" /><testcase classname="backend.tests.test_iter56_roles_audit_nudge.TestAuditLog" name="test_audit_log_filter_by_action" time="0.045" /><testcase classname="backend.tests.test_iter56_roles_audit_nudge.TestAuditLog" name="test_audit_log_valid_actions" time="0.044" /><testcase classname="backend.tests.test_iter56_roles_audit_nudge.TestAdminLifecycleAudits" name="test_create_suspend_reactivate_flow_creates_audits" time="0.490" /><testcase classname="backend.tests.test_iter56_roles_audit_nudge.TestQuestionnaireCompletion" name="test_completion_mine_artist" time="0.369" /><testcase classname="backend.tests.test_iter56_roles_audit_nudge.TestQuestionnaireCompletion" name="test_completion_mine_non_artist_403" time="0.045" /><testcase classname="backend.tests.test_iter56_roles_audit_nudge.TestMediaMatches" name="test_about_has_media_matches_array" time="0.101" /><testcase classname="backend.tests.test_iter56_roles_audit_nudge" name="test_zzz_cleanup_iter56_traces" time="0.382" /></testsuite></testsuites>