<?xml version="1.0" encoding="utf-8"?><testsuites name="pytest tests"><testsuite name="pytest" errors="0" failures="0" skipped="0" tests="18" time="8.812" timestamp="2026-09-15T14:17:03.071876+00:00" hostname="agent-env-fde111ca-c1ab-418e-9b25-fd4bafb6c4d9"><testcase classname="backend.tests.test_iter91" name="test_mark_welcome_seen_sets_timestamp" time="2.383" /><testcase classname="backend.tests.test_iter91" name="test_mark_welcome_seen_requires_auth" time="0.194" /><testcase classname="backend.tests.test_iter91" name="test_onboarding_complete_sets_seen_welcome_at" time="0.333" /><testcase classname="backend.tests.test_iter91" name="test_auth_me_has_seen_welcome_field" time="0.139" /><testcase classname="backend.tests.test_iter91" name="test_chat_access_as_assigned_manager" time="0.143" /><testcase classname="backend.tests.test_iter91" name="test_chat_messages_list_as_assigned_manager" time="0.157" /><testcase classname="backend.tests.test_iter91" name="test_chat_upload_as_assigned_manager" time="0.207" /><testcase classname="backend.tests.test_iter91" name="test_chat_access_non_assigned_manager_forbidden" time="0.416" /><testcase classname="backend.tests.test_iter91" name="test_admin_endpoints_after_rename[/admin/settings-expected0]" time="0.177" /><testcase classname="backend.tests.test_iter91" name="test_admin_endpoints_after_rename[/admin/audit-logs-expected1]" time="0.180" /><testcase classname="backend.tests.test_iter91" name="test_admin_endpoints_after_rename[/faqs-expected2]" time="0.178" /><testcase classname="backend.tests.test_iter91" name="test_admin_endpoints_after_rename[/admin/providers/status-expected3]" time="0.137" /><testcase classname="backend.tests.test_iter91" name="test_search_ai_after_rename" time="2.695" /><testcase classname="backend.tests.test_iter91" name="test_exports_revenue_csv_after_rename" time="0.247" /><testcase classname="backend.tests.test_iter91" name="test_agency_roster_after_rename" time="0.620" /><testcase classname="backend.tests.test_iter91" name="test_regression_iter90[/kyc/pipeline]" time="0.170" /><testcase classname="backend.tests.test_iter91" name="test_regression_iter90[/manager/chats/threads]" time="0.186" /><testcase classname="backend.tests.test_iter91" name="test_regression_iter90[/manager/leaderboard]" time="0.166" /></testsuite></testsuites>