<?xml version="1.0" encoding="utf-8"?><testsuites name="pytest tests"><testsuite name="pytest" errors="0" failures="1" skipped="0" tests="24" time="34.976" timestamp="2026-07-15T15:20:11.776300+00:00" hostname="agent-env-fde111ca-c1ab-418e-9b25-fd4bafb6c4d9"><testcase classname="backend.tests.test_iter17_search.TestPriceRegexUnit" name="test_price_parse[Singer under 50000-50000]" time="0.001" /><testcase classname="backend.tests.test_iter17_search.TestPriceRegexUnit" name="test_price_parse[DJ under 30k-30000]" time="0.000" /><testcase classname="backend.tests.test_iter17_search.TestPriceRegexUnit" name="test_price_parse[comedian under \u20b980,000-80000]" time="0.000" /><testcase classname="backend.tests.test_iter17_search.TestPriceRegexUnit" name="test_price_parse[vocalist under 1.5 lakh-150000]" time="0.000" /><testcase classname="backend.tests.test_iter17_search.TestPriceRegexUnit" name="test_price_parse[anchor under 60,000-60000]" time="0.000" /><testcase classname="backend.tests.test_iter17_search.TestPriceRegexUnit" name="test_price_parse[band under 2 lakh-200000]" time="0.000" /><testcase classname="backend.tests.test_iter17_search.TestPriceRegexUnit" name="test_price_parse[dancer under 100000-100000]" time="0.000" /><testcase classname="backend.tests.test_iter17_search.TestPriceRegexUnit" name="test_price_parse[magician under 5 l-500000]" time="0.000" /><testcase classname="backend.tests.test_iter17_search.TestPriceRegexUnit" name="test_price_parse[singer below 25000-25000]" time="0.000" /><testcase classname="backend.tests.test_iter17_search.TestPriceRegexUnit" name="test_price_parse[less than 45000 rupees-45000]" time="0.000" /><testcase classname="backend.tests.test_iter17_search.TestCategorySynonyms" name="test_singer_mumbai_returns_bollywood_vocalist" time="2.708" /><testcase classname="backend.tests.test_iter17_search.TestCategorySynonyms" name="test_comedian_bangalore" time="1.004" /><testcase classname="backend.tests.test_iter17_search.TestCategorySynonyms" name="test_dj_delhi" time="0.928"><failure message="AssertionError: expected ≥1 Delhi DJ, got {'query': 'DJ in Delhi', 'filters': {'category': 'DJ', 'city': 'Delhi NCR', 'keywords': 'DJ in Delhi'}, 'mode': 'ai_parsed', 'items': [], 'total': 0}&#10;assert 0 &gt;= 1&#10; +  where 0 = len([])">E   AssertionError: expected ≥1 Delhi DJ, got {'query': 'DJ in Delhi', 'filters': {'category': 'DJ', 'city': 'Delhi NCR', 'keywords': 'DJ in Delhi'}, 'mode': 'ai_parsed', 'items': [], 'total': 0}
    assert 0 &gt;= 1
     +  where 0 = len([])</failure></testcase><testcase classname="backend.tests.test_iter17_search.TestStopWordFilter" name="test_full_sentence_still_returns_singer" time="1.541" /><testcase classname="backend.tests.test_iter17_search.TestFallbackPath" name="test_fallback_returns_seed_data" time="0.681" /><testcase classname="backend.tests.test_iter17_search.TestPackagingRegression" name="test_requirements_no_emergent" time="0.000" /><testcase classname="backend.tests.test_iter17_search.TestPackagingRegression" name="test_requirements_emergent_file" time="0.000" /><testcase classname="backend.tests.test_iter17_search.TestPackagingRegression" name="test_pip_dry_run_main" time="26.860" /><testcase classname="backend.tests.test_iter17_search.TestIter11Regression" name="test_calendar_ics" time="0.524" /><testcase classname="backend.tests.test_iter17_search.TestIter11Regression" name="test_customer_csv" time="0.054" /><testcase classname="backend.tests.test_iter17_search.TestIter11Regression" name="test_admin_revenue_csv" time="0.390" /><testcase classname="backend.tests.test_iter17_search.TestChatGateRegression" name="test_unpaid_no_access" time="0.054" /><testcase classname="backend.tests.test_iter17_search.TestChatGateRegression" name="test_paid_has_access" time="0.053" /><testcase classname="backend.tests.test_iter17_search.TestBootSmoke" name="test_api_root" time="0.077" /></testsuite></testsuites>