<?xml version="1.0" encoding="utf-8"?><testsuites name="pytest tests"><testsuite name="pytest" errors="0" failures="0" skipped="0" tests="15" time="4.678" timestamp="2026-07-23T15:27:44.906522+00:00" hostname="agent-env-fde111ca-c1ab-418e-9b25-fd4bafb6c4d9"><testcase classname="backend.tests.test_iter49_questionnaire.TestUniversalQuestionnaire" name="test_universal_returns_63_questions" time="0.228" /><testcase classname="backend.tests.test_iter49_questionnaire.TestUniversalQuestionnaire" name="test_universal_section_counts" time="0.145" /><testcase classname="backend.tests.test_iter49_questionnaire.TestUniversalQuestionnaire" name="test_universal_has_new_types" time="0.140" /><testcase classname="backend.tests.test_iter49_questionnaire.TestUniversalQuestionnaire" name="test_universal_show_if_present" time="0.153" /><testcase classname="backend.tests.test_iter49_questionnaire.TestCategoriesList" name="test_categories_include_all_12" time="0.176" /><testcase classname="backend.tests.test_iter49_questionnaire.TestCategoriesList" name="test_categories_exclude_legacy_empty_ones" time="0.216" /><testcase classname="backend.tests.test_iter49_questionnaire.TestCategoryDJ" name="test_dj_has_seven_questions" time="0.135" /><testcase classname="backend.tests.test_iter49_questionnaire.TestCategoryDJ" name="test_dj_question_ids_and_types" time="0.104" /><testcase classname="backend.tests.test_iter49_questionnaire.TestCategorySinger" name="test_singer_has_seven_questions" time="0.126" /><testcase classname="backend.tests.test_iter49_questionnaire.TestCategorySinger" name="test_singer_style_and_setup" time="0.126" /><testcase classname="backend.tests.test_iter49_questionnaire.TestCategoryCelebrity" name="test_celebrity_has_seven_questions" time="0.173" /><testcase classname="backend.tests.test_iter49_questionnaire.TestCategoryCelebrity" name="test_celebrity_show_if_team_size" time="0.101" /><testcase classname="backend.tests.test_iter49_questionnaire.TestAnswerPersistence" name="test_artist_can_submit_and_fetch" time="0.464" /><testcase classname="backend.tests.test_iter49_questionnaire.TestAnswerPersistence" name="test_customer_cannot_submit_answers" time="0.420" /><testcase classname="backend.tests.test_iter49_questionnaire.TestAdminOverride" name="test_admin_override_wins_over_seed_and_cleanup" time="1.876" /></testsuite></testsuites>