<?xml version="1.0" encoding="utf-8"?><testsuites name="pytest tests"><testsuite name="pytest" errors="0" failures="0" skipped="0" tests="12" time="3.136" timestamp="2026-09-16T01:49:31.188787+00:00" hostname="agent-env-fde111ca-c1ab-418e-9b25-fd4bafb6c4d9"><testcase classname="tests.test_req_batch_3.TestRefundAuditor" name="test_list" time="0.895" /><testcase classname="tests.test_req_batch_3.TestRefundAuditor" name="test_filter_accepted" time="0.161" /><testcase classname="tests.test_req_batch_3.TestRefundAuditor" name="test_filter_date" time="0.125" /><testcase classname="tests.test_req_batch_3.TestRefundAuditor" name="test_csv_export" time="0.153" /><testcase classname="tests.test_req_batch_3.TestRefundAuditor" name="test_pdf_export" time="0.148" /><testcase classname="tests.test_req_batch_3.TestPresetSharing" name="test_create_shared" time="0.598" /><testcase classname="tests.test_req_batch_3.TestPresetSharing" name="test_list_includes" time="0.159" /><testcase classname="tests.test_req_batch_3.TestPresetSharing" name="test_toggle_share_off" time="0.111" /><testcase classname="tests.test_req_batch_3.TestPresetSharing" name="test_delete" time="0.153" /><testcase classname="tests.test_req_batch_3.TestTimelineHelper" name="test_build_html" time="0.193" /><testcase classname="tests.test_req_batch_3.TestBulkPayout" name="test_pending_list" time="0.139" /><testcase classname="tests.test_req_batch_3.TestBulkPayout" name="test_bulk_mark_paid" time="0.136" /></testsuite></testsuites>