<?xml version="1.0" encoding="utf-8"?><testsuites name="pytest tests"><testsuite name="pytest" errors="0" failures="2" skipped="0" tests="5" time="4.076" timestamp="2026-08-21T14:17:07.081666+00:00" hostname="agent-env-fde111ca-c1ab-418e-9b25-fd4bafb6c4d9"><testcase classname="tests.test_iter72_media_and_regression.TestMediaOrdering" name="test_upload_new_media_appears_first" time="2.424"><failure message="AssertionError: newest upload not first: got ['82a8cef7-1746-4012-b450-483f27cbfb27', 'b49ef309-626c-40eb-9ea2-c731c46e80e7', '547feb07-2418-4f9b-a9db-229dbc1a2b78'], expected e03b4656-2a3e-46c4-b6a2-95d116d84687 first&#10;assert '82a8cef7-174...-483f27cbfb27' == 'e03b4656-2a3...-95d116d84687'&#10;  &#10;  - e03b4656-2a3e-46c4-b6a2-95d116d84687&#10;  + 82a8cef7-1746-4012-b450-483f27cbfb27">E   AssertionError: newest upload not first: got ['82a8cef7-1746-4012-b450-483f27cbfb27', 'b49ef309-626c-40eb-9ea2-c731c46e80e7', '547feb07-2418-4f9b-a9db-229dbc1a2b78'], expected e03b4656-2a3e-46c4-b6a2-95d116d84687 first
    assert '82a8cef7-174...-483f27cbfb27' == 'e03b4656-2a3...-95d116d84687'
      
      - e03b4656-2a3e-46c4-b6a2-95d116d84687
      + 82a8cef7-1746-4012-b450-483f27cbfb27</failure></testcase><testcase classname="tests.test_iter72_media_and_regression.TestMediaOrdering" name="test_public_media_same_ordering" time="0.398"><failure message="AssertionError: assert ['2026-07-23T...3+00:00', ...] == ['2026-07-23T...8+00:00', ...]&#10;  &#10;  At index 0 diff: '2026-07-23T16:21:13.076755+00:00' != '2026-07-23T16:28:45.820658+00:00'&#10;  &#10;  Full diff:&#10;    [&#10;  +     '2026-07-23T16:21:13.076755+00:00',&#10;  +     '2026-07-23T16:21:13.076448+00:00',...&#10;  &#10;  ...Full output truncated (158 lines hidden), use '-vv' to show">E   AssertionError: assert ['2026-07-23T...3+00:00', ...] == ['2026-07-23T...8+00:00', ...]
      
      At index 0 diff: '2026-07-23T16:21:13.076755+00:00' != '2026-07-23T16:28:45.820658+00:00'
      
      Full diff:
        [
      +     '2026-07-23T16:21:13.076755+00:00',
      +     '2026-07-23T16:21:13.076448+00:00',...
      
      ...Full output truncated (158 lines hidden), use '-vv' to show</failure></testcase><testcase classname="tests.test_iter72_media_and_regression.TestSec001EmailVerifyNoToken" name="test_email_verify_mock_otp_grants_no_session" time="0.267" /><testcase classname="tests.test_iter72_media_and_regression.TestSec002AdminPasswordRotation" name="test_old_password_rejected" time="0.382" /><testcase classname="tests.test_iter72_media_and_regression.TestSec002AdminPasswordRotation" name="test_new_password_accepted_and_cookie_httponly" time="0.516" /></testsuite></testsuites>