<?xml version="1.0" encoding="utf-8"?><testsuites name="pytest tests"><testsuite name="pytest" errors="0" failures="0" skipped="0" tests="19" time="5.509" timestamp="2026-07-15T15:55:43.651422+00:00" hostname="agent-env-fde111ca-c1ab-418e-9b25-fd4bafb6c4d9"><testcase classname="backend.tests.test_iter19_secure_otp.TestEmailServiceModule" name="test_secrets_imported" time="0.000" /><testcase classname="backend.tests.test_iter19_secure_otp.TestEmailServiceModule" name="test_random_not_imported" time="0.000" /><testcase classname="backend.tests.test_iter19_secure_otp.TestEmailServiceModule" name="test_generate_otp_mock_mode" time="0.001" /><testcase classname="backend.tests.test_iter19_secure_otp.TestEmailServiceModule" name="test_generate_otp_live_mode_uses_secrets" time="0.001" /><testcase classname="backend.tests.test_iter19_secure_otp.TestEmailServiceModule" name="test_generate_otp_uses_secrets_randbelow" time="0.000" /><testcase classname="backend.tests.test_iter19_secure_otp.TestAuthRegression" name="test_customer_login_ok" time="0.490" /><testcase classname="backend.tests.test_iter19_secure_otp.TestAuthRegression" name="test_admin_login_ok" time="0.346" /><testcase classname="backend.tests.test_iter19_secure_otp.TestAuthRegression" name="test_artist_login_ok" time="0.326" /><testcase classname="backend.tests.test_iter19_secure_otp.TestAuthRegression" name="test_register_new_user" time="0.626" /><testcase classname="backend.tests.test_iter19_secure_otp.TestRegressionEndpoints" name="test_chat_access_paid" time="0.493" /><testcase classname="backend.tests.test_iter19_secure_otp.TestRegressionEndpoints" name="test_chat_access_unpaid" time="0.104" /><testcase classname="backend.tests.test_iter19_secure_otp.TestRegressionEndpoints" name="test_search_ai" time="1.059" /><testcase classname="backend.tests.test_iter19_secure_otp.TestRegressionEndpoints" name="test_booking_ics" time="0.127" /><testcase classname="backend.tests.test_iter19_secure_otp.TestRegressionEndpoints" name="test_customer_csv" time="0.103" /><testcase classname="backend.tests.test_iter19_secure_otp.TestRegressionEndpoints" name="test_admin_revenue_csv" time="0.438" /><testcase classname="backend.tests.test_iter19_secure_otp.TestRegressionEndpoints" name="test_wallet" time="0.096" /><testcase classname="backend.tests.test_iter19_secure_otp.TestRegressionEndpoints" name="test_admin_coupons" time="0.099" /><testcase classname="backend.tests.test_iter19_secure_otp.TestRegressionEndpoints" name="test_admin_kyc" time="0.121" /><testcase classname="backend.tests.test_iter19_secure_otp.TestRegressionEndpoints" name="test_reviews_artist" time="1.001" /></testsuite></testsuites>