<?xml version="1.0" encoding="utf-8"?><testsuites name="pytest tests"><testsuite name="pytest" errors="0" failures="0" skipped="0" tests="15" time="13.799" timestamp="2026-06-25T08:44:25.646014+00:00" hostname="agent-env-fde111ca-c1ab-418e-9b25-fd4bafb6c4d9"><testcase classname="backend.tests.test_iter14.TestRealtimeChatWS" name="test_paid_ws_customer_connects_presence" time="1.353" /><testcase classname="backend.tests.test_iter14.TestRealtimeChatWS" name="test_paid_ws_artist_connects_presence" time="0.161" /><testcase classname="backend.tests.test_iter14.TestRealtimeChatWS" name="test_paid_ws_two_clients_realtime_message" time="8.390" /><testcase classname="backend.tests.test_iter14.TestRealtimeChatWS" name="test_bad_token_ws_rejected" time="0.159" /><testcase classname="backend.tests.test_iter14.TestRealtimeChatWS" name="test_unpaid_ws_rejected_with_4402" time="0.159" /><testcase classname="backend.tests.test_iter14.TestRESTChatFallback" name="test_paid_get_messages" time="0.095" /><testcase classname="backend.tests.test_iter14.TestRESTChatFallback" name="test_paid_post_message_rest" time="0.189" /><testcase classname="backend.tests.test_iter14.TestRESTChatFallback" name="test_unpaid_access_disabled" time="0.111" /><testcase classname="backend.tests.test_iter14.TestRESTChatFallback" name="test_paid_access_enabled" time="0.091" /><testcase classname="backend.tests.test_iter14.TestRegressionPriorIterations" name="test_ai_search" time="2.468" /><testcase classname="backend.tests.test_iter14.TestRegressionPriorIterations" name="test_customer_csv" time="0.114" /><testcase classname="backend.tests.test_iter14.TestRegressionPriorIterations" name="test_admin_revenue_csv" time="0.136" /><testcase classname="backend.tests.test_iter14.TestRegressionPriorIterations" name="test_wallet" time="0.099" /><testcase classname="backend.tests.test_iter14.TestRegressionPriorIterations" name="test_admin_coupons" time="0.101" /><testcase classname="backend.tests.test_iter14.TestRegressionPriorIterations" name="test_admin_kyc" time="0.102" /></testsuite></testsuites>