<?xml version="1.0" encoding="utf-8"?><testsuites name="pytest tests"><testsuite name="pytest" errors="0" failures="0" skipped="0" tests="12" time="6.957" timestamp="2026-07-23T06:20:59.535403+00:00" hostname="agent-env-fde111ca-c1ab-418e-9b25-fd4bafb6c4d9"><testcase classname="backend.tests.test_iter45_multi_artist_privacy.TestMultiArtistBatchCreation" name="test_batch_creates_three_bookings_sharing_event_id" time="2.599" /><testcase classname="backend.tests.test_iter45_multi_artist_privacy.TestBatchPayment" name="test_batch_init_and_verify_flips_all_to_pending_artist" time="0.500" /><testcase classname="backend.tests.test_iter45_multi_artist_privacy.TestArtistPrivacy" name="test_artist_mine_returns_only_own_booking" time="0.362" /><testcase classname="backend.tests.test_iter45_multi_artist_privacy.TestArtistPrivacy" name="test_artist_gets_403_on_sibling_booking" time="0.899" /><testcase classname="backend.tests.test_iter45_multi_artist_privacy.TestEventSummaryOwnership" name="test_customer_owner_can_read_summary" time="0.099" /><testcase classname="backend.tests.test_iter45_multi_artist_privacy.TestEventSummaryOwnership" name="test_artist_gets_403_on_event_summary" time="0.096" /><testcase classname="backend.tests.test_iter45_multi_artist_privacy.TestEventSummaryOwnership" name="test_unauthenticated_gets_401_or_403" time="0.096" /><testcase classname="backend.tests.test_iter45_multi_artist_privacy.TestSingleArtistRegression" name="test_single_flow_still_works" time="0.674" /><testcase classname="backend.tests.test_iter45_multi_artist_privacy.TestCounterRegressionIter43" name="test_counter_action_returns_422" time="0.784" /><testcase classname="backend.tests.test_iter45_multi_artist_privacy.TestCounterRegressionIter43" name="test_counter_endpoint_gone" time="0.098" /><testcase classname="backend.tests.test_iter45_multi_artist_privacy.TestBatchRegressionIter44" name="test_batch_no_prior_event_id_auto_mints" time="0.547" /><testcase classname="backend.tests.test_iter45_multi_artist_privacy.TestBatchRegressionIter44" name="test_batch_zero_items_400" time="0.098" /></testsuite></testsuites>