<?xml version="1.0" encoding="utf-8"?><testsuites name="pytest tests"><testsuite name="pytest" errors="0" failures="0" skipped="0" tests="13" time="5.151" timestamp="2026-08-11T04:11:43.843335+00:00" hostname="agent-env-fde111ca-c1ab-418e-9b25-fd4bafb6c4d9"><testcase classname="tests.test_iter64_review.TestAdminRefunds" name="test_admin_refunds_list_shape" time="0.498" /><testcase classname="tests.test_iter64_review.TestAdminRefunds" name="test_admin_refunds_retry_bad_id" time="0.380" /><testcase classname="tests.test_iter64_review.TestAgencyEarnings" name="test_roster_and_earnings" time="0.436" /><testcase classname="tests.test_iter64_review.TestRazorpayRemoved" name="test_removed_gets" time="0.366" /><testcase classname="tests.test_iter64_review.TestRazorpayRemoved" name="test_removed_posts" time="0.561" /><testcase classname="tests.test_iter64_review.TestRazorpayRemoved" name="test_removed_refund_id_post" time="0.384" /><testcase classname="tests.test_iter64_review.TestEasebuzzAndAdmin" name="test_payment_gateway_public" time="0.098" /><testcase classname="tests.test_iter64_review.TestEasebuzzAndAdmin" name="test_admin_payment_settings" time="0.368" /><testcase classname="tests.test_iter64_review.TestEasebuzzAndAdmin" name="test_admin_payments_list" time="0.371" /><testcase classname="tests.test_iter64_review.TestEasebuzzAndAdmin" name="test_easebuzz_init_route_exists" time="0.408" /><testcase classname="tests.test_iter64_review.TestBookingRejectFlow" name="test_reject_pending_payment_booking" time="0.863" /><testcase classname="tests.test_iter64_refunds" name="test_auto_refund_success" time="0.227" /><testcase classname="tests.test_iter64_refunds" name="test_auto_refund_failure_creates_admin_alert" time="0.013" /></testsuite></testsuites>