<?xml version="1.0" encoding="utf-8"?><testsuites name="pytest tests"><testsuite name="pytest" errors="0" failures="0" skipped="1" tests="19" time="2.943" timestamp="2026-07-17T16:57:57.133795+00:00" hostname="agent-env-fde111ca-c1ab-418e-9b25-fd4bafb6c4d9"><testcase classname="backend.tests.test_iter35_city_aliases_outstation_report.TestCityAliasesAdmin" name="test_admin_get_returns_aliases_and_reverse" time="0.439" /><testcase classname="backend.tests.test_iter35_city_aliases_outstation_report.TestCityAliasesAdmin" name="test_reverse_map_normalises_common_synonyms" time="0.048" /><testcase classname="backend.tests.test_iter35_city_aliases_outstation_report.TestCityAliasesAdmin" name="test_non_admin_forbidden_on_admin_get" time="0.378" /><testcase classname="backend.tests.test_iter35_city_aliases_outstation_report.TestCityAliasesAdmin" name="test_admin_reset_restores_defaults" time="0.119" /><testcase classname="backend.tests.test_iter35_city_aliases_outstation_report.TestCityAliasesPublic" name="test_public_settings_exposes_city_aliases_anonymously" time="0.107" /><testcase classname="backend.tests.test_iter35_city_aliases_outstation_report.TestCityAliasesPublic" name="test_public_settings_does_not_leak_secrets" time="0.048" /><testcase classname="backend.tests.test_iter35_city_aliases_outstation_report.TestBookingCityAliases" name="test_alias_aware_outstation[Bombay-False-220]" time="0.229" /><testcase classname="backend.tests.test_iter35_city_aliases_outstation_report.TestBookingCityAliases" name="test_alias_aware_outstation[New Delhi-True-240]" time="0.127" /><testcase classname="backend.tests.test_iter35_city_aliases_outstation_report.TestBookingCityAliases" name="test_alias_aware_outstation[Delhi NCR-True-260]" time="0.104" /><testcase classname="backend.tests.test_iter35_city_aliases_outstation_report.TestBookingCityAliases" name="test_alias_aware_outstation[Mumbai-False-280]" time="0.100" /><testcase classname="backend.tests.test_iter35_city_aliases_outstation_report.TestOutstationReport" name="test_non_admin_forbidden" time="0.048" /><testcase classname="backend.tests.test_iter35_city_aliases_outstation_report.TestOutstationReport" name="test_admin_all_time_report_shape" time="0.056" /><testcase classname="backend.tests.test_iter35_city_aliases_outstation_report.TestOutstationReport" name="test_admin_report_days_30" time="0.107" /><testcase classname="backend.tests.test_iter35_city_aliases_outstation_report.TestOutstationReport" name="test_admin_report_days_365" time="0.052" /><testcase classname="backend.tests.test_iter35_city_aliases_outstation_report.TestRiderVendorsDropped" name="test_rider_wallet_vendors_gone" time="0.050" /><testcase classname="backend.tests.test_iter35_city_aliases_outstation_report.TestRiderVendorsDropped" name="test_partners_slug_gone" time="0.047" /><testcase classname="backend.tests.test_iter35_city_aliases_outstation_report.TestRiderVendorsDropped" name="test_admin_rider_wallet_gone" time="0.050" /><testcase classname="backend.tests.test_iter35_city_aliases_outstation_report.TestContractOutstationBlock" name="test_contract_outstation_block_present" time="0.683"><skipped type="pytest.skip" message="no accessible contract text with outstation block yet — non-blocking">/app/backend/tests/test_iter35_city_aliases_outstation_report.py:356: no accessible contract text with outstation block yet — non-blocking</skipped></testcase><testcase classname="backend.tests.test_iter35_city_aliases_outstation_report.TestBootSmoke" name="test_api_root" time="0.047" /></testsuite></testsuites>