<?xml version="1.0" encoding="utf-8"?><testsuites name="pytest tests"><testsuite name="pytest" errors="0" failures="2" skipped="0" tests="19" time="1.408" timestamp="2026-06-24T17:10:39.471152+00:00" hostname="agent-env-fde111ca-c1ab-418e-9b25-fd4bafb6c4d9"><testcase classname="backend.tests.test_iter4.TestOnboarding" name="test_onboarding_required_for_fresh_artist" time="0.240" /><testcase classname="backend.tests.test_iter4.TestOnboarding" name="test_onboarding_not_required_for_customer" time="0.240" /><testcase classname="backend.tests.test_iter4.TestOnboarding" name="test_onboarding_complete_flips_completed" time="0.005" /><testcase classname="backend.tests.test_iter4.TestOnboarding" name="test_onboarding_complete_forbidden_for_customer" time="0.002" /><testcase classname="backend.tests.test_iter4.TestProfileFields" name="test_new_profile_fields_persist" time="0.239"><failure message="AssertionError: assert 'TEST_Filmfare 2024' in ((None or []))&#10; +  where None = &lt;built-in method get of dict object at 0xf9d4e486f6c0&gt;('awards')&#10; +    where &lt;built-in method get of dict object at 0xf9d4e486f6c0&gt; = {}.get">backend/tests/test_iter4.py:148: in test_new_profile_fields_persist
    assert "TEST_Filmfare 2024" in (prof.get("awards") or [])
E   AssertionError: assert 'TEST_Filmfare 2024' in ((None or []))
E    +  where None = &lt;built-in method get of dict object at 0xf9d4e486f6c0&gt;('awards')
E    +    where &lt;built-in method get of dict object at 0xf9d4e486f6c0&gt; = {}.get</failure></testcase><testcase classname="backend.tests.test_iter4.TestMediaUpload" name="test_new_media_types_accepted[audio]" time="0.004" /><testcase classname="backend.tests.test_iter4.TestMediaUpload" name="test_new_media_types_accepted[document]" time="0.002" /><testcase classname="backend.tests.test_iter4.TestMediaUpload" name="test_new_media_types_accepted[press_kit]" time="0.002" /><testcase classname="backend.tests.test_iter4.TestMediaUpload" name="test_new_media_types_accepted[brand_deck]" time="0.002" /><testcase classname="backend.tests.test_iter4.TestMediaUpload" name="test_new_media_types_accepted[clip]" time="0.002" /><testcase classname="backend.tests.test_iter4.TestMediaUpload" name="test_30mb_file_succeeds" time="0.442"><failure message="AssertionError: 30 MB upload should succeed under 100 MB limit, got 500 Internal Server Error&#10;assert 500 == 200&#10; +  where 500 = &lt;Response [500]&gt;.status_code">backend/tests/test_iter4.py:174: in test_30mb_file_succeeds
    assert r.status_code == 200, f"30 MB upload should succeed under 100 MB limit, got {r.status_code} {r.text[:200]}"
E   AssertionError: 30 MB upload should succeed under 100 MB limit, got 500 Internal Server Error
E   assert 500 == 200
E    +  where 500 = &lt;Response [500]&gt;.status_code</failure></testcase><testcase classname="backend.tests.test_iter4.TestAcceptSideEffects" name="test_status_confirmed" time="0.034" /><testcase classname="backend.tests.test_iter4.TestAcceptSideEffects" name="test_contract_created" time="0.003" /><testcase classname="backend.tests.test_iter4.TestAcceptSideEffects" name="test_event_date_auto_blocked" time="0.002" /><testcase classname="backend.tests.test_iter4.TestBookingAlternatives" name="test_unavailable_date_returns_400_and_alternatives" time="0.004" /><testcase classname="backend.tests.test_iter4.TestCounterFlow" name="test_artist_counter_action_updates_pricing" time="0.010" /><testcase classname="backend.tests.test_iter4.TestCounterFlow" name="test_customer_accepts_counter" time="0.023" /><testcase classname="backend.tests.test_iter4.TestCounterFlow" name="test_customer_rejects_counter_reverts_price" time="0.013" /><testcase classname="backend.tests.test_iter4.TestSignedContractUpload" name="test_upload_signed_by_both_flips_status" time="0.013" /></testsuite></testsuites>