<?xml version="1.0" encoding="utf-8"?><testsuites name="pytest tests"><testsuite name="pytest" errors="11" failures="0" skipped="0" tests="64" time="3.103" timestamp="2026-06-25T05:24:39.909936+00:00" hostname="agent-env-fde111ca-c1ab-418e-9b25-fd4bafb6c4d9"><testcase classname="backend.tests.backend_test.TestAuth" name="test_root" time="0.003" /><testcase classname="backend.tests.backend_test.TestAuth" name="test_login_admin" time="0.227" /><testcase classname="backend.tests.backend_test.TestAuth" name="test_login_artist_seeded" time="0.228" /><testcase classname="backend.tests.backend_test.TestAuth" name="test_login_invalid" time="0.228" /><testcase classname="backend.tests.backend_test.TestAuth" name="test_register_and_me" time="0.238" /><testcase classname="backend.tests.backend_test.TestAuth" name="test_me_requires_token" time="0.001" /><testcase classname="backend.tests.backend_test.TestAuth" name="test_register_duplicate" time="0.002" /><testcase classname="backend.tests.backend_test.TestEmailOTP" name="test_auth_config_email_disabled" time="0.001" /><testcase classname="backend.tests.backend_test.TestEmailOTP" name="test_email_send_mock_returns_test_otp" time="0.003" /><testcase classname="backend.tests.backend_test.TestEmailOTP" name="test_email_send_cooldown_429" time="0.004" /><testcase classname="backend.tests.backend_test.TestEmailOTP" name="test_email_verify_wrong_code_returns_400" time="0.004" /><testcase classname="backend.tests.backend_test.TestEmailOTP" name="test_email_verify_no_send_returns_400" time="0.005" /><testcase classname="backend.tests.backend_test.TestEmailOTP" name="test_email_verify_success_then_register" time="0.233" /><testcase classname="backend.tests.backend_test.TestEmailOTP" name="test_register_without_email_verify_blocked" time="0.004" /><testcase classname="backend.tests.backend_test.TestArtists" name="test_search_basic" time="0.014" /><testcase classname="backend.tests.backend_test.TestArtists" name="test_search_with_filters" time="0.006" /><testcase classname="backend.tests.backend_test.TestArtists" name="test_featured" time="0.011" /><testcase classname="backend.tests.backend_test.TestArtists" name="test_priya_profile" time="0.239" /><testcase classname="backend.tests.backend_test.TestArtists" name="test_categories_cities" time="0.003" /><testcase classname="backend.tests.backend_test.TestPackages" name="test_mine_and_crud" time="0.009" /><testcase classname="backend.tests.backend_test.TestBookingFlow" name="test_booking_pricing_breakdown" time="0.010"><error message="failed on setup with &quot;AssertionError: booking create failed: 400 {&quot;detail&quot;:{&quot;message&quot;:&quot;Selected date is not available&quot;,&quot;alternatives&quot;:[{&quot;user_id&quot;:&quot;db944576-734d-48c9-a3b4-40bcb1112f82&quot;,&quot;stage_name&quot;:&quot;Dhiren Singh&quot;,&quot;category&quot;:&quot;Stand-up Comedian&quot;,&quot;city&quot;:&quot;Mumbai&quot;,&quot;rating_avg&quot;:0,&quot;emoji&quot;:&quot;🎤&quot;}],&quot;date&quot;:&quot;2027-12-20&quot;}}&#10;assert 400 == 200&#10; +  where 400 = &lt;Response [400]&gt;.status_code&quot;">E   AssertionError: booking create failed: 400 {"detail":{"message":"Selected date is not available","alternatives":[{"user_id":"db944576-734d-48c9-a3b4-40bcb1112f82","stage_name":"Dhiren Singh","category":"Stand-up Comedian","city":"Mumbai","rating_avg":0,"emoji":"🎤"}],"date":"2027-12-20"}}
    assert 400 == 200
     +  where 400 = &lt;Response [400]&gt;.status_code</error></testcase><testcase classname="backend.tests.backend_test.TestBookingFlow" name="test_payment_init_and_verify" time="0.000"><error message="failed on setup with &quot;AssertionError: booking create failed: 400 {&quot;detail&quot;:{&quot;message&quot;:&quot;Selected date is not available&quot;,&quot;alternatives&quot;:[{&quot;user_id&quot;:&quot;db944576-734d-48c9-a3b4-40bcb1112f82&quot;,&quot;stage_name&quot;:&quot;Dhiren Singh&quot;,&quot;category&quot;:&quot;Stand-up Comedian&quot;,&quot;city&quot;:&quot;Mumbai&quot;,&quot;rating_avg&quot;:0,&quot;emoji&quot;:&quot;🎤&quot;}],&quot;date&quot;:&quot;2027-12-20&quot;}}&#10;assert 400 == 200&#10; +  where 400 = &lt;Response [400]&gt;.status_code&quot;">E   AssertionError: booking create failed: 400 {"detail":{"message":"Selected date is not available","alternatives":[{"user_id":"db944576-734d-48c9-a3b4-40bcb1112f82","stage_name":"Dhiren Singh","category":"Stand-up Comedian","city":"Mumbai","rating_avg":0,"emoji":"🎤"}],"date":"2027-12-20"}}
    assert 400 == 200
     +  where 400 = &lt;Response [400]&gt;.status_code</error></testcase><testcase classname="backend.tests.backend_test.TestBookingFlow" name="test_payment_wrong_otp" time="0.000"><error message="failed on setup with &quot;AssertionError: booking create failed: 400 {&quot;detail&quot;:{&quot;message&quot;:&quot;Selected date is not available&quot;,&quot;alternatives&quot;:[{&quot;user_id&quot;:&quot;db944576-734d-48c9-a3b4-40bcb1112f82&quot;,&quot;stage_name&quot;:&quot;Dhiren Singh&quot;,&quot;category&quot;:&quot;Stand-up Comedian&quot;,&quot;city&quot;:&quot;Mumbai&quot;,&quot;rating_avg&quot;:0,&quot;emoji&quot;:&quot;🎤&quot;}],&quot;date&quot;:&quot;2027-12-20&quot;}}&#10;assert 400 == 200&#10; +  where 400 = &lt;Response [400]&gt;.status_code&quot;">E   AssertionError: booking create failed: 400 {"detail":{"message":"Selected date is not available","alternatives":[{"user_id":"db944576-734d-48c9-a3b4-40bcb1112f82","stage_name":"Dhiren Singh","category":"Stand-up Comedian","city":"Mumbai","rating_avg":0,"emoji":"🎤"}],"date":"2027-12-20"}}
    assert 400 == 200
     +  where 400 = &lt;Response [400]&gt;.status_code</error></testcase><testcase classname="backend.tests.backend_test.TestBookingFlow" name="test_artist_accept_creates_contract" time="0.000"><error message="failed on setup with &quot;AssertionError: booking create failed: 400 {&quot;detail&quot;:{&quot;message&quot;:&quot;Selected date is not available&quot;,&quot;alternatives&quot;:[{&quot;user_id&quot;:&quot;db944576-734d-48c9-a3b4-40bcb1112f82&quot;,&quot;stage_name&quot;:&quot;Dhiren Singh&quot;,&quot;category&quot;:&quot;Stand-up Comedian&quot;,&quot;city&quot;:&quot;Mumbai&quot;,&quot;rating_avg&quot;:0,&quot;emoji&quot;:&quot;🎤&quot;}],&quot;date&quot;:&quot;2027-12-20&quot;}}&#10;assert 400 == 200&#10; +  where 400 = &lt;Response [400]&gt;.status_code&quot;">E   AssertionError: booking create failed: 400 {"detail":{"message":"Selected date is not available","alternatives":[{"user_id":"db944576-734d-48c9-a3b4-40bcb1112f82","stage_name":"Dhiren Singh","category":"Stand-up Comedian","city":"Mumbai","rating_avg":0,"emoji":"🎤"}],"date":"2027-12-20"}}
    assert 400 == 200
     +  where 400 = &lt;Response [400]&gt;.status_code</error></testcase><testcase classname="backend.tests.backend_test.TestBookingFlow" name="test_artist_complete_then_customer_approve" time="0.000"><error message="failed on setup with &quot;AssertionError: booking create failed: 400 {&quot;detail&quot;:{&quot;message&quot;:&quot;Selected date is not available&quot;,&quot;alternatives&quot;:[{&quot;user_id&quot;:&quot;db944576-734d-48c9-a3b4-40bcb1112f82&quot;,&quot;stage_name&quot;:&quot;Dhiren Singh&quot;,&quot;category&quot;:&quot;Stand-up Comedian&quot;,&quot;city&quot;:&quot;Mumbai&quot;,&quot;rating_avg&quot;:0,&quot;emoji&quot;:&quot;🎤&quot;}],&quot;date&quot;:&quot;2027-12-20&quot;}}&#10;assert 400 == 200&#10; +  where 400 = &lt;Response [400]&gt;.status_code&quot;">E   AssertionError: booking create failed: 400 {"detail":{"message":"Selected date is not available","alternatives":[{"user_id":"db944576-734d-48c9-a3b4-40bcb1112f82","stage_name":"Dhiren Singh","category":"Stand-up Comedian","city":"Mumbai","rating_avg":0,"emoji":"🎤"}],"date":"2027-12-20"}}
    assert 400 == 200
     +  where 400 = &lt;Response [400]&gt;.status_code</error></testcase><testcase classname="backend.tests.backend_test.TestBookingFlow" name="test_unauth_action_forbidden" time="0.000"><error message="failed on setup with &quot;AssertionError: booking create failed: 400 {&quot;detail&quot;:{&quot;message&quot;:&quot;Selected date is not available&quot;,&quot;alternatives&quot;:[{&quot;user_id&quot;:&quot;db944576-734d-48c9-a3b4-40bcb1112f82&quot;,&quot;stage_name&quot;:&quot;Dhiren Singh&quot;,&quot;category&quot;:&quot;Stand-up Comedian&quot;,&quot;city&quot;:&quot;Mumbai&quot;,&quot;rating_avg&quot;:0,&quot;emoji&quot;:&quot;🎤&quot;}],&quot;date&quot;:&quot;2027-12-20&quot;}}&#10;assert 400 == 200&#10; +  where 400 = &lt;Response [400]&gt;.status_code&quot;">E   AssertionError: booking create failed: 400 {"detail":{"message":"Selected date is not available","alternatives":[{"user_id":"db944576-734d-48c9-a3b4-40bcb1112f82","stage_name":"Dhiren Singh","category":"Stand-up Comedian","city":"Mumbai","rating_avg":0,"emoji":"🎤"}],"date":"2027-12-20"}}
    assert 400 == 200
     +  where 400 = &lt;Response [400]&gt;.status_code</error></testcase><testcase classname="backend.tests.backend_test.TestReviews" name="test_create_and_list_review" time="0.000"><error message="failed on setup with &quot;AssertionError: booking create failed: 400 {&quot;detail&quot;:{&quot;message&quot;:&quot;Selected date is not available&quot;,&quot;alternatives&quot;:[{&quot;user_id&quot;:&quot;db944576-734d-48c9-a3b4-40bcb1112f82&quot;,&quot;stage_name&quot;:&quot;Dhiren Singh&quot;,&quot;category&quot;:&quot;Stand-up Comedian&quot;,&quot;city&quot;:&quot;Mumbai&quot;,&quot;rating_avg&quot;:0,&quot;emoji&quot;:&quot;🎤&quot;}],&quot;date&quot;:&quot;2027-12-20&quot;}}&#10;assert 400 == 200&#10; +  where 400 = &lt;Response [400]&gt;.status_code&quot;">E   AssertionError: booking create failed: 400 {"detail":{"message":"Selected date is not available","alternatives":[{"user_id":"db944576-734d-48c9-a3b4-40bcb1112f82","stage_name":"Dhiren Singh","category":"Stand-up Comedian","city":"Mumbai","rating_avg":0,"emoji":"🎤"}],"date":"2027-12-20"}}
    assert 400 == 200
     +  where 400 = &lt;Response [400]&gt;.status_code</error></testcase><testcase classname="backend.tests.backend_test.TestWallet" name="test_wallet_balance_and_tx" time="0.005" /><testcase classname="backend.tests.backend_test.TestWallet" name="test_withdraw" time="0.007" /><testcase classname="backend.tests.backend_test.TestMedia" name="test_upload_get_delete" time="0.027" /><testcase classname="backend.tests.backend_test.TestAvailability" name="test_block_and_booking_rejected" time="0.015" /><testcase classname="backend.tests.backend_test.TestAdmin" name="test_stats_admin_only" time="0.243" /><testcase classname="backend.tests.backend_test.TestAdmin" name="test_admin_lists" time="0.019" /><testcase classname="backend.tests.backend_test.TestAdmin" name="test_create_coupon" time="0.005" /><testcase classname="backend.tests.backend_test.TestKYC" name="test_submit" time="0.007" /><testcase classname="backend.tests.backend_test.TestPaymentsConfig" name="test_payment_config_public" time="0.001" /><testcase classname="backend.tests.backend_test.TestPaymentInitGateway" name="test_init_returns_razorpay_mock" time="0.018" /><testcase classname="backend.tests.backend_test.TestContractsAndInvoicePDF" name="test_contract_list_and_pdf" time="0.000"><error message="failed on setup with &quot;AssertionError: booking create failed: 400 {&quot;detail&quot;:{&quot;message&quot;:&quot;Selected date is not available&quot;,&quot;alternatives&quot;:[{&quot;user_id&quot;:&quot;db944576-734d-48c9-a3b4-40bcb1112f82&quot;,&quot;stage_name&quot;:&quot;Dhiren Singh&quot;,&quot;category&quot;:&quot;Stand-up Comedian&quot;,&quot;city&quot;:&quot;Mumbai&quot;,&quot;rating_avg&quot;:0,&quot;emoji&quot;:&quot;🎤&quot;}],&quot;date&quot;:&quot;2027-12-20&quot;}}&#10;assert 400 == 200&#10; +  where 400 = &lt;Response [400]&gt;.status_code&quot;">E   AssertionError: booking create failed: 400 {"detail":{"message":"Selected date is not available","alternatives":[{"user_id":"db944576-734d-48c9-a3b4-40bcb1112f82","stage_name":"Dhiren Singh","category":"Stand-up Comedian","city":"Mumbai","rating_avg":0,"emoji":"🎤"}],"date":"2027-12-20"}}
    assert 400 == 200
     +  where 400 = &lt;Response [400]&gt;.status_code</error></testcase><testcase classname="backend.tests.backend_test.TestContractsAndInvoicePDF" name="test_contract_pdf_forbidden_for_stranger" time="0.000"><error message="failed on setup with &quot;AssertionError: booking create failed: 400 {&quot;detail&quot;:{&quot;message&quot;:&quot;Selected date is not available&quot;,&quot;alternatives&quot;:[{&quot;user_id&quot;:&quot;db944576-734d-48c9-a3b4-40bcb1112f82&quot;,&quot;stage_name&quot;:&quot;Dhiren Singh&quot;,&quot;category&quot;:&quot;Stand-up Comedian&quot;,&quot;city&quot;:&quot;Mumbai&quot;,&quot;rating_avg&quot;:0,&quot;emoji&quot;:&quot;🎤&quot;}],&quot;date&quot;:&quot;2027-12-20&quot;}}&#10;assert 400 == 200&#10; +  where 400 = &lt;Response [400]&gt;.status_code&quot;">E   AssertionError: booking create failed: 400 {"detail":{"message":"Selected date is not available","alternatives":[{"user_id":"db944576-734d-48c9-a3b4-40bcb1112f82","stage_name":"Dhiren Singh","category":"Stand-up Comedian","city":"Mumbai","rating_avg":0,"emoji":"🎤"}],"date":"2027-12-20"}}
    assert 400 == 200
     +  where 400 = &lt;Response [400]&gt;.status_code</error></testcase><testcase classname="backend.tests.backend_test.TestContractsAndInvoicePDF" name="test_invoice_pdf" time="0.000"><error message="failed on setup with &quot;AssertionError: booking create failed: 400 {&quot;detail&quot;:{&quot;message&quot;:&quot;Selected date is not available&quot;,&quot;alternatives&quot;:[{&quot;user_id&quot;:&quot;db944576-734d-48c9-a3b4-40bcb1112f82&quot;,&quot;stage_name&quot;:&quot;Dhiren Singh&quot;,&quot;category&quot;:&quot;Stand-up Comedian&quot;,&quot;city&quot;:&quot;Mumbai&quot;,&quot;rating_avg&quot;:0,&quot;emoji&quot;:&quot;🎤&quot;}],&quot;date&quot;:&quot;2027-12-20&quot;}}&#10;assert 400 == 200&#10; +  where 400 = &lt;Response [400]&gt;.status_code&quot;">E   AssertionError: booking create failed: 400 {"detail":{"message":"Selected date is not available","alternatives":[{"user_id":"db944576-734d-48c9-a3b4-40bcb1112f82","stage_name":"Dhiren Singh","category":"Stand-up Comedian","city":"Mumbai","rating_avg":0,"emoji":"🎤"}],"date":"2027-12-20"}}
    assert 400 == 200
     +  where 400 = &lt;Response [400]&gt;.status_code</error></testcase><testcase classname="backend.tests.backend_test.TestContractsAndInvoicePDF" name="test_invoice_pdf_forbidden" time="0.000"><error message="failed on setup with &quot;AssertionError: booking create failed: 400 {&quot;detail&quot;:{&quot;message&quot;:&quot;Selected date is not available&quot;,&quot;alternatives&quot;:[{&quot;user_id&quot;:&quot;db944576-734d-48c9-a3b4-40bcb1112f82&quot;,&quot;stage_name&quot;:&quot;Dhiren Singh&quot;,&quot;category&quot;:&quot;Stand-up Comedian&quot;,&quot;city&quot;:&quot;Mumbai&quot;,&quot;rating_avg&quot;:0,&quot;emoji&quot;:&quot;🎤&quot;}],&quot;date&quot;:&quot;2027-12-20&quot;}}&#10;assert 400 == 200&#10; +  where 400 = &lt;Response [400]&gt;.status_code&quot;">E   AssertionError: booking create failed: 400 {"detail":{"message":"Selected date is not available","alternatives":[{"user_id":"db944576-734d-48c9-a3b4-40bcb1112f82","stage_name":"Dhiren Singh","category":"Stand-up Comedian","city":"Mumbai","rating_avg":0,"emoji":"🎤"}],"date":"2027-12-20"}}
    assert 400 == 200
     +  where 400 = &lt;Response [400]&gt;.status_code</error></testcase><testcase classname="backend.tests.backend_test.TestRefund" name="test_refund_admin_only" time="0.027" /><testcase classname="backend.tests.backend_test.TestWebhook" name="test_webhook_disabled_when_no_keys" time="0.001" /><testcase classname="backend.tests.test_iter4.TestOnboarding" name="test_onboarding_required_for_fresh_artist" time="0.246" /><testcase classname="backend.tests.test_iter4.TestOnboarding" name="test_onboarding_not_required_for_customer" time="0.237" /><testcase classname="backend.tests.test_iter4.TestOnboarding" name="test_onboarding_complete_flips_completed" time="0.007" /><testcase classname="backend.tests.test_iter4.TestOnboarding" name="test_onboarding_complete_forbidden_for_customer" time="0.002" /><testcase classname="backend.tests.test_iter4.TestProfileFields" name="test_new_profile_fields_persist" time="0.239" /><testcase classname="backend.tests.test_iter4.TestProfileFields" name="test_new_profile_fields_persist_on_fresh_artist" time="0.007" /><testcase classname="backend.tests.test_iter4.TestMediaUpload" name="test_new_media_types_accepted[audio]" time="0.004" /><testcase classname="backend.tests.test_iter4.TestMediaUpload" name="test_new_media_types_accepted[document]" time="0.004" /><testcase classname="backend.tests.test_iter4.TestMediaUpload" name="test_new_media_types_accepted[press_kit]" time="0.004" /><testcase classname="backend.tests.test_iter4.TestMediaUpload" name="test_new_media_types_accepted[brand_deck]" time="0.004" /><testcase classname="backend.tests.test_iter4.TestMediaUpload" name="test_new_media_types_accepted[clip]" time="0.004" /><testcase classname="backend.tests.test_iter4.TestMediaUpload" name="test_5mb_file_succeeds" time="0.087" /><testcase classname="backend.tests.test_iter4.TestMediaUpload" name="test_15mb_file_rejected_with_413" time="0.204" /><testcase classname="backend.tests.test_iter4.TestAcceptSideEffects" name="test_status_confirmed" time="0.032" /><testcase classname="backend.tests.test_iter4.TestAcceptSideEffects" name="test_contract_created" time="0.003" /><testcase classname="backend.tests.test_iter4.TestAcceptSideEffects" name="test_event_date_auto_blocked" time="0.003" /><testcase classname="backend.tests.test_iter4.TestBookingAlternatives" name="test_unavailable_date_returns_400_and_alternatives" time="0.006" /><testcase classname="backend.tests.test_iter4.TestCounterFlow" name="test_artist_counter_action_updates_pricing" time="0.019" /><testcase classname="backend.tests.test_iter4.TestCounterFlow" name="test_customer_accepts_counter" time="0.010" /><testcase classname="backend.tests.test_iter4.TestCounterFlow" name="test_customer_rejects_counter_reverts_price" time="0.015" /><testcase classname="backend.tests.test_iter4.TestSignedContractUpload" name="test_upload_signed_by_both_flips_status" time="0.016" /></testsuite></testsuites>