<?xml version="1.0" encoding="utf-8"?><testsuites name="pytest tests"><testsuite name="pytest" errors="0" failures="0" skipped="2" tests="12" time="3.450" timestamp="2026-09-15T17:16:46.232510+00:00" hostname="agent-env-fde111ca-c1ab-418e-9b25-fd4bafb6c4d9"><testcase classname="backend.tests.test_req_batch.TestFinanceQuote" name="test_quote_normal_artist" time="0.717" /><testcase classname="backend.tests.test_req_batch.TestFinanceQuote" name="test_quote_service_artist" time="0.657"><skipped type="pytest.skip" message="No service artist found in DB">/app/backend/tests/test_req_batch.py:78: No service artist found in DB</skipped></testcase><testcase classname="backend.tests.test_req_batch.TestAdminStats" name="test_stats_has_new_kpis" time="0.107" /><testcase classname="backend.tests.test_req_batch.TestManagerFlow" name="test_add_customer_creates" time="0.505" /><testcase classname="backend.tests.test_req_batch.TestManagerFlow" name="test_add_customer_idempotent" time="0.151" /><testcase classname="backend.tests.test_req_batch.TestManagerFlow" name="test_list_customers" time="0.085" /><testcase classname="backend.tests.test_req_batch.TestManagerFlow" name="test_booking_on_behalf" time="0.091" /><testcase classname="backend.tests.test_req_batch.TestTechRider" name="test_upload_and_meta" time="0.156" /><testcase classname="backend.tests.test_req_batch.TestTechRider" name="test_download" time="0.084" /><testcase classname="backend.tests.test_req_batch.TestTechRider" name="test_delete" time="0.074" /><testcase classname="backend.tests.test_req_batch.TestAdvanceBroadcast" name="test_broadcast" time="0.086" /><testcase classname="backend.tests.test_req_batch.TestKycAcceptTerms" name="test_accept_terms" time="0.661"><skipped type="pytest.skip" message="priya kyc_status=agreement_generated; cannot test accept-terms without approvable artist login">/app/backend/tests/test_req_batch.py:232: priya kyc_status=agreement_generated; cannot test accept-terms without approvable artist login</skipped></testcase></testsuite></testsuites>